2020-04-27 01:17:26 [-][-][-][error][yii\console\Exception] yii\console\Exception: Vereiste argumente ontbreek: filePath in C:\Users\rossa\OneDrive\Documents\GitHub\yii2-house2house\vendor\yiisoft\yii2\console\Controller.php:202
Stack trace:
#0 C:\Users\rossa\OneDrive\Documents\GitHub\yii2-house2house\vendor\yiisoft\yii2\base\InlineAction.php(51): yii\console\Controller->bindActionParams(Object(yii\base\InlineAction), Array)
#1 C:\Users\rossa\OneDrive\Documents\GitHub\yii2-house2house\vendor\yiisoft\yii2\base\Controller.php(157): yii\base\InlineAction->runWithParams(Array)
#2 C:\Users\rossa\OneDrive\Documents\GitHub\yii2-house2house\vendor\yiisoft\yii2\console\Controller.php(164): yii\base\Controller->runAction('config', Array)
#3 C:\Users\rossa\OneDrive\Documents\GitHub\yii2-house2house\vendor\yiisoft\yii2\base\Module.php(528): yii\console\Controller->runAction('config', Array)
#4 C:\Users\rossa\OneDrive\Documents\GitHub\yii2-house2house\vendor\yiisoft\yii2\console\Application.php(180): yii\base\Module->runAction('message/config', Array)
#5 C:\Users\rossa\OneDrive\Documents\GitHub\yii2-house2house\vendor\yiisoft\yii2\console\Application.php(147): yii\console\Application->runAction('message/config', Array)
#6 C:\Users\rossa\OneDrive\Documents\GitHub\yii2-house2house\vendor\yiisoft\yii2\base\Application.php(386): yii\console\Application->handleRequest(Object(yii\console\Request))
#7 C:\Users\rossa\OneDrive\Documents\GitHub\yii2-house2house\yii(23): yii\base\Application->run()
#8 {main}
2020-04-27 01:17:26 [-][-][-][info][application] $_GET = []

$_POST = []

$_FILES = []

$_COOKIE = []

$_SERVER = [
    'ALLUSERSPROFILE' => 'C:\\ProgramData'
    'APPDATA' => 'C:\\Users\\rossa\\AppData\\Roaming'
    'CommonProgramFiles' => 'C:\\Program Files\\Common Files'
    'CommonProgramFiles(x86)' => 'C:\\Program Files (x86)\\Common Files'
    'CommonProgramW6432' => 'C:\\Program Files\\Common Files'
    'COMPUTERNAME' => 'DESKTOP-0A1VHFM'
    'ComSpec' => 'C:\\WINDOWS\\system32\\cmd.exe'
    'DriverData' => 'C:\\Windows\\System32\\Drivers\\DriverData'
    'FPS_BROWSER_APP_PROFILE_STRING' => 'Internet Explorer'
    'FPS_BROWSER_USER_PROFILE_STRING' => 'Default'
    'HOMEDRIVE' => 'C:'
    'HOMEPATH' => '\\Users\\rossa'
    'LOCALAPPDATA' => 'C:\\Users\\rossa\\AppData\\Local'
    'LOGONSERVER' => '\\\\DESKTOP-0A1VHFM'
    'NUMBER_OF_PROCESSORS' => '2'
    'OneDrive' => 'C:\\Users\\rossa\\OneDrive'
    'OneDriveConsumer' => 'C:\\Users\\rossa\\OneDrive'
    'OS' => 'Windows_NT'
    'Path' => 'C:\\WINDOWS\\system32;C:\\WINDOWS;C:\\WINDOWS\\System32\\Wbem;C:\\WINDOWS\\System32\\WindowsPowerShell\\v1.0\\;C:\\WINDOWS\\System32\\OpenSSH\\;C:\\Program Files\\Git\\cmd;C:\\Users\\rossa\\AppData\\Local\\Microsoft\\WindowsApps;C:\\Users\\rossa\\AppData\\Local\\ComposerSetup\\bin;C:\\Users\\rossa\\AppData\\Roaming\\Composer\\vendor\\bin;C:\\wamp64\\bin\\php\\php7.4.4;C:\\wamp64\\bin\\mysql\\mysql5.7.29\\bin;C:\\Users\\rossa\\AppData\\Local\\GitHubDesktop\\bin'
    'PATHEXT' => '.COM;.EXE;.BAT;.CMD;.VBS;.VBE;.JS;.JSE;.WSF;.WSH;.MSC'
    'PHP_COMMAND' => 'php.exe'
    'PROCESSOR_ARCHITECTURE' => 'AMD64'
    'PROCESSOR_IDENTIFIER' => 'Intel64 Family 6 Model 23 Stepping 10, GenuineIntel'
    'PROCESSOR_LEVEL' => '6'
    'PROCESSOR_REVISION' => '170a'
    'ProgramData' => 'C:\\ProgramData'
    'ProgramFiles' => 'C:\\Program Files'
    'ProgramFiles(x86)' => 'C:\\Program Files (x86)'
    'ProgramW6432' => 'C:\\Program Files'
    'PROMPT' => '$P$G'
    'PSModulePath' => 'C:\\Program Files\\WindowsPowerShell\\Modules;C:\\WINDOWS\\system32\\WindowsPowerShell\\v1.0\\Modules'
    'PUBLIC' => 'C:\\Users\\Public'
    'SESSIONNAME' => 'Console'
    'SystemDrive' => 'C:'
    'SystemRoot' => 'C:\\WINDOWS'
    'TEMP' => 'C:\\Users\\rossa\\AppData\\Local\\Temp'
    'TMP' => 'C:\\Users\\rossa\\AppData\\Local\\Temp'
    'USERDOMAIN' => 'DESKTOP-0A1VHFM'
    'USERDOMAIN_ROAMINGPROFILE' => 'DESKTOP-0A1VHFM'
    'USERNAME' => 'rossa'
    'USERPROFILE' => 'C:\\Users\\rossa'
    'windir' => 'C:\\WINDOWS'
    'YII_PATH' => 'C:\\Users\\rossa\\OneDrive\\Documents\\GitHub\\yii2-house2house\\'
    'PHP_SELF' => 'C:\\Users\\rossa\\OneDrive\\Documents\\GitHub\\yii2-house2house\\yii'
    'SCRIPT_NAME' => 'C:\\Users\\rossa\\OneDrive\\Documents\\GitHub\\yii2-house2house\\yii'
    'SCRIPT_FILENAME' => 'C:\\Users\\rossa\\OneDrive\\Documents\\GitHub\\yii2-house2house\\yii'
    'PATH_TRANSLATED' => 'C:\\Users\\rossa\\OneDrive\\Documents\\GitHub\\yii2-house2house\\yii'
    'DOCUMENT_ROOT' => ''
    'REQUEST_TIME_FLOAT' => 1587950246.5621
    'REQUEST_TIME' => 1587950246
    'argv' => [
        0 => 'C:\\Users\\rossa\\OneDrive\\Documents\\GitHub\\yii2-house2house\\yii'
        1 => 'message/config'
    ]
    'argc' => 2
]
2020-04-27 01:18:16 [-][-][-][error][yii\console\Exception] yii\console\Exception: Languages cannot be empty. in C:\Users\rossa\OneDrive\Documents\GitHub\yii2-house2house\vendor\yiisoft\yii2\console\controllers\MessageController.php:956
Stack trace:
#0 C:\Users\rossa\OneDrive\Documents\GitHub\yii2-house2house\vendor\yiisoft\yii2\console\controllers\MessageController.php(298): yii\console\controllers\MessageController->initConfig(NULL)
#1 [internal function]: yii\console\controllers\MessageController->actionExtract(NULL)
#2 C:\Users\rossa\OneDrive\Documents\GitHub\yii2-house2house\vendor\yiisoft\yii2\base\InlineAction.php(57): call_user_func_array(Array, Array)
#3 C:\Users\rossa\OneDrive\Documents\GitHub\yii2-house2house\vendor\yiisoft\yii2\base\Controller.php(157): yii\base\InlineAction->runWithParams(Array)
#4 C:\Users\rossa\OneDrive\Documents\GitHub\yii2-house2house\vendor\yiisoft\yii2\console\Controller.php(164): yii\base\Controller->runAction('extract', Array)
#5 C:\Users\rossa\OneDrive\Documents\GitHub\yii2-house2house\vendor\yiisoft\yii2\base\Module.php(528): yii\console\Controller->runAction('extract', Array)
#6 C:\Users\rossa\OneDrive\Documents\GitHub\yii2-house2house\vendor\yiisoft\yii2\console\Application.php(180): yii\base\Module->runAction('message/extract', Array)
#7 C:\Users\rossa\OneDrive\Documents\GitHub\yii2-house2house\vendor\yiisoft\yii2\console\Application.php(147): yii\console\Application->runAction('message/extract', Array)
#8 C:\Users\rossa\OneDrive\Documents\GitHub\yii2-house2house\vendor\yiisoft\yii2\base\Application.php(386): yii\console\Application->handleRequest(Object(yii\console\Request))
#9 C:\Users\rossa\OneDrive\Documents\GitHub\yii2-house2house\yii(23): yii\base\Application->run()
#10 {main}
2020-04-27 01:18:16 [-][-][-][info][application] $_GET = []

$_POST = []

$_FILES = []

$_COOKIE = []

$_SERVER = [
    'ALLUSERSPROFILE' => 'C:\\ProgramData'
    'APPDATA' => 'C:\\Users\\rossa\\AppData\\Roaming'
    'CommonProgramFiles' => 'C:\\Program Files\\Common Files'
    'CommonProgramFiles(x86)' => 'C:\\Program Files (x86)\\Common Files'
    'CommonProgramW6432' => 'C:\\Program Files\\Common Files'
    'COMPUTERNAME' => 'DESKTOP-0A1VHFM'
    'ComSpec' => 'C:\\WINDOWS\\system32\\cmd.exe'
    'DriverData' => 'C:\\Windows\\System32\\Drivers\\DriverData'
    'FPS_BROWSER_APP_PROFILE_STRING' => 'Internet Explorer'
    'FPS_BROWSER_USER_PROFILE_STRING' => 'Default'
    'HOMEDRIVE' => 'C:'
    'HOMEPATH' => '\\Users\\rossa'
    'LOCALAPPDATA' => 'C:\\Users\\rossa\\AppData\\Local'
    'LOGONSERVER' => '\\\\DESKTOP-0A1VHFM'
    'NUMBER_OF_PROCESSORS' => '2'
    'OneDrive' => 'C:\\Users\\rossa\\OneDrive'
    'OneDriveConsumer' => 'C:\\Users\\rossa\\OneDrive'
    'OS' => 'Windows_NT'
    'Path' => 'C:\\WINDOWS\\system32;C:\\WINDOWS;C:\\WINDOWS\\System32\\Wbem;C:\\WINDOWS\\System32\\WindowsPowerShell\\v1.0\\;C:\\WINDOWS\\System32\\OpenSSH\\;C:\\Program Files\\Git\\cmd;C:\\Users\\rossa\\AppData\\Local\\Microsoft\\WindowsApps;C:\\Users\\rossa\\AppData\\Local\\ComposerSetup\\bin;C:\\Users\\rossa\\AppData\\Roaming\\Composer\\vendor\\bin;C:\\wamp64\\bin\\php\\php7.4.4;C:\\wamp64\\bin\\mysql\\mysql5.7.29\\bin;C:\\Users\\rossa\\AppData\\Local\\GitHubDesktop\\bin'
    'PATHEXT' => '.COM;.EXE;.BAT;.CMD;.VBS;.VBE;.JS;.JSE;.WSF;.WSH;.MSC'
    'PHP_COMMAND' => 'php.exe'
    'PROCESSOR_ARCHITECTURE' => 'AMD64'
    'PROCESSOR_IDENTIFIER' => 'Intel64 Family 6 Model 23 Stepping 10, GenuineIntel'
    'PROCESSOR_LEVEL' => '6'
    'PROCESSOR_REVISION' => '170a'
    'ProgramData' => 'C:\\ProgramData'
    'ProgramFiles' => 'C:\\Program Files'
    'ProgramFiles(x86)' => 'C:\\Program Files (x86)'
    'ProgramW6432' => 'C:\\Program Files'
    'PROMPT' => '$P$G'
    'PSModulePath' => 'C:\\Program Files\\WindowsPowerShell\\Modules;C:\\WINDOWS\\system32\\WindowsPowerShell\\v1.0\\Modules'
    'PUBLIC' => 'C:\\Users\\Public'
    'SESSIONNAME' => 'Console'
    'SystemDrive' => 'C:'
    'SystemRoot' => 'C:\\WINDOWS'
    'TEMP' => 'C:\\Users\\rossa\\AppData\\Local\\Temp'
    'TMP' => 'C:\\Users\\rossa\\AppData\\Local\\Temp'
    'USERDOMAIN' => 'DESKTOP-0A1VHFM'
    'USERDOMAIN_ROAMINGPROFILE' => 'DESKTOP-0A1VHFM'
    'USERNAME' => 'rossa'
    'USERPROFILE' => 'C:\\Users\\rossa'
    'windir' => 'C:\\WINDOWS'
    'YII_PATH' => 'C:\\Users\\rossa\\OneDrive\\Documents\\GitHub\\yii2-house2house\\'
    'PHP_SELF' => 'C:\\Users\\rossa\\OneDrive\\Documents\\GitHub\\yii2-house2house\\yii'
    'SCRIPT_NAME' => 'C:\\Users\\rossa\\OneDrive\\Documents\\GitHub\\yii2-house2house\\yii'
    'SCRIPT_FILENAME' => 'C:\\Users\\rossa\\OneDrive\\Documents\\GitHub\\yii2-house2house\\yii'
    'PATH_TRANSLATED' => 'C:\\Users\\rossa\\OneDrive\\Documents\\GitHub\\yii2-house2house\\yii'
    'DOCUMENT_ROOT' => ''
    'REQUEST_TIME_FLOAT' => 1587950296.578
    'REQUEST_TIME' => 1587950296
    'argv' => [
        0 => 'C:\\Users\\rossa\\OneDrive\\Documents\\GitHub\\yii2-house2house\\yii'
        1 => 'message/extract'
    ]
    'argc' => 2
]
2020-04-27 01:24:22 [-][-][-][error][yii\console\Exception] yii\console\Exception: Languages cannot be empty. in C:\Users\rossa\OneDrive\Documents\GitHub\yii2-house2house\vendor\yiisoft\yii2\console\controllers\MessageController.php:956
Stack trace:
#0 C:\Users\rossa\OneDrive\Documents\GitHub\yii2-house2house\vendor\yiisoft\yii2\console\controllers\MessageController.php(298): yii\console\controllers\MessageController->initConfig(NULL)
#1 [internal function]: yii\console\controllers\MessageController->actionExtract(NULL)
#2 C:\Users\rossa\OneDrive\Documents\GitHub\yii2-house2house\vendor\yiisoft\yii2\base\InlineAction.php(57): call_user_func_array(Array, Array)
#3 C:\Users\rossa\OneDrive\Documents\GitHub\yii2-house2house\vendor\yiisoft\yii2\base\Controller.php(157): yii\base\InlineAction->runWithParams(Array)
#4 C:\Users\rossa\OneDrive\Documents\GitHub\yii2-house2house\vendor\yiisoft\yii2\console\Controller.php(164): yii\base\Controller->runAction('extract', Array)
#5 C:\Users\rossa\OneDrive\Documents\GitHub\yii2-house2house\vendor\yiisoft\yii2\base\Module.php(528): yii\console\Controller->runAction('extract', Array)
#6 C:\Users\rossa\OneDrive\Documents\GitHub\yii2-house2house\vendor\yiisoft\yii2\console\Application.php(180): yii\base\Module->runAction('message/extract', Array)
#7 C:\Users\rossa\OneDrive\Documents\GitHub\yii2-house2house\vendor\yiisoft\yii2\console\Application.php(147): yii\console\Application->runAction('message/extract', Array)
#8 C:\Users\rossa\OneDrive\Documents\GitHub\yii2-house2house\vendor\yiisoft\yii2\base\Application.php(386): yii\console\Application->handleRequest(Object(yii\console\Request))
#9 C:\Users\rossa\OneDrive\Documents\GitHub\yii2-house2house\yii(23): yii\base\Application->run()
#10 {main}
2020-04-27 01:24:22 [-][-][-][info][application] $_GET = []

$_POST = []

$_FILES = []

$_COOKIE = []

$_SERVER = [
    'ALLUSERSPROFILE' => 'C:\\ProgramData'
    'APPDATA' => 'C:\\Users\\rossa\\AppData\\Roaming'
    'CommonProgramFiles' => 'C:\\Program Files\\Common Files'
    'CommonProgramFiles(x86)' => 'C:\\Program Files (x86)\\Common Files'
    'CommonProgramW6432' => 'C:\\Program Files\\Common Files'
    'COMPUTERNAME' => 'DESKTOP-0A1VHFM'
    'ComSpec' => 'C:\\WINDOWS\\system32\\cmd.exe'
    'DriverData' => 'C:\\Windows\\System32\\Drivers\\DriverData'
    'FPS_BROWSER_APP_PROFILE_STRING' => 'Internet Explorer'
    'FPS_BROWSER_USER_PROFILE_STRING' => 'Default'
    'HOMEDRIVE' => 'C:'
    'HOMEPATH' => '\\Users\\rossa'
    'LOCALAPPDATA' => 'C:\\Users\\rossa\\AppData\\Local'
    'LOGONSERVER' => '\\\\DESKTOP-0A1VHFM'
    'NUMBER_OF_PROCESSORS' => '2'
    'OneDrive' => 'C:\\Users\\rossa\\OneDrive'
    'OneDriveConsumer' => 'C:\\Users\\rossa\\OneDrive'
    'OS' => 'Windows_NT'
    'Path' => 'C:\\WINDOWS\\system32;C:\\WINDOWS;C:\\WINDOWS\\System32\\Wbem;C:\\WINDOWS\\System32\\WindowsPowerShell\\v1.0\\;C:\\WINDOWS\\System32\\OpenSSH\\;C:\\Program Files\\Git\\cmd;C:\\Users\\rossa\\AppData\\Local\\Microsoft\\WindowsApps;C:\\Users\\rossa\\AppData\\Local\\ComposerSetup\\bin;C:\\Users\\rossa\\AppData\\Roaming\\Composer\\vendor\\bin;C:\\wamp64\\bin\\php\\php7.4.4;C:\\wamp64\\bin\\mysql\\mysql5.7.29\\bin;C:\\Users\\rossa\\AppData\\Local\\GitHubDesktop\\bin'
    'PATHEXT' => '.COM;.EXE;.BAT;.CMD;.VBS;.VBE;.JS;.JSE;.WSF;.WSH;.MSC'
    'PHP_COMMAND' => 'php.exe'
    'PROCESSOR_ARCHITECTURE' => 'AMD64'
    'PROCESSOR_IDENTIFIER' => 'Intel64 Family 6 Model 23 Stepping 10, GenuineIntel'
    'PROCESSOR_LEVEL' => '6'
    'PROCESSOR_REVISION' => '170a'
    'ProgramData' => 'C:\\ProgramData'
    'ProgramFiles' => 'C:\\Program Files'
    'ProgramFiles(x86)' => 'C:\\Program Files (x86)'
    'ProgramW6432' => 'C:\\Program Files'
    'PROMPT' => '$P$G'
    'PSModulePath' => 'C:\\Program Files\\WindowsPowerShell\\Modules;C:\\WINDOWS\\system32\\WindowsPowerShell\\v1.0\\Modules'
    'PUBLIC' => 'C:\\Users\\Public'
    'SESSIONNAME' => 'Console'
    'SystemDrive' => 'C:'
    'SystemRoot' => 'C:\\WINDOWS'
    'TEMP' => 'C:\\Users\\rossa\\AppData\\Local\\Temp'
    'TMP' => 'C:\\Users\\rossa\\AppData\\Local\\Temp'
    'USERDOMAIN' => 'DESKTOP-0A1VHFM'
    'USERDOMAIN_ROAMINGPROFILE' => 'DESKTOP-0A1VHFM'
    'USERNAME' => 'rossa'
    'USERPROFILE' => 'C:\\Users\\rossa'
    'windir' => 'C:\\WINDOWS'
    'YII_PATH' => 'C:\\Users\\rossa\\OneDrive\\Documents\\GitHub\\yii2-house2house\\'
    'PHP_SELF' => 'C:\\Users\\rossa\\OneDrive\\Documents\\GitHub\\yii2-house2house\\yii'
    'SCRIPT_NAME' => 'C:\\Users\\rossa\\OneDrive\\Documents\\GitHub\\yii2-house2house\\yii'
    'SCRIPT_FILENAME' => 'C:\\Users\\rossa\\OneDrive\\Documents\\GitHub\\yii2-house2house\\yii'
    'PATH_TRANSLATED' => 'C:\\Users\\rossa\\OneDrive\\Documents\\GitHub\\yii2-house2house\\yii'
    'DOCUMENT_ROOT' => ''
    'REQUEST_TIME_FLOAT' => 1587950662.5427
    'REQUEST_TIME' => 1587950662
    'argv' => [
        0 => 'C:\\Users\\rossa\\OneDrive\\Documents\\GitHub\\yii2-house2house\\yii'
        1 => 'message/extract'
    ]
    'argc' => 2
]
2020-04-27 01:24:36 [-][-][-][error][yii\console\Exception] yii\console\Exception: Vereiste argumente ontbreek: filePath in C:\Users\rossa\OneDrive\Documents\GitHub\yii2-house2house\vendor\yiisoft\yii2\console\Controller.php:202
Stack trace:
#0 C:\Users\rossa\OneDrive\Documents\GitHub\yii2-house2house\vendor\yiisoft\yii2\base\InlineAction.php(51): yii\console\Controller->bindActionParams(Object(yii\base\InlineAction), Array)
#1 C:\Users\rossa\OneDrive\Documents\GitHub\yii2-house2house\vendor\yiisoft\yii2\base\Controller.php(157): yii\base\InlineAction->runWithParams(Array)
#2 C:\Users\rossa\OneDrive\Documents\GitHub\yii2-house2house\vendor\yiisoft\yii2\console\Controller.php(164): yii\base\Controller->runAction('config', Array)
#3 C:\Users\rossa\OneDrive\Documents\GitHub\yii2-house2house\vendor\yiisoft\yii2\base\Module.php(528): yii\console\Controller->runAction('config', Array)
#4 C:\Users\rossa\OneDrive\Documents\GitHub\yii2-house2house\vendor\yiisoft\yii2\console\Application.php(180): yii\base\Module->runAction('message/config', Array)
#5 C:\Users\rossa\OneDrive\Documents\GitHub\yii2-house2house\vendor\yiisoft\yii2\console\Application.php(147): yii\console\Application->runAction('message/config', Array)
#6 C:\Users\rossa\OneDrive\Documents\GitHub\yii2-house2house\vendor\yiisoft\yii2\base\Application.php(386): yii\console\Application->handleRequest(Object(yii\console\Request))
#7 C:\Users\rossa\OneDrive\Documents\GitHub\yii2-house2house\yii(23): yii\base\Application->run()
#8 {main}
2020-04-27 01:24:35 [-][-][-][info][application] $_GET = []

$_POST = []

$_FILES = []

$_COOKIE = []

$_SERVER = [
    'ALLUSERSPROFILE' => 'C:\\ProgramData'
    'APPDATA' => 'C:\\Users\\rossa\\AppData\\Roaming'
    'CommonProgramFiles' => 'C:\\Program Files\\Common Files'
    'CommonProgramFiles(x86)' => 'C:\\Program Files (x86)\\Common Files'
    'CommonProgramW6432' => 'C:\\Program Files\\Common Files'
    'COMPUTERNAME' => 'DESKTOP-0A1VHFM'
    'ComSpec' => 'C:\\WINDOWS\\system32\\cmd.exe'
    'DriverData' => 'C:\\Windows\\System32\\Drivers\\DriverData'
    'FPS_BROWSER_APP_PROFILE_STRING' => 'Internet Explorer'
    'FPS_BROWSER_USER_PROFILE_STRING' => 'Default'
    'HOMEDRIVE' => 'C:'
    'HOMEPATH' => '\\Users\\rossa'
    'LOCALAPPDATA' => 'C:\\Users\\rossa\\AppData\\Local'
    'LOGONSERVER' => '\\\\DESKTOP-0A1VHFM'
    'NUMBER_OF_PROCESSORS' => '2'
    'OneDrive' => 'C:\\Users\\rossa\\OneDrive'
    'OneDriveConsumer' => 'C:\\Users\\rossa\\OneDrive'
    'OS' => 'Windows_NT'
    'Path' => 'C:\\WINDOWS\\system32;C:\\WINDOWS;C:\\WINDOWS\\System32\\Wbem;C:\\WINDOWS\\System32\\WindowsPowerShell\\v1.0\\;C:\\WINDOWS\\System32\\OpenSSH\\;C:\\Program Files\\Git\\cmd;C:\\Users\\rossa\\AppData\\Local\\Microsoft\\WindowsApps;C:\\Users\\rossa\\AppData\\Local\\ComposerSetup\\bin;C:\\Users\\rossa\\AppData\\Roaming\\Composer\\vendor\\bin;C:\\wamp64\\bin\\php\\php7.4.4;C:\\wamp64\\bin\\mysql\\mysql5.7.29\\bin;C:\\Users\\rossa\\AppData\\Local\\GitHubDesktop\\bin'
    'PATHEXT' => '.COM;.EXE;.BAT;.CMD;.VBS;.VBE;.JS;.JSE;.WSF;.WSH;.MSC'
    'PHP_COMMAND' => 'php.exe'
    'PROCESSOR_ARCHITECTURE' => 'AMD64'
    'PROCESSOR_IDENTIFIER' => 'Intel64 Family 6 Model 23 Stepping 10, GenuineIntel'
    'PROCESSOR_LEVEL' => '6'
    'PROCESSOR_REVISION' => '170a'
    'ProgramData' => 'C:\\ProgramData'
    'ProgramFiles' => 'C:\\Program Files'
    'ProgramFiles(x86)' => 'C:\\Program Files (x86)'
    'ProgramW6432' => 'C:\\Program Files'
    'PROMPT' => '$P$G'
    'PSModulePath' => 'C:\\Program Files\\WindowsPowerShell\\Modules;C:\\WINDOWS\\system32\\WindowsPowerShell\\v1.0\\Modules'
    'PUBLIC' => 'C:\\Users\\Public'
    'SESSIONNAME' => 'Console'
    'SystemDrive' => 'C:'
    'SystemRoot' => 'C:\\WINDOWS'
    'TEMP' => 'C:\\Users\\rossa\\AppData\\Local\\Temp'
    'TMP' => 'C:\\Users\\rossa\\AppData\\Local\\Temp'
    'USERDOMAIN' => 'DESKTOP-0A1VHFM'
    'USERDOMAIN_ROAMINGPROFILE' => 'DESKTOP-0A1VHFM'
    'USERNAME' => 'rossa'
    'USERPROFILE' => 'C:\\Users\\rossa'
    'windir' => 'C:\\WINDOWS'
    'YII_PATH' => 'C:\\Users\\rossa\\OneDrive\\Documents\\GitHub\\yii2-house2house\\'
    'PHP_SELF' => 'C:\\Users\\rossa\\OneDrive\\Documents\\GitHub\\yii2-house2house\\yii'
    'SCRIPT_NAME' => 'C:\\Users\\rossa\\OneDrive\\Documents\\GitHub\\yii2-house2house\\yii'
    'SCRIPT_FILENAME' => 'C:\\Users\\rossa\\OneDrive\\Documents\\GitHub\\yii2-house2house\\yii'
    'PATH_TRANSLATED' => 'C:\\Users\\rossa\\OneDrive\\Documents\\GitHub\\yii2-house2house\\yii'
    'DOCUMENT_ROOT' => ''
    'REQUEST_TIME_FLOAT' => 1587950675.9351
    'REQUEST_TIME' => 1587950675
    'argv' => [
        0 => 'C:\\Users\\rossa\\OneDrive\\Documents\\GitHub\\yii2-house2house\\yii'
        1 => 'message/config'
    ]
    'argc' => 2
]
2020-04-27 01:46:45 [-][-][-][error][yii\console\Exception] yii\console\Exception: Languages cannot be empty. in C:\Users\rossa\OneDrive\Documents\GitHub\yii2-house2house\vendor\yiisoft\yii2\console\controllers\MessageController.php:956
Stack trace:
#0 C:\Users\rossa\OneDrive\Documents\GitHub\yii2-house2house\vendor\yiisoft\yii2\console\controllers\MessageController.php(298): yii\console\controllers\MessageController->initConfig(NULL)
#1 [internal function]: yii\console\controllers\MessageController->actionExtract(NULL)
#2 C:\Users\rossa\OneDrive\Documents\GitHub\yii2-house2house\vendor\yiisoft\yii2\base\InlineAction.php(57): call_user_func_array(Array, Array)
#3 C:\Users\rossa\OneDrive\Documents\GitHub\yii2-house2house\vendor\yiisoft\yii2\base\Controller.php(157): yii\base\InlineAction->runWithParams(Array)
#4 C:\Users\rossa\OneDrive\Documents\GitHub\yii2-house2house\vendor\yiisoft\yii2\console\Controller.php(164): yii\base\Controller->runAction('extract', Array)
#5 C:\Users\rossa\OneDrive\Documents\GitHub\yii2-house2house\vendor\yiisoft\yii2\base\Module.php(528): yii\console\Controller->runAction('extract', Array)
#6 C:\Users\rossa\OneDrive\Documents\GitHub\yii2-house2house\vendor\yiisoft\yii2\console\Application.php(180): yii\base\Module->runAction('message/extract', Array)
#7 C:\Users\rossa\OneDrive\Documents\GitHub\yii2-house2house\vendor\yiisoft\yii2\console\Application.php(147): yii\console\Application->runAction('message/extract', Array)
#8 C:\Users\rossa\OneDrive\Documents\GitHub\yii2-house2house\vendor\yiisoft\yii2\base\Application.php(386): yii\console\Application->handleRequest(Object(yii\console\Request))
#9 C:\Users\rossa\OneDrive\Documents\GitHub\yii2-house2house\yii(23): yii\base\Application->run()
#10 {main}
2020-04-27 01:46:44 [-][-][-][info][application] $_GET = []

$_POST = []

$_FILES = []

$_COOKIE = []

$_SERVER = [
    'ALLUSERSPROFILE' => 'C:\\ProgramData'
    'APPDATA' => 'C:\\Users\\rossa\\AppData\\Roaming'
    'CommonProgramFiles' => 'C:\\Program Files\\Common Files'
    'CommonProgramFiles(x86)' => 'C:\\Program Files (x86)\\Common Files'
    'CommonProgramW6432' => 'C:\\Program Files\\Common Files'
    'COMPUTERNAME' => 'DESKTOP-0A1VHFM'
    'ComSpec' => 'C:\\WINDOWS\\system32\\cmd.exe'
    'DriverData' => 'C:\\Windows\\System32\\Drivers\\DriverData'
    'FPS_BROWSER_APP_PROFILE_STRING' => 'Internet Explorer'
    'FPS_BROWSER_USER_PROFILE_STRING' => 'Default'
    'HOMEDRIVE' => 'C:'
    'HOMEPATH' => '\\Users\\rossa'
    'LOCALAPPDATA' => 'C:\\Users\\rossa\\AppData\\Local'
    'LOGONSERVER' => '\\\\DESKTOP-0A1VHFM'
    'NUMBER_OF_PROCESSORS' => '2'
    'OneDrive' => 'C:\\Users\\rossa\\OneDrive'
    'OneDriveConsumer' => 'C:\\Users\\rossa\\OneDrive'
    'OS' => 'Windows_NT'
    'Path' => 'C:\\WINDOWS\\system32;C:\\WINDOWS;C:\\WINDOWS\\System32\\Wbem;C:\\WINDOWS\\System32\\WindowsPowerShell\\v1.0\\;C:\\WINDOWS\\System32\\OpenSSH\\;C:\\Program Files\\Git\\cmd;C:\\Users\\rossa\\AppData\\Local\\Microsoft\\WindowsApps;C:\\Users\\rossa\\AppData\\Local\\ComposerSetup\\bin;C:\\Users\\rossa\\AppData\\Roaming\\Composer\\vendor\\bin;C:\\wamp64\\bin\\php\\php7.4.4;C:\\wamp64\\bin\\mysql\\mysql5.7.29\\bin;C:\\Users\\rossa\\AppData\\Local\\GitHubDesktop\\bin'
    'PATHEXT' => '.COM;.EXE;.BAT;.CMD;.VBS;.VBE;.JS;.JSE;.WSF;.WSH;.MSC'
    'PHP_COMMAND' => 'php.exe'
    'PROCESSOR_ARCHITECTURE' => 'AMD64'
    'PROCESSOR_IDENTIFIER' => 'Intel64 Family 6 Model 23 Stepping 10, GenuineIntel'
    'PROCESSOR_LEVEL' => '6'
    'PROCESSOR_REVISION' => '170a'
    'ProgramData' => 'C:\\ProgramData'
    'ProgramFiles' => 'C:\\Program Files'
    'ProgramFiles(x86)' => 'C:\\Program Files (x86)'
    'ProgramW6432' => 'C:\\Program Files'
    'PROMPT' => '$P$G'
    'PSModulePath' => 'C:\\Program Files\\WindowsPowerShell\\Modules;C:\\WINDOWS\\system32\\WindowsPowerShell\\v1.0\\Modules'
    'PUBLIC' => 'C:\\Users\\Public'
    'SESSIONNAME' => 'Console'
    'SystemDrive' => 'C:'
    'SystemRoot' => 'C:\\WINDOWS'
    'TEMP' => 'C:\\Users\\rossa\\AppData\\Local\\Temp'
    'TMP' => 'C:\\Users\\rossa\\AppData\\Local\\Temp'
    'USERDOMAIN' => 'DESKTOP-0A1VHFM'
    'USERDOMAIN_ROAMINGPROFILE' => 'DESKTOP-0A1VHFM'
    'USERNAME' => 'rossa'
    'USERPROFILE' => 'C:\\Users\\rossa'
    'windir' => 'C:\\WINDOWS'
    'YII_PATH' => 'C:\\Users\\rossa\\OneDrive\\Documents\\GitHub\\yii2-house2house\\'
    'PHP_SELF' => 'C:\\Users\\rossa\\OneDrive\\Documents\\GitHub\\yii2-house2house\\yii'
    'SCRIPT_NAME' => 'C:\\Users\\rossa\\OneDrive\\Documents\\GitHub\\yii2-house2house\\yii'
    'SCRIPT_FILENAME' => 'C:\\Users\\rossa\\OneDrive\\Documents\\GitHub\\yii2-house2house\\yii'
    'PATH_TRANSLATED' => 'C:\\Users\\rossa\\OneDrive\\Documents\\GitHub\\yii2-house2house\\yii'
    'DOCUMENT_ROOT' => ''
    'REQUEST_TIME_FLOAT' => 1587952004.6144
    'REQUEST_TIME' => 1587952004
    'argv' => [
        0 => 'C:\\Users\\rossa\\OneDrive\\Documents\\GitHub\\yii2-house2house\\yii'
        1 => 'message/extract'
    ]
    'argc' => 2
]
2020-04-27 02:19:18 [-][-][-][error][yii\console\Exception] yii\console\Exception: Languages cannot be empty. in C:\Users\rossa\OneDrive\Documents\GitHub\yii2-house2house\vendor\yiisoft\yii2\console\controllers\MessageController.php:956
Stack trace:
#0 C:\Users\rossa\OneDrive\Documents\GitHub\yii2-house2house\vendor\yiisoft\yii2\console\controllers\MessageController.php(298): yii\console\controllers\MessageController->initConfig(NULL)
#1 [internal function]: yii\console\controllers\MessageController->actionExtract(NULL)
#2 C:\Users\rossa\OneDrive\Documents\GitHub\yii2-house2house\vendor\yiisoft\yii2\base\InlineAction.php(57): call_user_func_array(Array, Array)
#3 C:\Users\rossa\OneDrive\Documents\GitHub\yii2-house2house\vendor\yiisoft\yii2\base\Controller.php(157): yii\base\InlineAction->runWithParams(Array)
#4 C:\Users\rossa\OneDrive\Documents\GitHub\yii2-house2house\vendor\yiisoft\yii2\console\Controller.php(164): yii\base\Controller->runAction('extract', Array)
#5 C:\Users\rossa\OneDrive\Documents\GitHub\yii2-house2house\vendor\yiisoft\yii2\base\Module.php(528): yii\console\Controller->runAction('extract', Array)
#6 C:\Users\rossa\OneDrive\Documents\GitHub\yii2-house2house\vendor\yiisoft\yii2\console\Application.php(180): yii\base\Module->runAction('message/extract', Array)
#7 C:\Users\rossa\OneDrive\Documents\GitHub\yii2-house2house\vendor\yiisoft\yii2\console\Application.php(147): yii\console\Application->runAction('message/extract', Array)
#8 C:\Users\rossa\OneDrive\Documents\GitHub\yii2-house2house\vendor\yiisoft\yii2\base\Application.php(386): yii\console\Application->handleRequest(Object(yii\console\Request))
#9 C:\Users\rossa\OneDrive\Documents\GitHub\yii2-house2house\yii(23): yii\base\Application->run()
#10 {main}
2020-04-27 02:19:17 [-][-][-][info][application] $_GET = []

$_POST = []

$_FILES = []

$_COOKIE = []

$_SERVER = [
    'ALLUSERSPROFILE' => 'C:\\ProgramData'
    'APPDATA' => 'C:\\Users\\rossa\\AppData\\Roaming'
    'CommonProgramFiles' => 'C:\\Program Files\\Common Files'
    'CommonProgramFiles(x86)' => 'C:\\Program Files (x86)\\Common Files'
    'CommonProgramW6432' => 'C:\\Program Files\\Common Files'
    'COMPUTERNAME' => 'DESKTOP-0A1VHFM'
    'ComSpec' => 'C:\\WINDOWS\\system32\\cmd.exe'
    'DriverData' => 'C:\\Windows\\System32\\Drivers\\DriverData'
    'FPS_BROWSER_APP_PROFILE_STRING' => 'Internet Explorer'
    'FPS_BROWSER_USER_PROFILE_STRING' => 'Default'
    'HOMEDRIVE' => 'C:'
    'HOMEPATH' => '\\Users\\rossa'
    'LOCALAPPDATA' => 'C:\\Users\\rossa\\AppData\\Local'
    'LOGONSERVER' => '\\\\DESKTOP-0A1VHFM'
    'NUMBER_OF_PROCESSORS' => '2'
    'OneDrive' => 'C:\\Users\\rossa\\OneDrive'
    'OneDriveConsumer' => 'C:\\Users\\rossa\\OneDrive'
    'OS' => 'Windows_NT'
    'Path' => 'C:\\WINDOWS\\system32;C:\\WINDOWS;C:\\WINDOWS\\System32\\Wbem;C:\\WINDOWS\\System32\\WindowsPowerShell\\v1.0\\;C:\\WINDOWS\\System32\\OpenSSH\\;C:\\Program Files\\Git\\cmd;C:\\Users\\rossa\\AppData\\Local\\Microsoft\\WindowsApps;C:\\Users\\rossa\\AppData\\Local\\ComposerSetup\\bin;C:\\Users\\rossa\\AppData\\Roaming\\Composer\\vendor\\bin;C:\\wamp64\\bin\\php\\php7.4.4;C:\\wamp64\\bin\\mysql\\mysql5.7.29\\bin;C:\\Users\\rossa\\AppData\\Local\\GitHubDesktop\\bin'
    'PATHEXT' => '.COM;.EXE;.BAT;.CMD;.VBS;.VBE;.JS;.JSE;.WSF;.WSH;.MSC'
    'PHP_COMMAND' => 'php.exe'
    'PROCESSOR_ARCHITECTURE' => 'AMD64'
    'PROCESSOR_IDENTIFIER' => 'Intel64 Family 6 Model 23 Stepping 10, GenuineIntel'
    'PROCESSOR_LEVEL' => '6'
    'PROCESSOR_REVISION' => '170a'
    'ProgramData' => 'C:\\ProgramData'
    'ProgramFiles' => 'C:\\Program Files'
    'ProgramFiles(x86)' => 'C:\\Program Files (x86)'
    'ProgramW6432' => 'C:\\Program Files'
    'PROMPT' => '$P$G'
    'PSModulePath' => 'C:\\Program Files\\WindowsPowerShell\\Modules;C:\\WINDOWS\\system32\\WindowsPowerShell\\v1.0\\Modules'
    'PUBLIC' => 'C:\\Users\\Public'
    'SESSIONNAME' => 'Console'
    'SystemDrive' => 'C:'
    'SystemRoot' => 'C:\\WINDOWS'
    'TEMP' => 'C:\\Users\\rossa\\AppData\\Local\\Temp'
    'TMP' => 'C:\\Users\\rossa\\AppData\\Local\\Temp'
    'USERDOMAIN' => 'DESKTOP-0A1VHFM'
    'USERDOMAIN_ROAMINGPROFILE' => 'DESKTOP-0A1VHFM'
    'USERNAME' => 'rossa'
    'USERPROFILE' => 'C:\\Users\\rossa'
    'windir' => 'C:\\WINDOWS'
    'YII_PATH' => 'C:\\Users\\rossa\\OneDrive\\Documents\\GitHub\\yii2-house2house\\'
    'PHP_SELF' => 'C:\\Users\\rossa\\OneDrive\\Documents\\GitHub\\yii2-house2house\\yii'
    'SCRIPT_NAME' => 'C:\\Users\\rossa\\OneDrive\\Documents\\GitHub\\yii2-house2house\\yii'
    'SCRIPT_FILENAME' => 'C:\\Users\\rossa\\OneDrive\\Documents\\GitHub\\yii2-house2house\\yii'
    'PATH_TRANSLATED' => 'C:\\Users\\rossa\\OneDrive\\Documents\\GitHub\\yii2-house2house\\yii'
    'DOCUMENT_ROOT' => ''
    'REQUEST_TIME_FLOAT' => 1587953957.9526
    'REQUEST_TIME' => 1587953957
    'argv' => [
        0 => 'C:\\Users\\rossa\\OneDrive\\Documents\\GitHub\\yii2-house2house\\yii'
        1 => 'message/extract'
    ]
    'argc' => 2
]
2020-04-27 02:35:43 [-][-][-][error][yii\console\Exception] yii\console\Exception: Vereiste argumente ontbreek: filePath in C:\Users\rossa\OneDrive\Documents\GitHub\yii2-house2house\vendor\yiisoft\yii2\console\Controller.php:202
Stack trace:
#0 C:\Users\rossa\OneDrive\Documents\GitHub\yii2-house2house\vendor\yiisoft\yii2\base\InlineAction.php(51): yii\console\Controller->bindActionParams(Object(yii\base\InlineAction), Array)
#1 C:\Users\rossa\OneDrive\Documents\GitHub\yii2-house2house\vendor\yiisoft\yii2\base\Controller.php(157): yii\base\InlineAction->runWithParams(Array)
#2 C:\Users\rossa\OneDrive\Documents\GitHub\yii2-house2house\vendor\yiisoft\yii2\console\Controller.php(164): yii\base\Controller->runAction('config-template', Array)
#3 C:\Users\rossa\OneDrive\Documents\GitHub\yii2-house2house\vendor\yiisoft\yii2\base\Module.php(528): yii\console\Controller->runAction('config-template', Array)
#4 C:\Users\rossa\OneDrive\Documents\GitHub\yii2-house2house\vendor\yiisoft\yii2\console\Application.php(180): yii\base\Module->runAction('message/config-...', Array)
#5 C:\Users\rossa\OneDrive\Documents\GitHub\yii2-house2house\vendor\yiisoft\yii2\console\Application.php(147): yii\console\Application->runAction('message/config-...', Array)
#6 C:\Users\rossa\OneDrive\Documents\GitHub\yii2-house2house\vendor\yiisoft\yii2\base\Application.php(386): yii\console\Application->handleRequest(Object(yii\console\Request))
#7 C:\Users\rossa\OneDrive\Documents\GitHub\yii2-house2house\yii(23): yii\base\Application->run()
#8 {main}
2020-04-27 02:35:43 [-][-][-][info][application] $_GET = []

$_POST = []

$_FILES = []

$_COOKIE = []

$_SERVER = [
    'ALLUSERSPROFILE' => 'C:\\ProgramData'
    'APPDATA' => 'C:\\Users\\rossa\\AppData\\Roaming'
    'CommonProgramFiles' => 'C:\\Program Files\\Common Files'
    'CommonProgramFiles(x86)' => 'C:\\Program Files (x86)\\Common Files'
    'CommonProgramW6432' => 'C:\\Program Files\\Common Files'
    'COMPUTERNAME' => 'DESKTOP-0A1VHFM'
    'ComSpec' => 'C:\\WINDOWS\\system32\\cmd.exe'
    'DriverData' => 'C:\\Windows\\System32\\Drivers\\DriverData'
    'FPS_BROWSER_APP_PROFILE_STRING' => 'Internet Explorer'
    'FPS_BROWSER_USER_PROFILE_STRING' => 'Default'
    'HOMEDRIVE' => 'C:'
    'HOMEPATH' => '\\Users\\rossa'
    'LOCALAPPDATA' => 'C:\\Users\\rossa\\AppData\\Local'
    'LOGONSERVER' => '\\\\DESKTOP-0A1VHFM'
    'NUMBER_OF_PROCESSORS' => '2'
    'OneDrive' => 'C:\\Users\\rossa\\OneDrive'
    'OneDriveConsumer' => 'C:\\Users\\rossa\\OneDrive'
    'OS' => 'Windows_NT'
    'Path' => 'C:\\WINDOWS\\system32;C:\\WINDOWS;C:\\WINDOWS\\System32\\Wbem;C:\\WINDOWS\\System32\\WindowsPowerShell\\v1.0\\;C:\\WINDOWS\\System32\\OpenSSH\\;C:\\Program Files\\Git\\cmd;C:\\Users\\rossa\\AppData\\Local\\Microsoft\\WindowsApps;C:\\Users\\rossa\\AppData\\Local\\ComposerSetup\\bin;C:\\Users\\rossa\\AppData\\Roaming\\Composer\\vendor\\bin;C:\\wamp64\\bin\\php\\php7.4.4;C:\\wamp64\\bin\\mysql\\mysql5.7.29\\bin;C:\\Users\\rossa\\AppData\\Local\\GitHubDesktop\\bin'
    'PATHEXT' => '.COM;.EXE;.BAT;.CMD;.VBS;.VBE;.JS;.JSE;.WSF;.WSH;.MSC'
    'PHP_COMMAND' => 'php.exe'
    'PROCESSOR_ARCHITECTURE' => 'AMD64'
    'PROCESSOR_IDENTIFIER' => 'Intel64 Family 6 Model 23 Stepping 10, GenuineIntel'
    'PROCESSOR_LEVEL' => '6'
    'PROCESSOR_REVISION' => '170a'
    'ProgramData' => 'C:\\ProgramData'
    'ProgramFiles' => 'C:\\Program Files'
    'ProgramFiles(x86)' => 'C:\\Program Files (x86)'
    'ProgramW6432' => 'C:\\Program Files'
    'PROMPT' => '$P$G'
    'PSModulePath' => 'C:\\Program Files\\WindowsPowerShell\\Modules;C:\\WINDOWS\\system32\\WindowsPowerShell\\v1.0\\Modules'
    'PUBLIC' => 'C:\\Users\\Public'
    'SESSIONNAME' => 'Console'
    'SystemDrive' => 'C:'
    'SystemRoot' => 'C:\\WINDOWS'
    'TEMP' => 'C:\\Users\\rossa\\AppData\\Local\\Temp'
    'TMP' => 'C:\\Users\\rossa\\AppData\\Local\\Temp'
    'USERDOMAIN' => 'DESKTOP-0A1VHFM'
    'USERDOMAIN_ROAMINGPROFILE' => 'DESKTOP-0A1VHFM'
    'USERNAME' => 'rossa'
    'USERPROFILE' => 'C:\\Users\\rossa'
    'windir' => 'C:\\WINDOWS'
    'YII_PATH' => 'C:\\Users\\rossa\\OneDrive\\Documents\\GitHub\\yii2-house2house\\'
    'PHP_SELF' => 'C:\\Users\\rossa\\OneDrive\\Documents\\GitHub\\yii2-house2house\\yii'
    'SCRIPT_NAME' => 'C:\\Users\\rossa\\OneDrive\\Documents\\GitHub\\yii2-house2house\\yii'
    'SCRIPT_FILENAME' => 'C:\\Users\\rossa\\OneDrive\\Documents\\GitHub\\yii2-house2house\\yii'
    'PATH_TRANSLATED' => 'C:\\Users\\rossa\\OneDrive\\Documents\\GitHub\\yii2-house2house\\yii'
    'DOCUMENT_ROOT' => ''
    'REQUEST_TIME_FLOAT' => 1587954943.1266
    'REQUEST_TIME' => 1587954943
    'argv' => [
        0 => 'C:\\Users\\rossa\\OneDrive\\Documents\\GitHub\\yii2-house2house\\yii'
        1 => 'message/config-template'
    ]
    'argc' => 2
]
2020-04-27 04:34:53 [-][-][-][error][yii\console\UnknownCommandException] yii\base\InvalidRouteException: Unable to resolve the request "messages/extract". in C:\Users\rossa\OneDrive\Documents\GitHub\yii2-house2house\vendor\yiisoft\yii2\base\Module.php:537
Stack trace:
#0 C:\Users\rossa\OneDrive\Documents\GitHub\yii2-house2house\vendor\yiisoft\yii2\console\Application.php(180): yii\base\Module->runAction('messages/extrac...', Array)
#1 C:\Users\rossa\OneDrive\Documents\GitHub\yii2-house2house\vendor\yiisoft\yii2\console\Application.php(147): yii\console\Application->runAction('messages/extrac...', Array)
#2 C:\Users\rossa\OneDrive\Documents\GitHub\yii2-house2house\vendor\yiisoft\yii2\base\Application.php(386): yii\console\Application->handleRequest(Object(yii\console\Request))
#3 C:\Users\rossa\OneDrive\Documents\GitHub\yii2-house2house\yii(23): yii\base\Application->run()
#4 {main}

Next yii\console\UnknownCommandException: Unknown command "messages/extract". in C:\Users\rossa\OneDrive\Documents\GitHub\yii2-house2house\vendor\yiisoft\yii2\console\Application.php:183
Stack trace:
#0 C:\Users\rossa\OneDrive\Documents\GitHub\yii2-house2house\vendor\yiisoft\yii2\console\Application.php(147): yii\console\Application->runAction('messages/extrac...', Array)
#1 C:\Users\rossa\OneDrive\Documents\GitHub\yii2-house2house\vendor\yiisoft\yii2\base\Application.php(386): yii\console\Application->handleRequest(Object(yii\console\Request))
#2 C:\Users\rossa\OneDrive\Documents\GitHub\yii2-house2house\yii(23): yii\base\Application->run()
#3 {main}
2020-04-27 04:34:53 [-][-][-][info][application] $_GET = []

$_POST = []

$_FILES = []

$_COOKIE = []

$_SERVER = [
    'ALLUSERSPROFILE' => 'C:\\ProgramData'
    'APPDATA' => 'C:\\Users\\rossa\\AppData\\Roaming'
    'CommonProgramFiles' => 'C:\\Program Files\\Common Files'
    'CommonProgramFiles(x86)' => 'C:\\Program Files (x86)\\Common Files'
    'CommonProgramW6432' => 'C:\\Program Files\\Common Files'
    'COMPUTERNAME' => 'DESKTOP-0A1VHFM'
    'ComSpec' => 'C:\\WINDOWS\\system32\\cmd.exe'
    'DriverData' => 'C:\\Windows\\System32\\Drivers\\DriverData'
    'FPS_BROWSER_APP_PROFILE_STRING' => 'Internet Explorer'
    'FPS_BROWSER_USER_PROFILE_STRING' => 'Default'
    'HOMEDRIVE' => 'C:'
    'HOMEPATH' => '\\Users\\rossa'
    'LOCALAPPDATA' => 'C:\\Users\\rossa\\AppData\\Local'
    'LOGONSERVER' => '\\\\DESKTOP-0A1VHFM'
    'NUMBER_OF_PROCESSORS' => '2'
    'OneDrive' => 'C:\\Users\\rossa\\OneDrive'
    'OneDriveConsumer' => 'C:\\Users\\rossa\\OneDrive'
    'OS' => 'Windows_NT'
    'Path' => 'C:\\WINDOWS\\system32;C:\\WINDOWS;C:\\WINDOWS\\System32\\Wbem;C:\\WINDOWS\\System32\\WindowsPowerShell\\v1.0\\;C:\\WINDOWS\\System32\\OpenSSH\\;C:\\Program Files\\Git\\cmd;C:\\Users\\rossa\\AppData\\Local\\Microsoft\\WindowsApps;C:\\Users\\rossa\\AppData\\Local\\ComposerSetup\\bin;C:\\Users\\rossa\\AppData\\Roaming\\Composer\\vendor\\bin;C:\\wamp64\\bin\\php\\php7.4.4;C:\\wamp64\\bin\\mysql\\mysql5.7.29\\bin;C:\\Users\\rossa\\AppData\\Local\\GitHubDesktop\\bin'
    'PATHEXT' => '.COM;.EXE;.BAT;.CMD;.VBS;.VBE;.JS;.JSE;.WSF;.WSH;.MSC'
    'PHP_COMMAND' => 'php.exe'
    'PROCESSOR_ARCHITECTURE' => 'AMD64'
    'PROCESSOR_IDENTIFIER' => 'Intel64 Family 6 Model 23 Stepping 10, GenuineIntel'
    'PROCESSOR_LEVEL' => '6'
    'PROCESSOR_REVISION' => '170a'
    'ProgramData' => 'C:\\ProgramData'
    'ProgramFiles' => 'C:\\Program Files'
    'ProgramFiles(x86)' => 'C:\\Program Files (x86)'
    'ProgramW6432' => 'C:\\Program Files'
    'PROMPT' => '$P$G'
    'PSModulePath' => 'C:\\Program Files\\WindowsPowerShell\\Modules;C:\\WINDOWS\\system32\\WindowsPowerShell\\v1.0\\Modules'
    'PUBLIC' => 'C:\\Users\\Public'
    'SESSIONNAME' => 'Console'
    'SystemDrive' => 'C:'
    'SystemRoot' => 'C:\\WINDOWS'
    'TEMP' => 'C:\\Users\\rossa\\AppData\\Local\\Temp'
    'TMP' => 'C:\\Users\\rossa\\AppData\\Local\\Temp'
    'USERDOMAIN' => 'DESKTOP-0A1VHFM'
    'USERDOMAIN_ROAMINGPROFILE' => 'DESKTOP-0A1VHFM'
    'USERNAME' => 'rossa'
    'USERPROFILE' => 'C:\\Users\\rossa'
    'windir' => 'C:\\WINDOWS'
    'YII_PATH' => 'C:\\Users\\rossa\\OneDrive\\Documents\\GitHub\\yii2-house2house\\'
    'PHP_SELF' => 'C:\\Users\\rossa\\OneDrive\\Documents\\GitHub\\yii2-house2house\\yii'
    'SCRIPT_NAME' => 'C:\\Users\\rossa\\OneDrive\\Documents\\GitHub\\yii2-house2house\\yii'
    'SCRIPT_FILENAME' => 'C:\\Users\\rossa\\OneDrive\\Documents\\GitHub\\yii2-house2house\\yii'
    'PATH_TRANSLATED' => 'C:\\Users\\rossa\\OneDrive\\Documents\\GitHub\\yii2-house2house\\yii'
    'DOCUMENT_ROOT' => ''
    'REQUEST_TIME_FLOAT' => 1587962093.5916
    'REQUEST_TIME' => 1587962093
    'argv' => [
        0 => 'C:\\Users\\rossa\\OneDrive\\Documents\\GitHub\\yii2-house2house\\yii'
        1 => 'messages/extract'
        2 => '@frontend/messages/template.php'
    ]
    'argc' => 3
]
2020-04-27 06:49:02 [-][-][-][error][yii\console\Exception] yii\console\Exception: Onbekende opsie: --migratePath. Options available: --color, --interactive, --help, --migrationPath, --migrationNamespaces, --compact, --migrationTable, --db in C:\Users\rossa\OneDrive\Documents\GitHub\yii2-house2house\vendor\yiisoft\yii2\console\Controller.php:155
Stack trace:
#0 C:\Users\rossa\OneDrive\Documents\GitHub\yii2-house2house\vendor\yiisoft\yii2\base\Module.php(528): yii\console\Controller->runAction('', Array)
#1 C:\Users\rossa\OneDrive\Documents\GitHub\yii2-house2house\vendor\yiisoft\yii2\console\Application.php(180): yii\base\Module->runAction('migrate', Array)
#2 C:\Users\rossa\OneDrive\Documents\GitHub\yii2-house2house\vendor\yiisoft\yii2\console\Application.php(147): yii\console\Application->runAction('migrate', Array)
#3 C:\Users\rossa\OneDrive\Documents\GitHub\yii2-house2house\vendor\yiisoft\yii2\base\Application.php(386): yii\console\Application->handleRequest(Object(yii\console\Request))
#4 C:\Users\rossa\OneDrive\Documents\GitHub\yii2-house2house\yii(23): yii\base\Application->run()
#5 {main}
2020-04-27 06:49:02 [-][-][-][info][application] $_GET = []

$_POST = []

$_FILES = []

$_COOKIE = []

$_SERVER = [
    'ALLUSERSPROFILE' => 'C:\\ProgramData'
    'APPDATA' => 'C:\\Users\\rossa\\AppData\\Roaming'
    'CommonProgramFiles' => 'C:\\Program Files\\Common Files'
    'CommonProgramFiles(x86)' => 'C:\\Program Files (x86)\\Common Files'
    'CommonProgramW6432' => 'C:\\Program Files\\Common Files'
    'COMPUTERNAME' => 'DESKTOP-0A1VHFM'
    'ComSpec' => 'C:\\WINDOWS\\system32\\cmd.exe'
    'DriverData' => 'C:\\Windows\\System32\\Drivers\\DriverData'
    'FPS_BROWSER_APP_PROFILE_STRING' => 'Internet Explorer'
    'FPS_BROWSER_USER_PROFILE_STRING' => 'Default'
    'HOMEDRIVE' => 'C:'
    'HOMEPATH' => '\\Users\\rossa'
    'LOCALAPPDATA' => 'C:\\Users\\rossa\\AppData\\Local'
    'LOGONSERVER' => '\\\\DESKTOP-0A1VHFM'
    'NUMBER_OF_PROCESSORS' => '2'
    'OneDrive' => 'C:\\Users\\rossa\\OneDrive'
    'OneDriveConsumer' => 'C:\\Users\\rossa\\OneDrive'
    'OS' => 'Windows_NT'
    'Path' => 'C:\\WINDOWS\\system32;C:\\WINDOWS;C:\\WINDOWS\\System32\\Wbem;C:\\WINDOWS\\System32\\WindowsPowerShell\\v1.0\\;C:\\WINDOWS\\System32\\OpenSSH\\;C:\\Program Files\\Git\\cmd;C:\\Users\\rossa\\AppData\\Local\\Microsoft\\WindowsApps;C:\\Users\\rossa\\AppData\\Local\\ComposerSetup\\bin;C:\\Users\\rossa\\AppData\\Roaming\\Composer\\vendor\\bin;C:\\wamp64\\bin\\php\\php7.4.4;C:\\wamp64\\bin\\mysql\\mysql5.7.29\\bin;C:\\Users\\rossa\\AppData\\Local\\GitHubDesktop\\bin'
    'PATHEXT' => '.COM;.EXE;.BAT;.CMD;.VBS;.VBE;.JS;.JSE;.WSF;.WSH;.MSC'
    'PHP_COMMAND' => 'php.exe'
    'PROCESSOR_ARCHITECTURE' => 'AMD64'
    'PROCESSOR_IDENTIFIER' => 'Intel64 Family 6 Model 23 Stepping 10, GenuineIntel'
    'PROCESSOR_LEVEL' => '6'
    'PROCESSOR_REVISION' => '170a'
    'ProgramData' => 'C:\\ProgramData'
    'ProgramFiles' => 'C:\\Program Files'
    'ProgramFiles(x86)' => 'C:\\Program Files (x86)'
    'ProgramW6432' => 'C:\\Program Files'
    'PROMPT' => '$P$G'
    'PSModulePath' => 'C:\\Program Files\\WindowsPowerShell\\Modules;C:\\WINDOWS\\system32\\WindowsPowerShell\\v1.0\\Modules'
    'PUBLIC' => 'C:\\Users\\Public'
    'SESSIONNAME' => 'Console'
    'SystemDrive' => 'C:'
    'SystemRoot' => 'C:\\WINDOWS'
    'TEMP' => 'C:\\Users\\rossa\\AppData\\Local\\Temp'
    'TMP' => 'C:\\Users\\rossa\\AppData\\Local\\Temp'
    'USERDOMAIN' => 'DESKTOP-0A1VHFM'
    'USERDOMAIN_ROAMINGPROFILE' => 'DESKTOP-0A1VHFM'
    'USERNAME' => 'rossa'
    'USERPROFILE' => 'C:\\Users\\rossa'
    'windir' => 'C:\\WINDOWS'
    'YII_PATH' => 'C:\\Users\\rossa\\OneDrive\\Documents\\GitHub\\yii2-house2house\\'
    'PHP_SELF' => 'C:\\Users\\rossa\\OneDrive\\Documents\\GitHub\\yii2-house2house\\yii'
    'SCRIPT_NAME' => 'C:\\Users\\rossa\\OneDrive\\Documents\\GitHub\\yii2-house2house\\yii'
    'SCRIPT_FILENAME' => 'C:\\Users\\rossa\\OneDrive\\Documents\\GitHub\\yii2-house2house\\yii'
    'PATH_TRANSLATED' => 'C:\\Users\\rossa\\OneDrive\\Documents\\GitHub\\yii2-house2house\\yii'
    'DOCUMENT_ROOT' => ''
    'REQUEST_TIME_FLOAT' => 1587970142.0983
    'REQUEST_TIME' => 1587970142
    'argv' => [
        0 => 'C:\\Users\\rossa\\OneDrive\\Documents\\GitHub\\yii2-house2house\\yii'
        1 => 'migrate'
        2 => '--db=db'
        3 => '--migratePath=@yii/i18n/migrations'
    ]
    'argc' => 4
]
2020-04-27 07:14:26 [-][-][-][error][yii\console\Exception] yii\console\Exception: Languages cannot be empty. in C:\Users\rossa\OneDrive\Documents\GitHub\yii2-house2house\vendor\yiisoft\yii2\console\controllers\MessageController.php:956
Stack trace:
#0 C:\Users\rossa\OneDrive\Documents\GitHub\yii2-house2house\vendor\yiisoft\yii2\console\controllers\MessageController.php(298): yii\console\controllers\MessageController->initConfig(NULL)
#1 [internal function]: yii\console\controllers\MessageController->actionExtract(NULL)
#2 C:\Users\rossa\OneDrive\Documents\GitHub\yii2-house2house\vendor\yiisoft\yii2\base\InlineAction.php(57): call_user_func_array(Array, Array)
#3 C:\Users\rossa\OneDrive\Documents\GitHub\yii2-house2house\vendor\yiisoft\yii2\base\Controller.php(157): yii\base\InlineAction->runWithParams(Array)
#4 C:\Users\rossa\OneDrive\Documents\GitHub\yii2-house2house\vendor\yiisoft\yii2\console\Controller.php(164): yii\base\Controller->runAction('extract', Array)
#5 C:\Users\rossa\OneDrive\Documents\GitHub\yii2-house2house\vendor\yiisoft\yii2\base\Module.php(528): yii\console\Controller->runAction('extract', Array)
#6 C:\Users\rossa\OneDrive\Documents\GitHub\yii2-house2house\vendor\yiisoft\yii2\console\Application.php(180): yii\base\Module->runAction('message/extract', Array)
#7 C:\Users\rossa\OneDrive\Documents\GitHub\yii2-house2house\vendor\yiisoft\yii2\console\Application.php(147): yii\console\Application->runAction('message/extract', Array)
#8 C:\Users\rossa\OneDrive\Documents\GitHub\yii2-house2house\vendor\yiisoft\yii2\base\Application.php(386): yii\console\Application->handleRequest(Object(yii\console\Request))
#9 C:\Users\rossa\OneDrive\Documents\GitHub\yii2-house2house\yii(23): yii\base\Application->run()
#10 {main}
2020-04-27 07:14:26 [-][-][-][info][application] $_GET = []

$_POST = []

$_FILES = []

$_COOKIE = []

$_SERVER = [
    'ALLUSERSPROFILE' => 'C:\\ProgramData'
    'APPDATA' => 'C:\\Users\\rossa\\AppData\\Roaming'
    'CommonProgramFiles' => 'C:\\Program Files\\Common Files'
    'CommonProgramFiles(x86)' => 'C:\\Program Files (x86)\\Common Files'
    'CommonProgramW6432' => 'C:\\Program Files\\Common Files'
    'COMPUTERNAME' => 'DESKTOP-0A1VHFM'
    'ComSpec' => 'C:\\WINDOWS\\system32\\cmd.exe'
    'DriverData' => 'C:\\Windows\\System32\\Drivers\\DriverData'
    'FPS_BROWSER_APP_PROFILE_STRING' => 'Internet Explorer'
    'FPS_BROWSER_USER_PROFILE_STRING' => 'Default'
    'HOMEDRIVE' => 'C:'
    'HOMEPATH' => '\\Users\\rossa'
    'LOCALAPPDATA' => 'C:\\Users\\rossa\\AppData\\Local'
    'LOGONSERVER' => '\\\\DESKTOP-0A1VHFM'
    'NUMBER_OF_PROCESSORS' => '2'
    'OneDrive' => 'C:\\Users\\rossa\\OneDrive'
    'OneDriveConsumer' => 'C:\\Users\\rossa\\OneDrive'
    'OS' => 'Windows_NT'
    'Path' => 'C:\\WINDOWS\\system32;C:\\WINDOWS;C:\\WINDOWS\\System32\\Wbem;C:\\WINDOWS\\System32\\WindowsPowerShell\\v1.0\\;C:\\WINDOWS\\System32\\OpenSSH\\;C:\\Program Files\\Git\\cmd;C:\\Users\\rossa\\AppData\\Local\\Microsoft\\WindowsApps;C:\\Users\\rossa\\AppData\\Local\\ComposerSetup\\bin;C:\\Users\\rossa\\AppData\\Roaming\\Composer\\vendor\\bin;C:\\wamp64\\bin\\php\\php7.4.4;C:\\wamp64\\bin\\mysql\\mysql5.7.29\\bin;C:\\Users\\rossa\\AppData\\Local\\GitHubDesktop\\bin'
    'PATHEXT' => '.COM;.EXE;.BAT;.CMD;.VBS;.VBE;.JS;.JSE;.WSF;.WSH;.MSC'
    'PHP_COMMAND' => 'php.exe'
    'PROCESSOR_ARCHITECTURE' => 'AMD64'
    'PROCESSOR_IDENTIFIER' => 'Intel64 Family 6 Model 23 Stepping 10, GenuineIntel'
    'PROCESSOR_LEVEL' => '6'
    'PROCESSOR_REVISION' => '170a'
    'ProgramData' => 'C:\\ProgramData'
    'ProgramFiles' => 'C:\\Program Files'
    'ProgramFiles(x86)' => 'C:\\Program Files (x86)'
    'ProgramW6432' => 'C:\\Program Files'
    'PROMPT' => '$P$G'
    'PSModulePath' => 'C:\\Program Files\\WindowsPowerShell\\Modules;C:\\WINDOWS\\system32\\WindowsPowerShell\\v1.0\\Modules'
    'PUBLIC' => 'C:\\Users\\Public'
    'SESSIONNAME' => 'Console'
    'SystemDrive' => 'C:'
    'SystemRoot' => 'C:\\WINDOWS'
    'TEMP' => 'C:\\Users\\rossa\\AppData\\Local\\Temp'
    'TMP' => 'C:\\Users\\rossa\\AppData\\Local\\Temp'
    'USERDOMAIN' => 'DESKTOP-0A1VHFM'
    'USERDOMAIN_ROAMINGPROFILE' => 'DESKTOP-0A1VHFM'
    'USERNAME' => 'rossa'
    'USERPROFILE' => 'C:\\Users\\rossa'
    'windir' => 'C:\\WINDOWS'
    'YII_PATH' => 'C:\\Users\\rossa\\OneDrive\\Documents\\GitHub\\yii2-house2house\\'
    'PHP_SELF' => 'C:\\Users\\rossa\\OneDrive\\Documents\\GitHub\\yii2-house2house\\yii'
    'SCRIPT_NAME' => 'C:\\Users\\rossa\\OneDrive\\Documents\\GitHub\\yii2-house2house\\yii'
    'SCRIPT_FILENAME' => 'C:\\Users\\rossa\\OneDrive\\Documents\\GitHub\\yii2-house2house\\yii'
    'PATH_TRANSLATED' => 'C:\\Users\\rossa\\OneDrive\\Documents\\GitHub\\yii2-house2house\\yii'
    'DOCUMENT_ROOT' => ''
    'REQUEST_TIME_FLOAT' => 1587971666.1965
    'REQUEST_TIME' => 1587971666
    'argv' => [
        0 => 'C:\\Users\\rossa\\OneDrive\\Documents\\GitHub\\yii2-house2house\\yii'
        1 => 'message/extract'
    ]
    'argc' => 2
]
2020-04-27 15:54:09 [-][-][-][error][yii\console\Exception] yii\console\Exception: The message path C:\Users\rossa\OneDrive\Documents\GitHub\yii2-house2house\frontend\messages\messages is not a valid directory. in C:\Users\rossa\OneDrive\Documents\GitHub\yii2-house2house\vendor\yiisoft\yii2\console\controllers\MessageController.php:952
Stack trace:
#0 C:\Users\rossa\OneDrive\Documents\GitHub\yii2-house2house\vendor\yiisoft\yii2\console\controllers\MessageController.php(298): yii\console\controllers\MessageController->initConfig('C:\\Users\\rossa\\...')
#1 [internal function]: yii\console\controllers\MessageController->actionExtract('@frontend/messa...')
#2 C:\Users\rossa\OneDrive\Documents\GitHub\yii2-house2house\vendor\yiisoft\yii2\base\InlineAction.php(57): call_user_func_array(Array, Array)
#3 C:\Users\rossa\OneDrive\Documents\GitHub\yii2-house2house\vendor\yiisoft\yii2\base\Controller.php(157): yii\base\InlineAction->runWithParams(Array)
#4 C:\Users\rossa\OneDrive\Documents\GitHub\yii2-house2house\vendor\yiisoft\yii2\console\Controller.php(164): yii\base\Controller->runAction('extract', Array)
#5 C:\Users\rossa\OneDrive\Documents\GitHub\yii2-house2house\vendor\yiisoft\yii2\base\Module.php(528): yii\console\Controller->runAction('extract', Array)
#6 C:\Users\rossa\OneDrive\Documents\GitHub\yii2-house2house\vendor\yiisoft\yii2\console\Application.php(180): yii\base\Module->runAction('message/extract', Array)
#7 C:\Users\rossa\OneDrive\Documents\GitHub\yii2-house2house\vendor\yiisoft\yii2\console\Application.php(147): yii\console\Application->runAction('message/extract', Array)
#8 C:\Users\rossa\OneDrive\Documents\GitHub\yii2-house2house\vendor\yiisoft\yii2\base\Application.php(386): yii\console\Application->handleRequest(Object(yii\console\Request))
#9 C:\Users\rossa\OneDrive\Documents\GitHub\yii2-house2house\yii(23): yii\base\Application->run()
#10 {main}
2020-04-27 15:54:09 [-][-][-][info][application] $_GET = []

$_POST = []

$_FILES = []

$_COOKIE = []

$_SERVER = [
    'ALLUSERSPROFILE' => 'C:\\ProgramData'
    'APPDATA' => 'C:\\Users\\rossa\\AppData\\Roaming'
    'CommonProgramFiles' => 'C:\\Program Files\\Common Files'
    'CommonProgramFiles(x86)' => 'C:\\Program Files (x86)\\Common Files'
    'CommonProgramW6432' => 'C:\\Program Files\\Common Files'
    'COMPUTERNAME' => 'DESKTOP-0A1VHFM'
    'ComSpec' => 'C:\\WINDOWS\\system32\\cmd.exe'
    'DriverData' => 'C:\\Windows\\System32\\Drivers\\DriverData'
    'FPS_BROWSER_APP_PROFILE_STRING' => 'Internet Explorer'
    'FPS_BROWSER_USER_PROFILE_STRING' => 'Default'
    'HOMEDRIVE' => 'C:'
    'HOMEPATH' => '\\Users\\rossa'
    'LOCALAPPDATA' => 'C:\\Users\\rossa\\AppData\\Local'
    'LOGONSERVER' => '\\\\DESKTOP-0A1VHFM'
    'NUMBER_OF_PROCESSORS' => '2'
    'OneDrive' => 'C:\\Users\\rossa\\OneDrive'
    'OneDriveConsumer' => 'C:\\Users\\rossa\\OneDrive'
    'OS' => 'Windows_NT'
    'Path' => 'C:\\WINDOWS\\system32;C:\\WINDOWS;C:\\WINDOWS\\System32\\Wbem;C:\\WINDOWS\\System32\\WindowsPowerShell\\v1.0\\;C:\\WINDOWS\\System32\\OpenSSH\\;C:\\Program Files\\Git\\cmd;C:\\Users\\rossa\\AppData\\Local\\Microsoft\\WindowsApps;C:\\Users\\rossa\\AppData\\Local\\ComposerSetup\\bin;C:\\Users\\rossa\\AppData\\Roaming\\Composer\\vendor\\bin;C:\\wamp64\\bin\\php\\php7.4.4;C:\\wamp64\\bin\\mysql\\mysql5.7.29\\bin;C:\\Users\\rossa\\AppData\\Local\\GitHubDesktop\\bin'
    'PATHEXT' => '.COM;.EXE;.BAT;.CMD;.VBS;.VBE;.JS;.JSE;.WSF;.WSH;.MSC'
    'PHP_COMMAND' => 'php.exe'
    'PROCESSOR_ARCHITECTURE' => 'AMD64'
    'PROCESSOR_IDENTIFIER' => 'Intel64 Family 6 Model 23 Stepping 10, GenuineIntel'
    'PROCESSOR_LEVEL' => '6'
    'PROCESSOR_REVISION' => '170a'
    'ProgramData' => 'C:\\ProgramData'
    'ProgramFiles' => 'C:\\Program Files'
    'ProgramFiles(x86)' => 'C:\\Program Files (x86)'
    'ProgramW6432' => 'C:\\Program Files'
    'PROMPT' => '$P$G'
    'PSModulePath' => 'C:\\Program Files\\WindowsPowerShell\\Modules;C:\\WINDOWS\\system32\\WindowsPowerShell\\v1.0\\Modules'
    'PUBLIC' => 'C:\\Users\\Public'
    'SESSIONNAME' => 'Console'
    'SystemDrive' => 'C:'
    'SystemRoot' => 'C:\\WINDOWS'
    'TEMP' => 'C:\\Users\\rossa\\AppData\\Local\\Temp'
    'TMP' => 'C:\\Users\\rossa\\AppData\\Local\\Temp'
    'USERDOMAIN' => 'DESKTOP-0A1VHFM'
    'USERDOMAIN_ROAMINGPROFILE' => 'DESKTOP-0A1VHFM'
    'USERNAME' => 'rossa'
    'USERPROFILE' => 'C:\\Users\\rossa'
    'windir' => 'C:\\WINDOWS'
    'YII_PATH' => 'C:\\Users\\rossa\\OneDrive\\Documents\\GitHub\\yii2-house2house\\'
    'PHP_SELF' => 'C:\\Users\\rossa\\OneDrive\\Documents\\GitHub\\yii2-house2house\\yii'
    'SCRIPT_NAME' => 'C:\\Users\\rossa\\OneDrive\\Documents\\GitHub\\yii2-house2house\\yii'
    'SCRIPT_FILENAME' => 'C:\\Users\\rossa\\OneDrive\\Documents\\GitHub\\yii2-house2house\\yii'
    'PATH_TRANSLATED' => 'C:\\Users\\rossa\\OneDrive\\Documents\\GitHub\\yii2-house2house\\yii'
    'DOCUMENT_ROOT' => ''
    'REQUEST_TIME_FLOAT' => 1588002849.6782
    'REQUEST_TIME' => 1588002849
    'argv' => [
        0 => 'C:\\Users\\rossa\\OneDrive\\Documents\\GitHub\\yii2-house2house\\yii'
        1 => 'message/extract'
        2 => '@frontend/messages/config.php'
    ]
    'argc' => 3
]
2020-04-27 19:23:27 [-][-][-][error][yii\console\Exception] yii\console\Exception: The message path C:\Users\rossa\OneDrive\Documents\GitHub\yii2-house2house\frontend\messages\messages is not a valid directory. in C:\Users\rossa\OneDrive\Documents\GitHub\yii2-house2house\vendor\yiisoft\yii2\console\controllers\MessageController.php:952
Stack trace:
#0 C:\Users\rossa\OneDrive\Documents\GitHub\yii2-house2house\vendor\yiisoft\yii2\console\controllers\MessageController.php(298): yii\console\controllers\MessageController->initConfig('C:\\Users\\rossa\\...')
#1 [internal function]: yii\console\controllers\MessageController->actionExtract('@frontend/messa...')
#2 C:\Users\rossa\OneDrive\Documents\GitHub\yii2-house2house\vendor\yiisoft\yii2\base\InlineAction.php(57): call_user_func_array(Array, Array)
#3 C:\Users\rossa\OneDrive\Documents\GitHub\yii2-house2house\vendor\yiisoft\yii2\base\Controller.php(157): yii\base\InlineAction->runWithParams(Array)
#4 C:\Users\rossa\OneDrive\Documents\GitHub\yii2-house2house\vendor\yiisoft\yii2\console\Controller.php(164): yii\base\Controller->runAction('extract', Array)
#5 C:\Users\rossa\OneDrive\Documents\GitHub\yii2-house2house\vendor\yiisoft\yii2\base\Module.php(528): yii\console\Controller->runAction('extract', Array)
#6 C:\Users\rossa\OneDrive\Documents\GitHub\yii2-house2house\vendor\yiisoft\yii2\console\Application.php(180): yii\base\Module->runAction('message/extract', Array)
#7 C:\Users\rossa\OneDrive\Documents\GitHub\yii2-house2house\vendor\yiisoft\yii2\console\Application.php(147): yii\console\Application->runAction('message/extract', Array)
#8 C:\Users\rossa\OneDrive\Documents\GitHub\yii2-house2house\vendor\yiisoft\yii2\base\Application.php(386): yii\console\Application->handleRequest(Object(yii\console\Request))
#9 C:\Users\rossa\OneDrive\Documents\GitHub\yii2-house2house\yii(23): yii\base\Application->run()
#10 {main}
2020-04-27 19:23:27 [-][-][-][info][application] $_GET = []

$_POST = []

$_FILES = []

$_COOKIE = []

$_SERVER = [
    'ALLUSERSPROFILE' => 'C:\\ProgramData'
    'APPDATA' => 'C:\\Users\\rossa\\AppData\\Roaming'
    'CommonProgramFiles' => 'C:\\Program Files\\Common Files'
    'CommonProgramFiles(x86)' => 'C:\\Program Files (x86)\\Common Files'
    'CommonProgramW6432' => 'C:\\Program Files\\Common Files'
    'COMPUTERNAME' => 'DESKTOP-0A1VHFM'
    'ComSpec' => 'C:\\WINDOWS\\system32\\cmd.exe'
    'DriverData' => 'C:\\Windows\\System32\\Drivers\\DriverData'
    'FPS_BROWSER_APP_PROFILE_STRING' => 'Internet Explorer'
    'FPS_BROWSER_USER_PROFILE_STRING' => 'Default'
    'HOMEDRIVE' => 'C:'
    'HOMEPATH' => '\\Users\\rossa'
    'LOCALAPPDATA' => 'C:\\Users\\rossa\\AppData\\Local'
    'LOGONSERVER' => '\\\\DESKTOP-0A1VHFM'
    'NUMBER_OF_PROCESSORS' => '2'
    'OneDrive' => 'C:\\Users\\rossa\\OneDrive'
    'OneDriveConsumer' => 'C:\\Users\\rossa\\OneDrive'
    'OS' => 'Windows_NT'
    'Path' => 'C:\\WINDOWS\\system32;C:\\WINDOWS;C:\\WINDOWS\\System32\\Wbem;C:\\WINDOWS\\System32\\WindowsPowerShell\\v1.0\\;C:\\WINDOWS\\System32\\OpenSSH\\;C:\\Program Files\\Git\\cmd;C:\\Users\\rossa\\AppData\\Local\\Microsoft\\WindowsApps;C:\\Users\\rossa\\AppData\\Local\\ComposerSetup\\bin;C:\\Users\\rossa\\AppData\\Roaming\\Composer\\vendor\\bin;C:\\wamp64\\bin\\php\\php7.4.4;C:\\wamp64\\bin\\mysql\\mysql5.7.29\\bin;C:\\Users\\rossa\\AppData\\Local\\GitHubDesktop\\bin'
    'PATHEXT' => '.COM;.EXE;.BAT;.CMD;.VBS;.VBE;.JS;.JSE;.WSF;.WSH;.MSC'
    'PHP_COMMAND' => 'php.exe'
    'PROCESSOR_ARCHITECTURE' => 'AMD64'
    'PROCESSOR_IDENTIFIER' => 'Intel64 Family 6 Model 23 Stepping 10, GenuineIntel'
    'PROCESSOR_LEVEL' => '6'
    'PROCESSOR_REVISION' => '170a'
    'ProgramData' => 'C:\\ProgramData'
    'ProgramFiles' => 'C:\\Program Files'
    'ProgramFiles(x86)' => 'C:\\Program Files (x86)'
    'ProgramW6432' => 'C:\\Program Files'
    'PROMPT' => '$P$G'
    'PSModulePath' => 'C:\\Program Files\\WindowsPowerShell\\Modules;C:\\WINDOWS\\system32\\WindowsPowerShell\\v1.0\\Modules'
    'PUBLIC' => 'C:\\Users\\Public'
    'SESSIONNAME' => 'Console'
    'SystemDrive' => 'C:'
    'SystemRoot' => 'C:\\WINDOWS'
    'TEMP' => 'C:\\Users\\rossa\\AppData\\Local\\Temp'
    'TMP' => 'C:\\Users\\rossa\\AppData\\Local\\Temp'
    'USERDOMAIN' => 'DESKTOP-0A1VHFM'
    'USERDOMAIN_ROAMINGPROFILE' => 'DESKTOP-0A1VHFM'
    'USERNAME' => 'rossa'
    'USERPROFILE' => 'C:\\Users\\rossa'
    'windir' => 'C:\\WINDOWS'
    'YII_PATH' => 'C:\\Users\\rossa\\OneDrive\\Documents\\GitHub\\yii2-house2house\\'
    'PHP_SELF' => 'C:\\Users\\rossa\\OneDrive\\Documents\\GitHub\\yii2-house2house\\yii'
    'SCRIPT_NAME' => 'C:\\Users\\rossa\\OneDrive\\Documents\\GitHub\\yii2-house2house\\yii'
    'SCRIPT_FILENAME' => 'C:\\Users\\rossa\\OneDrive\\Documents\\GitHub\\yii2-house2house\\yii'
    'PATH_TRANSLATED' => 'C:\\Users\\rossa\\OneDrive\\Documents\\GitHub\\yii2-house2house\\yii'
    'DOCUMENT_ROOT' => ''
    'REQUEST_TIME_FLOAT' => 1588015407.4724
    'REQUEST_TIME' => 1588015407
    'argv' => [
        0 => 'C:\\Users\\rossa\\OneDrive\\Documents\\GitHub\\yii2-house2house\\yii'
        1 => 'message/extract'
        2 => '@frontend/messages/config.php'
    ]
    'argc' => 3
]
2020-05-01 10:16:15 [-][-][-][error][yii\console\UnknownCommandException] yii\base\InvalidRouteException: Unable to resolve the request "messages". in C:\Users\rossa\OneDrive\Documents\GitHub\yii2-house2house\vendor\yiisoft\yii2\base\Module.php:537
Stack trace:
#0 C:\Users\rossa\OneDrive\Documents\GitHub\yii2-house2house\vendor\yiisoft\yii2\console\Application.php(180): yii\base\Module->runAction('messages', Array)
#1 C:\Users\rossa\OneDrive\Documents\GitHub\yii2-house2house\vendor\yiisoft\yii2\console\Application.php(147): yii\console\Application->runAction('messages', Array)
#2 C:\Users\rossa\OneDrive\Documents\GitHub\yii2-house2house\vendor\yiisoft\yii2\base\Application.php(386): yii\console\Application->handleRequest(Object(yii\console\Request))
#3 C:\Users\rossa\OneDrive\Documents\GitHub\yii2-house2house\yii(23): yii\base\Application->run()
#4 {main}

Next yii\console\UnknownCommandException: Unknown command "messages". in C:\Users\rossa\OneDrive\Documents\GitHub\yii2-house2house\vendor\yiisoft\yii2\console\Application.php:183
Stack trace:
#0 C:\Users\rossa\OneDrive\Documents\GitHub\yii2-house2house\vendor\yiisoft\yii2\console\Application.php(147): yii\console\Application->runAction('messages', Array)
#1 C:\Users\rossa\OneDrive\Documents\GitHub\yii2-house2house\vendor\yiisoft\yii2\base\Application.php(386): yii\console\Application->handleRequest(Object(yii\console\Request))
#2 C:\Users\rossa\OneDrive\Documents\GitHub\yii2-house2house\yii(23): yii\base\Application->run()
#3 {main}
2020-05-01 10:16:15 [-][-][-][info][application] $_GET = []

$_POST = []

$_FILES = []

$_COOKIE = []

$_SERVER = [
    'ALLUSERSPROFILE' => 'C:\\ProgramData'
    'APPDATA' => 'C:\\Users\\rossa\\AppData\\Roaming'
    'CommonProgramFiles' => 'C:\\Program Files\\Common Files'
    'CommonProgramFiles(x86)' => 'C:\\Program Files (x86)\\Common Files'
    'CommonProgramW6432' => 'C:\\Program Files\\Common Files'
    'COMPUTERNAME' => 'DESKTOP-0A1VHFM'
    'ComSpec' => 'C:\\WINDOWS\\system32\\cmd.exe'
    'DriverData' => 'C:\\Windows\\System32\\Drivers\\DriverData'
    'FPS_BROWSER_APP_PROFILE_STRING' => 'Internet Explorer'
    'FPS_BROWSER_USER_PROFILE_STRING' => 'Default'
    'GOOGLE_APPLICATION_CREDENTIALS' => 'C:\\Users\\rossa\\OneDrive\\Desktop'
    'HOMEDRIVE' => 'C:'
    'HOMEPATH' => '\\Users\\rossa'
    'LOCALAPPDATA' => 'C:\\Users\\rossa\\AppData\\Local'
    'LOGONSERVER' => '\\\\DESKTOP-0A1VHFM'
    'NUMBER_OF_PROCESSORS' => '2'
    'OneDriveConsumer' => 'C:\\Users\\rossa\\OneDrive'
    'OS' => 'Windows_NT'
    'Path' => 'C:\\WINDOWS\\system32;C:\\WINDOWS;C:\\WINDOWS\\System32\\Wbem;C:\\WINDOWS\\System32\\WindowsPowerShell\\v1.0\\;C:\\WINDOWS\\System32\\OpenSSH\\;C:\\Program Files\\Git\\cmd;C:\\Users\\rossa\\AppData\\Local\\Microsoft\\WindowsApps;C:\\Users\\rossa\\AppData\\Local\\ComposerSetup\\bin;C:\\Users\\rossa\\AppData\\Roaming\\Composer\\vendor\\bin;C:\\wamp64\\bin\\php\\php7.4.4;C:\\wamp64\\bin\\mysql\\mysql5.7.29\\bin;C:\\Users\\rossa\\AppData\\Local\\GitHubDesktop\\bin'
    'PATHEXT' => '.COM;.EXE;.BAT;.CMD;.VBS;.VBE;.JS;.JSE;.WSF;.WSH;.MSC'
    'PHP_COMMAND' => 'php.exe'
    'PROCESSOR_ARCHITECTURE' => 'AMD64'
    'PROCESSOR_IDENTIFIER' => 'Intel64 Family 6 Model 23 Stepping 10, GenuineIntel'
    'PROCESSOR_LEVEL' => '6'
    'PROCESSOR_REVISION' => '170a'
    'ProgramData' => 'C:\\ProgramData'
    'ProgramFiles' => 'C:\\Program Files'
    'ProgramFiles(x86)' => 'C:\\Program Files (x86)'
    'ProgramW6432' => 'C:\\Program Files'
    'PROMPT' => '$P$G'
    'PSModulePath' => 'C:\\Program Files\\WindowsPowerShell\\Modules;C:\\WINDOWS\\system32\\WindowsPowerShell\\v1.0\\Modules'
    'PUBLIC' => 'C:\\Users\\Public'
    'SESSIONNAME' => 'Console'
    'SystemDrive' => 'C:'
    'SystemRoot' => 'C:\\WINDOWS'
    'TEMP' => 'C:\\Users\\rossa\\AppData\\Local\\Temp'
    'TMP' => 'C:\\Users\\rossa\\AppData\\Local\\Temp'
    'USERDOMAIN' => 'DESKTOP-0A1VHFM'
    'USERDOMAIN_ROAMINGPROFILE' => 'DESKTOP-0A1VHFM'
    'USERNAME' => 'rossa'
    'USERPROFILE' => 'C:\\Users\\rossa'
    'windir' => 'C:\\WINDOWS'
    'YII_PATH' => 'C:\\Users\\rossa\\OneDrive\\Documents\\GitHub\\yii2-house2house\\'
    'PHP_SELF' => 'C:\\Users\\rossa\\OneDrive\\Documents\\GitHub\\yii2-house2house\\yii'
    'SCRIPT_NAME' => 'C:\\Users\\rossa\\OneDrive\\Documents\\GitHub\\yii2-house2house\\yii'
    'SCRIPT_FILENAME' => 'C:\\Users\\rossa\\OneDrive\\Documents\\GitHub\\yii2-house2house\\yii'
    'PATH_TRANSLATED' => 'C:\\Users\\rossa\\OneDrive\\Documents\\GitHub\\yii2-house2house\\yii'
    'DOCUMENT_ROOT' => ''
    'REQUEST_TIME_FLOAT' => 1588328175.357
    'REQUEST_TIME' => 1588328175
    'argv' => [
        0 => 'C:\\Users\\rossa\\OneDrive\\Documents\\GitHub\\yii2-house2house\\yii'
        1 => 'messages'
    ]
    'argc' => 2
]
2020-05-01 10:16:22 [-][-][-][error][yii\console\Exception] yii\console\Exception: The configuration file does not exist: help in C:\Users\rossa\OneDrive\Documents\GitHub\yii2-house2house\vendor\yiisoft\yii2\console\controllers\MessageController.php:925
Stack trace:
#0 C:\Users\rossa\OneDrive\Documents\GitHub\yii2-house2house\vendor\yiisoft\yii2\console\controllers\MessageController.php(298): yii\console\controllers\MessageController->initConfig('help')
#1 [internal function]: yii\console\controllers\MessageController->actionExtract('help')
#2 C:\Users\rossa\OneDrive\Documents\GitHub\yii2-house2house\vendor\yiisoft\yii2\base\InlineAction.php(57): call_user_func_array(Array, Array)
#3 C:\Users\rossa\OneDrive\Documents\GitHub\yii2-house2house\vendor\yiisoft\yii2\base\Controller.php(157): yii\base\InlineAction->runWithParams(Array)
#4 C:\Users\rossa\OneDrive\Documents\GitHub\yii2-house2house\vendor\yiisoft\yii2\console\Controller.php(164): yii\base\Controller->runAction('', Array)
#5 C:\Users\rossa\OneDrive\Documents\GitHub\yii2-house2house\vendor\yiisoft\yii2\base\Module.php(528): yii\console\Controller->runAction('', Array)
#6 C:\Users\rossa\OneDrive\Documents\GitHub\yii2-house2house\vendor\yiisoft\yii2\console\Application.php(180): yii\base\Module->runAction('message', Array)
#7 C:\Users\rossa\OneDrive\Documents\GitHub\yii2-house2house\vendor\yiisoft\yii2\console\Application.php(147): yii\console\Application->runAction('message', Array)
#8 C:\Users\rossa\OneDrive\Documents\GitHub\yii2-house2house\vendor\yiisoft\yii2\base\Application.php(386): yii\console\Application->handleRequest(Object(yii\console\Request))
#9 C:\Users\rossa\OneDrive\Documents\GitHub\yii2-house2house\yii(23): yii\base\Application->run()
#10 {main}
2020-05-01 10:16:22 [-][-][-][info][application] $_GET = []

$_POST = []

$_FILES = []

$_COOKIE = []

$_SERVER = [
    'ALLUSERSPROFILE' => 'C:\\ProgramData'
    'APPDATA' => 'C:\\Users\\rossa\\AppData\\Roaming'
    'CommonProgramFiles' => 'C:\\Program Files\\Common Files'
    'CommonProgramFiles(x86)' => 'C:\\Program Files (x86)\\Common Files'
    'CommonProgramW6432' => 'C:\\Program Files\\Common Files'
    'COMPUTERNAME' => 'DESKTOP-0A1VHFM'
    'ComSpec' => 'C:\\WINDOWS\\system32\\cmd.exe'
    'DriverData' => 'C:\\Windows\\System32\\Drivers\\DriverData'
    'FPS_BROWSER_APP_PROFILE_STRING' => 'Internet Explorer'
    'FPS_BROWSER_USER_PROFILE_STRING' => 'Default'
    'GOOGLE_APPLICATION_CREDENTIALS' => 'C:\\Users\\rossa\\OneDrive\\Desktop'
    'HOMEDRIVE' => 'C:'
    'HOMEPATH' => '\\Users\\rossa'
    'LOCALAPPDATA' => 'C:\\Users\\rossa\\AppData\\Local'
    'LOGONSERVER' => '\\\\DESKTOP-0A1VHFM'
    'NUMBER_OF_PROCESSORS' => '2'
    'OneDriveConsumer' => 'C:\\Users\\rossa\\OneDrive'
    'OS' => 'Windows_NT'
    'Path' => 'C:\\WINDOWS\\system32;C:\\WINDOWS;C:\\WINDOWS\\System32\\Wbem;C:\\WINDOWS\\System32\\WindowsPowerShell\\v1.0\\;C:\\WINDOWS\\System32\\OpenSSH\\;C:\\Program Files\\Git\\cmd;C:\\Users\\rossa\\AppData\\Local\\Microsoft\\WindowsApps;C:\\Users\\rossa\\AppData\\Local\\ComposerSetup\\bin;C:\\Users\\rossa\\AppData\\Roaming\\Composer\\vendor\\bin;C:\\wamp64\\bin\\php\\php7.4.4;C:\\wamp64\\bin\\mysql\\mysql5.7.29\\bin;C:\\Users\\rossa\\AppData\\Local\\GitHubDesktop\\bin'
    'PATHEXT' => '.COM;.EXE;.BAT;.CMD;.VBS;.VBE;.JS;.JSE;.WSF;.WSH;.MSC'
    'PHP_COMMAND' => 'php.exe'
    'PROCESSOR_ARCHITECTURE' => 'AMD64'
    'PROCESSOR_IDENTIFIER' => 'Intel64 Family 6 Model 23 Stepping 10, GenuineIntel'
    'PROCESSOR_LEVEL' => '6'
    'PROCESSOR_REVISION' => '170a'
    'ProgramData' => 'C:\\ProgramData'
    'ProgramFiles' => 'C:\\Program Files'
    'ProgramFiles(x86)' => 'C:\\Program Files (x86)'
    'ProgramW6432' => 'C:\\Program Files'
    'PROMPT' => '$P$G'
    'PSModulePath' => 'C:\\Program Files\\WindowsPowerShell\\Modules;C:\\WINDOWS\\system32\\WindowsPowerShell\\v1.0\\Modules'
    'PUBLIC' => 'C:\\Users\\Public'
    'SESSIONNAME' => 'Console'
    'SystemDrive' => 'C:'
    'SystemRoot' => 'C:\\WINDOWS'
    'TEMP' => 'C:\\Users\\rossa\\AppData\\Local\\Temp'
    'TMP' => 'C:\\Users\\rossa\\AppData\\Local\\Temp'
    'USERDOMAIN' => 'DESKTOP-0A1VHFM'
    'USERDOMAIN_ROAMINGPROFILE' => 'DESKTOP-0A1VHFM'
    'USERNAME' => 'rossa'
    'USERPROFILE' => 'C:\\Users\\rossa'
    'windir' => 'C:\\WINDOWS'
    'YII_PATH' => 'C:\\Users\\rossa\\OneDrive\\Documents\\GitHub\\yii2-house2house\\'
    'PHP_SELF' => 'C:\\Users\\rossa\\OneDrive\\Documents\\GitHub\\yii2-house2house\\yii'
    'SCRIPT_NAME' => 'C:\\Users\\rossa\\OneDrive\\Documents\\GitHub\\yii2-house2house\\yii'
    'SCRIPT_FILENAME' => 'C:\\Users\\rossa\\OneDrive\\Documents\\GitHub\\yii2-house2house\\yii'
    'PATH_TRANSLATED' => 'C:\\Users\\rossa\\OneDrive\\Documents\\GitHub\\yii2-house2house\\yii'
    'DOCUMENT_ROOT' => ''
    'REQUEST_TIME_FLOAT' => 1588328182.7094
    'REQUEST_TIME' => 1588328182
    'argv' => [
        0 => 'C:\\Users\\rossa\\OneDrive\\Documents\\GitHub\\yii2-house2house\\yii'
        1 => 'message'
        2 => 'help'
    ]
    'argc' => 3
]
2020-05-01 10:17:44 [-][-][-][error][yii\console\Exception] yii\console\Exception: Languages cannot be empty. in C:\Users\rossa\OneDrive\Documents\GitHub\yii2-house2house\vendor\yiisoft\yii2\console\controllers\MessageController.php:956
Stack trace:
#0 C:\Users\rossa\OneDrive\Documents\GitHub\yii2-house2house\vendor\yiisoft\yii2\console\controllers\MessageController.php(298): yii\console\controllers\MessageController->initConfig(NULL)
#1 [internal function]: yii\console\controllers\MessageController->actionExtract(NULL)
#2 C:\Users\rossa\OneDrive\Documents\GitHub\yii2-house2house\vendor\yiisoft\yii2\base\InlineAction.php(57): call_user_func_array(Array, Array)
#3 C:\Users\rossa\OneDrive\Documents\GitHub\yii2-house2house\vendor\yiisoft\yii2\base\Controller.php(157): yii\base\InlineAction->runWithParams(Array)
#4 C:\Users\rossa\OneDrive\Documents\GitHub\yii2-house2house\vendor\yiisoft\yii2\console\Controller.php(164): yii\base\Controller->runAction('extract', Array)
#5 C:\Users\rossa\OneDrive\Documents\GitHub\yii2-house2house\vendor\yiisoft\yii2\base\Module.php(528): yii\console\Controller->runAction('extract', Array)
#6 C:\Users\rossa\OneDrive\Documents\GitHub\yii2-house2house\vendor\yiisoft\yii2\console\Application.php(180): yii\base\Module->runAction('message/extract', Array)
#7 C:\Users\rossa\OneDrive\Documents\GitHub\yii2-house2house\vendor\yiisoft\yii2\console\Application.php(147): yii\console\Application->runAction('message/extract', Array)
#8 C:\Users\rossa\OneDrive\Documents\GitHub\yii2-house2house\vendor\yiisoft\yii2\base\Application.php(386): yii\console\Application->handleRequest(Object(yii\console\Request))
#9 C:\Users\rossa\OneDrive\Documents\GitHub\yii2-house2house\yii(23): yii\base\Application->run()
#10 {main}
2020-05-01 10:17:44 [-][-][-][info][application] $_GET = []

$_POST = []

$_FILES = []

$_COOKIE = []

$_SERVER = [
    'ALLUSERSPROFILE' => 'C:\\ProgramData'
    'APPDATA' => 'C:\\Users\\rossa\\AppData\\Roaming'
    'CommonProgramFiles' => 'C:\\Program Files\\Common Files'
    'CommonProgramFiles(x86)' => 'C:\\Program Files (x86)\\Common Files'
    'CommonProgramW6432' => 'C:\\Program Files\\Common Files'
    'COMPUTERNAME' => 'DESKTOP-0A1VHFM'
    'ComSpec' => 'C:\\WINDOWS\\system32\\cmd.exe'
    'DriverData' => 'C:\\Windows\\System32\\Drivers\\DriverData'
    'FPS_BROWSER_APP_PROFILE_STRING' => 'Internet Explorer'
    'FPS_BROWSER_USER_PROFILE_STRING' => 'Default'
    'GOOGLE_APPLICATION_CREDENTIALS' => 'C:\\Users\\rossa\\OneDrive\\Desktop'
    'HOMEDRIVE' => 'C:'
    'HOMEPATH' => '\\Users\\rossa'
    'LOCALAPPDATA' => 'C:\\Users\\rossa\\AppData\\Local'
    'LOGONSERVER' => '\\\\DESKTOP-0A1VHFM'
    'NUMBER_OF_PROCESSORS' => '2'
    'OneDriveConsumer' => 'C:\\Users\\rossa\\OneDrive'
    'OS' => 'Windows_NT'
    'Path' => 'C:\\WINDOWS\\system32;C:\\WINDOWS;C:\\WINDOWS\\System32\\Wbem;C:\\WINDOWS\\System32\\WindowsPowerShell\\v1.0\\;C:\\WINDOWS\\System32\\OpenSSH\\;C:\\Program Files\\Git\\cmd;C:\\Users\\rossa\\AppData\\Local\\Microsoft\\WindowsApps;C:\\Users\\rossa\\AppData\\Local\\ComposerSetup\\bin;C:\\Users\\rossa\\AppData\\Roaming\\Composer\\vendor\\bin;C:\\wamp64\\bin\\php\\php7.4.4;C:\\wamp64\\bin\\mysql\\mysql5.7.29\\bin;C:\\Users\\rossa\\AppData\\Local\\GitHubDesktop\\bin'
    'PATHEXT' => '.COM;.EXE;.BAT;.CMD;.VBS;.VBE;.JS;.JSE;.WSF;.WSH;.MSC'
    'PHP_COMMAND' => 'php.exe'
    'PROCESSOR_ARCHITECTURE' => 'AMD64'
    'PROCESSOR_IDENTIFIER' => 'Intel64 Family 6 Model 23 Stepping 10, GenuineIntel'
    'PROCESSOR_LEVEL' => '6'
    'PROCESSOR_REVISION' => '170a'
    'ProgramData' => 'C:\\ProgramData'
    'ProgramFiles' => 'C:\\Program Files'
    'ProgramFiles(x86)' => 'C:\\Program Files (x86)'
    'ProgramW6432' => 'C:\\Program Files'
    'PROMPT' => '$P$G'
    'PSModulePath' => 'C:\\Program Files\\WindowsPowerShell\\Modules;C:\\WINDOWS\\system32\\WindowsPowerShell\\v1.0\\Modules'
    'PUBLIC' => 'C:\\Users\\Public'
    'SESSIONNAME' => 'Console'
    'SystemDrive' => 'C:'
    'SystemRoot' => 'C:\\WINDOWS'
    'TEMP' => 'C:\\Users\\rossa\\AppData\\Local\\Temp'
    'TMP' => 'C:\\Users\\rossa\\AppData\\Local\\Temp'
    'USERDOMAIN' => 'DESKTOP-0A1VHFM'
    'USERDOMAIN_ROAMINGPROFILE' => 'DESKTOP-0A1VHFM'
    'USERNAME' => 'rossa'
    'USERPROFILE' => 'C:\\Users\\rossa'
    'windir' => 'C:\\WINDOWS'
    'YII_PATH' => 'C:\\Users\\rossa\\OneDrive\\Documents\\GitHub\\yii2-house2house\\'
    'PHP_SELF' => 'C:\\Users\\rossa\\OneDrive\\Documents\\GitHub\\yii2-house2house\\yii'
    'SCRIPT_NAME' => 'C:\\Users\\rossa\\OneDrive\\Documents\\GitHub\\yii2-house2house\\yii'
    'SCRIPT_FILENAME' => 'C:\\Users\\rossa\\OneDrive\\Documents\\GitHub\\yii2-house2house\\yii'
    'PATH_TRANSLATED' => 'C:\\Users\\rossa\\OneDrive\\Documents\\GitHub\\yii2-house2house\\yii'
    'DOCUMENT_ROOT' => ''
    'REQUEST_TIME_FLOAT' => 1588328264.0812
    'REQUEST_TIME' => 1588328264
    'argv' => [
        0 => 'C:\\Users\\rossa\\OneDrive\\Documents\\GitHub\\yii2-house2house\\yii'
        1 => 'message/extract'
    ]
    'argc' => 2
]
2020-05-01 10:32:04 [-][-][-][error][yii\console\Exception] yii\console\Exception: The configuration file does not exist: --@frontend/messages/template.php in C:\Users\rossa\OneDrive\Documents\GitHub\yii2-house2house\vendor\yiisoft\yii2\console\controllers\MessageController.php:925
Stack trace:
#0 C:\Users\rossa\OneDrive\Documents\GitHub\yii2-house2house\vendor\yiisoft\yii2\console\controllers\MessageController.php(298): yii\console\controllers\MessageController->initConfig('--@frontend/mes...')
#1 [internal function]: yii\console\controllers\MessageController->actionExtract('--@frontend/mes...')
#2 C:\Users\rossa\OneDrive\Documents\GitHub\yii2-house2house\vendor\yiisoft\yii2\base\InlineAction.php(57): call_user_func_array(Array, Array)
#3 C:\Users\rossa\OneDrive\Documents\GitHub\yii2-house2house\vendor\yiisoft\yii2\base\Controller.php(157): yii\base\InlineAction->runWithParams(Array)
#4 C:\Users\rossa\OneDrive\Documents\GitHub\yii2-house2house\vendor\yiisoft\yii2\console\Controller.php(164): yii\base\Controller->runAction('extract', Array)
#5 C:\Users\rossa\OneDrive\Documents\GitHub\yii2-house2house\vendor\yiisoft\yii2\base\Module.php(528): yii\console\Controller->runAction('extract', Array)
#6 C:\Users\rossa\OneDrive\Documents\GitHub\yii2-house2house\vendor\yiisoft\yii2\console\Application.php(180): yii\base\Module->runAction('message/extract', Array)
#7 C:\Users\rossa\OneDrive\Documents\GitHub\yii2-house2house\vendor\yiisoft\yii2\console\Application.php(147): yii\console\Application->runAction('message/extract', Array)
#8 C:\Users\rossa\OneDrive\Documents\GitHub\yii2-house2house\vendor\yiisoft\yii2\base\Application.php(386): yii\console\Application->handleRequest(Object(yii\console\Request))
#9 C:\Users\rossa\OneDrive\Documents\GitHub\yii2-house2house\yii(23): yii\base\Application->run()
#10 {main}
2020-05-01 10:32:04 [-][-][-][info][application] $_GET = []

$_POST = []

$_FILES = []

$_COOKIE = []

$_SERVER = [
    'ALLUSERSPROFILE' => 'C:\\ProgramData'
    'APPDATA' => 'C:\\Users\\rossa\\AppData\\Roaming'
    'CommonProgramFiles' => 'C:\\Program Files\\Common Files'
    'CommonProgramFiles(x86)' => 'C:\\Program Files (x86)\\Common Files'
    'CommonProgramW6432' => 'C:\\Program Files\\Common Files'
    'COMPUTERNAME' => 'DESKTOP-0A1VHFM'
    'ComSpec' => 'C:\\WINDOWS\\system32\\cmd.exe'
    'DriverData' => 'C:\\Windows\\System32\\Drivers\\DriverData'
    'FPS_BROWSER_APP_PROFILE_STRING' => 'Internet Explorer'
    'FPS_BROWSER_USER_PROFILE_STRING' => 'Default'
    'GOOGLE_APPLICATION_CREDENTIALS' => 'C:\\Users\\rossa\\OneDrive\\Desktop'
    'HOMEDRIVE' => 'C:'
    'HOMEPATH' => '\\Users\\rossa'
    'LOCALAPPDATA' => 'C:\\Users\\rossa\\AppData\\Local'
    'LOGONSERVER' => '\\\\DESKTOP-0A1VHFM'
    'NUMBER_OF_PROCESSORS' => '2'
    'OneDriveConsumer' => 'C:\\Users\\rossa\\OneDrive'
    'OS' => 'Windows_NT'
    'Path' => 'C:\\WINDOWS\\system32;C:\\WINDOWS;C:\\WINDOWS\\System32\\Wbem;C:\\WINDOWS\\System32\\WindowsPowerShell\\v1.0\\;C:\\WINDOWS\\System32\\OpenSSH\\;C:\\Program Files\\Git\\cmd;C:\\Users\\rossa\\AppData\\Local\\Microsoft\\WindowsApps;C:\\Users\\rossa\\AppData\\Local\\ComposerSetup\\bin;C:\\Users\\rossa\\AppData\\Roaming\\Composer\\vendor\\bin;C:\\wamp64\\bin\\php\\php7.4.4;C:\\wamp64\\bin\\mysql\\mysql5.7.29\\bin;C:\\Users\\rossa\\AppData\\Local\\GitHubDesktop\\bin'
    'PATHEXT' => '.COM;.EXE;.BAT;.CMD;.VBS;.VBE;.JS;.JSE;.WSF;.WSH;.MSC'
    'PHP_COMMAND' => 'php.exe'
    'PROCESSOR_ARCHITECTURE' => 'AMD64'
    'PROCESSOR_IDENTIFIER' => 'Intel64 Family 6 Model 23 Stepping 10, GenuineIntel'
    'PROCESSOR_LEVEL' => '6'
    'PROCESSOR_REVISION' => '170a'
    'ProgramData' => 'C:\\ProgramData'
    'ProgramFiles' => 'C:\\Program Files'
    'ProgramFiles(x86)' => 'C:\\Program Files (x86)'
    'ProgramW6432' => 'C:\\Program Files'
    'PROMPT' => '$P$G'
    'PSModulePath' => 'C:\\Program Files\\WindowsPowerShell\\Modules;C:\\WINDOWS\\system32\\WindowsPowerShell\\v1.0\\Modules'
    'PUBLIC' => 'C:\\Users\\Public'
    'SESSIONNAME' => 'Console'
    'SystemDrive' => 'C:'
    'SystemRoot' => 'C:\\WINDOWS'
    'TEMP' => 'C:\\Users\\rossa\\AppData\\Local\\Temp'
    'TMP' => 'C:\\Users\\rossa\\AppData\\Local\\Temp'
    'USERDOMAIN' => 'DESKTOP-0A1VHFM'
    'USERDOMAIN_ROAMINGPROFILE' => 'DESKTOP-0A1VHFM'
    'USERNAME' => 'rossa'
    'USERPROFILE' => 'C:\\Users\\rossa'
    'windir' => 'C:\\WINDOWS'
    'YII_PATH' => 'C:\\Users\\rossa\\OneDrive\\Documents\\GitHub\\yii2-house2house\\'
    'PHP_SELF' => 'C:\\Users\\rossa\\OneDrive\\Documents\\GitHub\\yii2-house2house\\yii'
    'SCRIPT_NAME' => 'C:\\Users\\rossa\\OneDrive\\Documents\\GitHub\\yii2-house2house\\yii'
    'SCRIPT_FILENAME' => 'C:\\Users\\rossa\\OneDrive\\Documents\\GitHub\\yii2-house2house\\yii'
    'PATH_TRANSLATED' => 'C:\\Users\\rossa\\OneDrive\\Documents\\GitHub\\yii2-house2house\\yii'
    'DOCUMENT_ROOT' => ''
    'REQUEST_TIME_FLOAT' => 1588329124.7771
    'REQUEST_TIME' => 1588329124
    'argv' => [
        0 => 'C:\\Users\\rossa\\OneDrive\\Documents\\GitHub\\yii2-house2house\\yii'
        1 => 'message/extract'
        2 => '--@frontend/messages/template.php'
    ]
    'argc' => 3
]
2020-05-01 10:32:20 [-][-][-][error][yii\console\Exception] yii\console\Exception: The configuration file does not exist: --/template.php in C:\Users\rossa\OneDrive\Documents\GitHub\yii2-house2house\vendor\yiisoft\yii2\console\controllers\MessageController.php:925
Stack trace:
#0 C:\Users\rossa\OneDrive\Documents\GitHub\yii2-house2house\vendor\yiisoft\yii2\console\controllers\MessageController.php(298): yii\console\controllers\MessageController->initConfig('--/template.php')
#1 [internal function]: yii\console\controllers\MessageController->actionExtract('--/template.php')
#2 C:\Users\rossa\OneDrive\Documents\GitHub\yii2-house2house\vendor\yiisoft\yii2\base\InlineAction.php(57): call_user_func_array(Array, Array)
#3 C:\Users\rossa\OneDrive\Documents\GitHub\yii2-house2house\vendor\yiisoft\yii2\base\Controller.php(157): yii\base\InlineAction->runWithParams(Array)
#4 C:\Users\rossa\OneDrive\Documents\GitHub\yii2-house2house\vendor\yiisoft\yii2\console\Controller.php(164): yii\base\Controller->runAction('extract', Array)
#5 C:\Users\rossa\OneDrive\Documents\GitHub\yii2-house2house\vendor\yiisoft\yii2\base\Module.php(528): yii\console\Controller->runAction('extract', Array)
#6 C:\Users\rossa\OneDrive\Documents\GitHub\yii2-house2house\vendor\yiisoft\yii2\console\Application.php(180): yii\base\Module->runAction('message/extract', Array)
#7 C:\Users\rossa\OneDrive\Documents\GitHub\yii2-house2house\vendor\yiisoft\yii2\console\Application.php(147): yii\console\Application->runAction('message/extract', Array)
#8 C:\Users\rossa\OneDrive\Documents\GitHub\yii2-house2house\vendor\yiisoft\yii2\base\Application.php(386): yii\console\Application->handleRequest(Object(yii\console\Request))
#9 C:\Users\rossa\OneDrive\Documents\GitHub\yii2-house2house\yii(23): yii\base\Application->run()
#10 {main}
2020-05-01 10:32:20 [-][-][-][info][application] $_GET = []

$_POST = []

$_FILES = []

$_COOKIE = []

$_SERVER = [
    'ALLUSERSPROFILE' => 'C:\\ProgramData'
    'APPDATA' => 'C:\\Users\\rossa\\AppData\\Roaming'
    'CommonProgramFiles' => 'C:\\Program Files\\Common Files'
    'CommonProgramFiles(x86)' => 'C:\\Program Files (x86)\\Common Files'
    'CommonProgramW6432' => 'C:\\Program Files\\Common Files'
    'COMPUTERNAME' => 'DESKTOP-0A1VHFM'
    'ComSpec' => 'C:\\WINDOWS\\system32\\cmd.exe'
    'DriverData' => 'C:\\Windows\\System32\\Drivers\\DriverData'
    'FPS_BROWSER_APP_PROFILE_STRING' => 'Internet Explorer'
    'FPS_BROWSER_USER_PROFILE_STRING' => 'Default'
    'GOOGLE_APPLICATION_CREDENTIALS' => 'C:\\Users\\rossa\\OneDrive\\Desktop'
    'HOMEDRIVE' => 'C:'
    'HOMEPATH' => '\\Users\\rossa'
    'LOCALAPPDATA' => 'C:\\Users\\rossa\\AppData\\Local'
    'LOGONSERVER' => '\\\\DESKTOP-0A1VHFM'
    'NUMBER_OF_PROCESSORS' => '2'
    'OneDriveConsumer' => 'C:\\Users\\rossa\\OneDrive'
    'OS' => 'Windows_NT'
    'Path' => 'C:\\WINDOWS\\system32;C:\\WINDOWS;C:\\WINDOWS\\System32\\Wbem;C:\\WINDOWS\\System32\\WindowsPowerShell\\v1.0\\;C:\\WINDOWS\\System32\\OpenSSH\\;C:\\Program Files\\Git\\cmd;C:\\Users\\rossa\\AppData\\Local\\Microsoft\\WindowsApps;C:\\Users\\rossa\\AppData\\Local\\ComposerSetup\\bin;C:\\Users\\rossa\\AppData\\Roaming\\Composer\\vendor\\bin;C:\\wamp64\\bin\\php\\php7.4.4;C:\\wamp64\\bin\\mysql\\mysql5.7.29\\bin;C:\\Users\\rossa\\AppData\\Local\\GitHubDesktop\\bin'
    'PATHEXT' => '.COM;.EXE;.BAT;.CMD;.VBS;.VBE;.JS;.JSE;.WSF;.WSH;.MSC'
    'PHP_COMMAND' => 'php.exe'
    'PROCESSOR_ARCHITECTURE' => 'AMD64'
    'PROCESSOR_IDENTIFIER' => 'Intel64 Family 6 Model 23 Stepping 10, GenuineIntel'
    'PROCESSOR_LEVEL' => '6'
    'PROCESSOR_REVISION' => '170a'
    'ProgramData' => 'C:\\ProgramData'
    'ProgramFiles' => 'C:\\Program Files'
    'ProgramFiles(x86)' => 'C:\\Program Files (x86)'
    'ProgramW6432' => 'C:\\Program Files'
    'PROMPT' => '$P$G'
    'PSModulePath' => 'C:\\Program Files\\WindowsPowerShell\\Modules;C:\\WINDOWS\\system32\\WindowsPowerShell\\v1.0\\Modules'
    'PUBLIC' => 'C:\\Users\\Public'
    'SESSIONNAME' => 'Console'
    'SystemDrive' => 'C:'
    'SystemRoot' => 'C:\\WINDOWS'
    'TEMP' => 'C:\\Users\\rossa\\AppData\\Local\\Temp'
    'TMP' => 'C:\\Users\\rossa\\AppData\\Local\\Temp'
    'USERDOMAIN' => 'DESKTOP-0A1VHFM'
    'USERDOMAIN_ROAMINGPROFILE' => 'DESKTOP-0A1VHFM'
    'USERNAME' => 'rossa'
    'USERPROFILE' => 'C:\\Users\\rossa'
    'windir' => 'C:\\WINDOWS'
    'YII_PATH' => 'C:\\Users\\rossa\\OneDrive\\Documents\\GitHub\\yii2-house2house\\'
    'PHP_SELF' => 'C:\\Users\\rossa\\OneDrive\\Documents\\GitHub\\yii2-house2house\\yii'
    'SCRIPT_NAME' => 'C:\\Users\\rossa\\OneDrive\\Documents\\GitHub\\yii2-house2house\\yii'
    'SCRIPT_FILENAME' => 'C:\\Users\\rossa\\OneDrive\\Documents\\GitHub\\yii2-house2house\\yii'
    'PATH_TRANSLATED' => 'C:\\Users\\rossa\\OneDrive\\Documents\\GitHub\\yii2-house2house\\yii'
    'DOCUMENT_ROOT' => ''
    'REQUEST_TIME_FLOAT' => 1588329140.5976
    'REQUEST_TIME' => 1588329140
    'argv' => [
        0 => 'C:\\Users\\rossa\\OneDrive\\Documents\\GitHub\\yii2-house2house\\yii'
        1 => 'message/extract'
        2 => '--/template.php'
    ]
    'argc' => 3
]
2020-05-01 10:33:16 [-][-][-][error][yii\console\Exception] yii\console\Exception: The configuration file does not exist: C:\Users\rossa\OneDrive\Documents\GitHub\yii2-house2house\console/messages/template.php in C:\Users\rossa\OneDrive\Documents\GitHub\yii2-house2house\vendor\yiisoft\yii2\console\controllers\MessageController.php:925
Stack trace:
#0 C:\Users\rossa\OneDrive\Documents\GitHub\yii2-house2house\vendor\yiisoft\yii2\console\controllers\MessageController.php(298): yii\console\controllers\MessageController->initConfig('C:\\Users\\rossa\\...')
#1 [internal function]: yii\console\controllers\MessageController->actionExtract('@app/messages/t...')
#2 C:\Users\rossa\OneDrive\Documents\GitHub\yii2-house2house\vendor\yiisoft\yii2\base\InlineAction.php(57): call_user_func_array(Array, Array)
#3 C:\Users\rossa\OneDrive\Documents\GitHub\yii2-house2house\vendor\yiisoft\yii2\base\Controller.php(157): yii\base\InlineAction->runWithParams(Array)
#4 C:\Users\rossa\OneDrive\Documents\GitHub\yii2-house2house\vendor\yiisoft\yii2\console\Controller.php(164): yii\base\Controller->runAction('extract', Array)
#5 C:\Users\rossa\OneDrive\Documents\GitHub\yii2-house2house\vendor\yiisoft\yii2\base\Module.php(528): yii\console\Controller->runAction('extract', Array)
#6 C:\Users\rossa\OneDrive\Documents\GitHub\yii2-house2house\vendor\yiisoft\yii2\console\Application.php(180): yii\base\Module->runAction('message/extract', Array)
#7 C:\Users\rossa\OneDrive\Documents\GitHub\yii2-house2house\vendor\yiisoft\yii2\console\Application.php(147): yii\console\Application->runAction('message/extract', Array)
#8 C:\Users\rossa\OneDrive\Documents\GitHub\yii2-house2house\vendor\yiisoft\yii2\base\Application.php(386): yii\console\Application->handleRequest(Object(yii\console\Request))
#9 C:\Users\rossa\OneDrive\Documents\GitHub\yii2-house2house\yii(23): yii\base\Application->run()
#10 {main}
2020-05-01 10:33:16 [-][-][-][info][application] $_GET = []

$_POST = []

$_FILES = []

$_COOKIE = []

$_SERVER = [
    'ALLUSERSPROFILE' => 'C:\\ProgramData'
    'APPDATA' => 'C:\\Users\\rossa\\AppData\\Roaming'
    'CommonProgramFiles' => 'C:\\Program Files\\Common Files'
    'CommonProgramFiles(x86)' => 'C:\\Program Files (x86)\\Common Files'
    'CommonProgramW6432' => 'C:\\Program Files\\Common Files'
    'COMPUTERNAME' => 'DESKTOP-0A1VHFM'
    'ComSpec' => 'C:\\WINDOWS\\system32\\cmd.exe'
    'DriverData' => 'C:\\Windows\\System32\\Drivers\\DriverData'
    'FPS_BROWSER_APP_PROFILE_STRING' => 'Internet Explorer'
    'FPS_BROWSER_USER_PROFILE_STRING' => 'Default'
    'GOOGLE_APPLICATION_CREDENTIALS' => 'C:\\Users\\rossa\\OneDrive\\Desktop'
    'HOMEDRIVE' => 'C:'
    'HOMEPATH' => '\\Users\\rossa'
    'LOCALAPPDATA' => 'C:\\Users\\rossa\\AppData\\Local'
    'LOGONSERVER' => '\\\\DESKTOP-0A1VHFM'
    'NUMBER_OF_PROCESSORS' => '2'
    'OneDriveConsumer' => 'C:\\Users\\rossa\\OneDrive'
    'OS' => 'Windows_NT'
    'Path' => 'C:\\WINDOWS\\system32;C:\\WINDOWS;C:\\WINDOWS\\System32\\Wbem;C:\\WINDOWS\\System32\\WindowsPowerShell\\v1.0\\;C:\\WINDOWS\\System32\\OpenSSH\\;C:\\Program Files\\Git\\cmd;C:\\Users\\rossa\\AppData\\Local\\Microsoft\\WindowsApps;C:\\Users\\rossa\\AppData\\Local\\ComposerSetup\\bin;C:\\Users\\rossa\\AppData\\Roaming\\Composer\\vendor\\bin;C:\\wamp64\\bin\\php\\php7.4.4;C:\\wamp64\\bin\\mysql\\mysql5.7.29\\bin;C:\\Users\\rossa\\AppData\\Local\\GitHubDesktop\\bin'
    'PATHEXT' => '.COM;.EXE;.BAT;.CMD;.VBS;.VBE;.JS;.JSE;.WSF;.WSH;.MSC'
    'PHP_COMMAND' => 'php.exe'
    'PROCESSOR_ARCHITECTURE' => 'AMD64'
    'PROCESSOR_IDENTIFIER' => 'Intel64 Family 6 Model 23 Stepping 10, GenuineIntel'
    'PROCESSOR_LEVEL' => '6'
    'PROCESSOR_REVISION' => '170a'
    'ProgramData' => 'C:\\ProgramData'
    'ProgramFiles' => 'C:\\Program Files'
    'ProgramFiles(x86)' => 'C:\\Program Files (x86)'
    'ProgramW6432' => 'C:\\Program Files'
    'PROMPT' => '$P$G'
    'PSModulePath' => 'C:\\Program Files\\WindowsPowerShell\\Modules;C:\\WINDOWS\\system32\\WindowsPowerShell\\v1.0\\Modules'
    'PUBLIC' => 'C:\\Users\\Public'
    'SESSIONNAME' => 'Console'
    'SystemDrive' => 'C:'
    'SystemRoot' => 'C:\\WINDOWS'
    'TEMP' => 'C:\\Users\\rossa\\AppData\\Local\\Temp'
    'TMP' => 'C:\\Users\\rossa\\AppData\\Local\\Temp'
    'USERDOMAIN' => 'DESKTOP-0A1VHFM'
    'USERDOMAIN_ROAMINGPROFILE' => 'DESKTOP-0A1VHFM'
    'USERNAME' => 'rossa'
    'USERPROFILE' => 'C:\\Users\\rossa'
    'windir' => 'C:\\WINDOWS'
    'YII_PATH' => 'C:\\Users\\rossa\\OneDrive\\Documents\\GitHub\\yii2-house2house\\'
    'PHP_SELF' => 'C:\\Users\\rossa\\OneDrive\\Documents\\GitHub\\yii2-house2house\\yii'
    'SCRIPT_NAME' => 'C:\\Users\\rossa\\OneDrive\\Documents\\GitHub\\yii2-house2house\\yii'
    'SCRIPT_FILENAME' => 'C:\\Users\\rossa\\OneDrive\\Documents\\GitHub\\yii2-house2house\\yii'
    'PATH_TRANSLATED' => 'C:\\Users\\rossa\\OneDrive\\Documents\\GitHub\\yii2-house2house\\yii'
    'DOCUMENT_ROOT' => ''
    'REQUEST_TIME_FLOAT' => 1588329196.8731
    'REQUEST_TIME' => 1588329196
    'argv' => [
        0 => 'C:\\Users\\rossa\\OneDrive\\Documents\\GitHub\\yii2-house2house\\yii'
        1 => 'message/extract'
        2 => '@app/messages/template.php'
    ]
    'argc' => 3
]
2020-05-01 14:47:33 [-][-][-][error][yii\console\Exception] yii\console\Exception: You should specify cache components names in C:\Users\rossa\OneDrive\Documents\GitHub\yii2-house2house\vendor\yiisoft\yii2\console\controllers\CacheController.php:78
Stack trace:
#0 [internal function]: yii\console\controllers\CacheController->actionFlush()
#1 C:\Users\rossa\OneDrive\Documents\GitHub\yii2-house2house\vendor\yiisoft\yii2\base\InlineAction.php(57): call_user_func_array(Array, Array)
#2 C:\Users\rossa\OneDrive\Documents\GitHub\yii2-house2house\vendor\yiisoft\yii2\base\Controller.php(157): yii\base\InlineAction->runWithParams(Array)
#3 C:\Users\rossa\OneDrive\Documents\GitHub\yii2-house2house\vendor\yiisoft\yii2\console\Controller.php(164): yii\base\Controller->runAction('flush', Array)
#4 C:\Users\rossa\OneDrive\Documents\GitHub\yii2-house2house\vendor\yiisoft\yii2\base\Module.php(528): yii\console\Controller->runAction('flush', Array)
#5 C:\Users\rossa\OneDrive\Documents\GitHub\yii2-house2house\vendor\yiisoft\yii2\console\Application.php(180): yii\base\Module->runAction('cache/flush', Array)
#6 C:\Users\rossa\OneDrive\Documents\GitHub\yii2-house2house\vendor\yiisoft\yii2\console\Application.php(147): yii\console\Application->runAction('cache/flush', Array)
#7 C:\Users\rossa\OneDrive\Documents\GitHub\yii2-house2house\vendor\yiisoft\yii2\base\Application.php(386): yii\console\Application->handleRequest(Object(yii\console\Request))
#8 C:\Users\rossa\OneDrive\Documents\GitHub\yii2-house2house\yii(23): yii\base\Application->run()
#9 {main}
2020-05-01 14:47:33 [-][-][-][info][application] $_GET = []

$_POST = []

$_FILES = []

$_COOKIE = []

$_SERVER = [
    'ALLUSERSPROFILE' => 'C:\\ProgramData'
    'APPDATA' => 'C:\\Users\\rossa\\AppData\\Roaming'
    'CommonProgramFiles' => 'C:\\Program Files\\Common Files'
    'CommonProgramFiles(x86)' => 'C:\\Program Files (x86)\\Common Files'
    'CommonProgramW6432' => 'C:\\Program Files\\Common Files'
    'COMPUTERNAME' => 'DESKTOP-0A1VHFM'
    'ComSpec' => 'C:\\WINDOWS\\system32\\cmd.exe'
    'DriverData' => 'C:\\Windows\\System32\\Drivers\\DriverData'
    'FPS_BROWSER_APP_PROFILE_STRING' => 'Internet Explorer'
    'FPS_BROWSER_USER_PROFILE_STRING' => 'Default'
    'GOOGLE_APPLICATION_CREDENTIALS' => 'C:\\Users\\rossa\\OneDrive\\Desktop'
    'HOMEDRIVE' => 'C:'
    'HOMEPATH' => '\\Users\\rossa'
    'LOCALAPPDATA' => 'C:\\Users\\rossa\\AppData\\Local'
    'LOGONSERVER' => '\\\\DESKTOP-0A1VHFM'
    'NUMBER_OF_PROCESSORS' => '2'
    'OneDriveConsumer' => 'C:\\Users\\rossa\\OneDrive'
    'OS' => 'Windows_NT'
    'Path' => 'C:\\WINDOWS\\system32;C:\\WINDOWS;C:\\WINDOWS\\System32\\Wbem;C:\\WINDOWS\\System32\\WindowsPowerShell\\v1.0\\;C:\\WINDOWS\\System32\\OpenSSH\\;C:\\Program Files\\Git\\cmd;C:\\Users\\rossa\\AppData\\Local\\Microsoft\\WindowsApps;C:\\Users\\rossa\\AppData\\Local\\ComposerSetup\\bin;C:\\Users\\rossa\\AppData\\Roaming\\Composer\\vendor\\bin;C:\\wamp64\\bin\\php\\php7.4.4;C:\\wamp64\\bin\\mysql\\mysql5.7.29\\bin;C:\\Users\\rossa\\AppData\\Local\\GitHubDesktop\\bin'
    'PATHEXT' => '.COM;.EXE;.BAT;.CMD;.VBS;.VBE;.JS;.JSE;.WSF;.WSH;.MSC'
    'PHP_COMMAND' => 'php.exe'
    'PROCESSOR_ARCHITECTURE' => 'AMD64'
    'PROCESSOR_IDENTIFIER' => 'Intel64 Family 6 Model 23 Stepping 10, GenuineIntel'
    'PROCESSOR_LEVEL' => '6'
    'PROCESSOR_REVISION' => '170a'
    'ProgramData' => 'C:\\ProgramData'
    'ProgramFiles' => 'C:\\Program Files'
    'ProgramFiles(x86)' => 'C:\\Program Files (x86)'
    'ProgramW6432' => 'C:\\Program Files'
    'PROMPT' => '$P$G'
    'PSModulePath' => 'C:\\Program Files\\WindowsPowerShell\\Modules;C:\\WINDOWS\\system32\\WindowsPowerShell\\v1.0\\Modules'
    'PUBLIC' => 'C:\\Users\\Public'
    'SESSIONNAME' => 'Console'
    'SystemDrive' => 'C:'
    'SystemRoot' => 'C:\\WINDOWS'
    'TEMP' => 'C:\\Users\\rossa\\AppData\\Local\\Temp'
    'TMP' => 'C:\\Users\\rossa\\AppData\\Local\\Temp'
    'USERDOMAIN' => 'DESKTOP-0A1VHFM'
    'USERDOMAIN_ROAMINGPROFILE' => 'DESKTOP-0A1VHFM'
    'USERNAME' => 'rossa'
    'USERPROFILE' => 'C:\\Users\\rossa'
    'windir' => 'C:\\WINDOWS'
    'YII_PATH' => 'C:\\Users\\rossa\\OneDrive\\Documents\\GitHub\\yii2-house2house\\'
    'PHP_SELF' => 'C:\\Users\\rossa\\OneDrive\\Documents\\GitHub\\yii2-house2house\\yii'
    'SCRIPT_NAME' => 'C:\\Users\\rossa\\OneDrive\\Documents\\GitHub\\yii2-house2house\\yii'
    'SCRIPT_FILENAME' => 'C:\\Users\\rossa\\OneDrive\\Documents\\GitHub\\yii2-house2house\\yii'
    'PATH_TRANSLATED' => 'C:\\Users\\rossa\\OneDrive\\Documents\\GitHub\\yii2-house2house\\yii'
    'DOCUMENT_ROOT' => ''
    'REQUEST_TIME_FLOAT' => 1588344453.8264
    'REQUEST_TIME' => 1588344453
    'argv' => [
        0 => 'C:\\Users\\rossa\\OneDrive\\Documents\\GitHub\\yii2-house2house\\yii'
        1 => 'cache/flush'
    ]
    'argc' => 2
]
