#
# A fatal error has been detected by the Java Runtime Environment:
#
#  EXCEPTION_ACCESS_VIOLATION (0xc0000005) at pc=0x00007ff95486e390, pid=4576, tid=7064
#
# JRE version: Java(TM) SE Runtime Environment (12.0+33) (build 12+33)
# Java VM: Java HotSpot(TM) 64-Bit Server VM (12+33, mixed mode, sharing, tiered, compressed oops, g1 gc, windows-amd64)
# Problematic frame:
# V  [jvm.dll+0x37e390]
#
# No core dump will be written. Minidumps are not enabled by default on client versions of Windows
#
# If you would like to submit a bug report, please visit:
#   http://bugreport.java.com/bugreport/crash.jsp
#

---------------  S U M M A R Y ------------

Command Line: -Dnetbeans.importclass=org.netbeans.upgrade.AutoUpgrade -XX:+UseStringDeduplication -Djdk.lang.Process.allowAmbiguousCommands=true -Xss2m -Djdk.gtk.version=2.2 -Dapple.laf.useScreenMenuBar=true -Dapple.awt.graphics.UseQuartz=true -Dsun.java2d.noddraw=true -Dsun.java2d.dpiaware=true -Dsun.zip.disableMemoryMapping=true -Dplugin.manager.check.updates=false -Dnetbeans.extbrowser.manual_chrome_plugin_install=yes --add-opens=java.base/java.net=ALL-UNNAMED --add-opens=java.base/java.lang.ref=ALL-UNNAMED --add-opens=java.base/java.lang=ALL-UNNAMED --add-opens=java.base/java.security=ALL-UNNAMED --add-opens=java.base/java.util=ALL-UNNAMED --add-opens=java.desktop/javax.swing.plaf.basic=ALL-UNNAMED --add-opens=java.desktop/javax.swing.text=ALL-UNNAMED --add-opens=java.desktop/javax.swing=ALL-UNNAMED --add-opens=java.desktop/java.awt=ALL-UNNAMED --add-opens=java.desktop/java.awt.event=ALL-UNNAMED --add-opens=java.prefs/java.util.prefs=ALL-UNNAMED --add-opens=jdk.jshell/jdk.jshell=ALL-UNNAMED --add-modules=jdk.jshell --add-exports=java.desktop/sun.awt=ALL-UNNAMED --add-exports=java.desktop/java.awt.peer=ALL-UNNAMED --add-exports=java.desktop/com.sun.beans.editors=ALL-UNNAMED --add-exports=java.desktop/sun.swing=ALL-UNNAMED --add-exports=java.desktop/sun.awt.im=ALL-UNNAMED --add-exports=jdk.internal.jvmstat/sun.jvmstat.monitor=ALL-UNNAMED --add-exports=java.management/sun.management=ALL-UNNAMED --add-exports=java.base/sun.reflect.annotation=ALL-UNNAMED -XX:+IgnoreUnrecognizedVMOptions -Djdk.home=C:\Program Files\Java\jdk-12 -Dnetbeans.home=C:\Program Files\NetBeans-11.3\netbeans\platform -Dnetbeans.user=C:\Users\rossa\AppData\Roaming\NetBeans\11.3 -Dnetbeans.default_userdir_root=C:\Users\rossa\AppData\Roaming\NetBeans -XX:+HeapDumpOnOutOfMemoryError -XX:HeapDumpPath=C:\Users\rossa\AppData\Roaming\NetBeans\11.3\var\log\heapdump.hprof -Dsun.awt.keepWorkingSetOnMinimize=true -Dnetbeans.dirs=C:\Program Files\NetBeans-11.3\netbeans\nb;C:\Program Files\NetBeans-11.3\netbeans\ergonomics;C:\Program Files\NetBeans-11.3\netbeans\ide;C:\Program Files\NetBeans-11.3\netbeans\extide;C:\Program Files\NetBeans-11.3\netbeans\java;C:\Program Files\NetBeans-11.3\netbeans\apisupport;C:\Program Files\NetBeans-11.3\netbeans\webcommon;C:\Program Files\NetBeans-11.3\netbeans\websvccommon;C:\Program Files\NetBeans-11.3\netbeans\enterprise;C:\Program Files\NetBeans-11.3\netbeans\mobility;C:\Program Files\NetBeans-11.3\netbeans\profiler;C:\Program Files\NetBeans-11.3\netbeans\python;C:\Program Files\NetBeans-11.3\netbeans\php;C:\Program Files\NetBeans-11.3\netbeans\identity;C:\Program Files\NetBeans-11.3\netbeans\harness;C:\Program Files\NetBeans-11.3\netbeans\cnd;C:\Program Files\NetBeans-11.3\netbeans\cndext;C:\Program Files\NetBeans-11.3\netbeans\dlight;C:\Program Files\NetBeans-11.3\netbeans\groovy;C:\Program Files\NetBeans-11.3\netbeans\extra;C:\Program Files\NetBeans-11.3\netbeans\javacard;C:\Program Files\NetBeans-11.3\netbeans\javafx exit 

Host: Intel(R) Core(TM)2 Duo CPU     E8600  @ 3.33GHz, 2 cores, 3G,  Windows 10 , 64 bit Build 18362 (10.0.18362.778)
Time: Fri May 15 19:25:54 2020 GMT Summer Time elapsed time: 220 seconds (0d 0h 3m 40s)

---------------  T H R E A D  ---------------

Current thread (0x000000001f6fd000):  JavaThread "C2 CompilerThread0" daemon [_thread_in_native, id=7064, stack(0x0000000020a60000,0x0000000020c60000)]


Current CompileTask:
C2: 220531 17645       4       org.netbeans.modules.javascript2.editor.index.JsIndexer::createDocument (566 bytes)

Stack: [0x0000000020a60000,0x0000000020c60000],  sp=0x0000000020c5be40,  free space=2031k
Native frames: (J=compiled Java code, j=interpreted, Vv=VM code, C=native code)
V  [jvm.dll+0x37e390]
V  [jvm.dll+0x377b80]
V  [jvm.dll+0x1af02d]
V  [jvm.dll+0x21c142]
V  [jvm.dll+0x21b20a]
V  [jvm.dll+0x199890]
V  [jvm.dll+0x22a534]
V  [jvm.dll+0x228b88]
V  [jvm.dll+0x74f660]
V  [jvm.dll+0x748648]
V  [jvm.dll+0x638566]
C  [ucrtbase.dll+0x20e82]
C  [KERNEL32.DLL+0x17bd4]
C  [ntdll.dll+0x6ce51]


siginfo: EXCEPTION_ACCESS_VIOLATION (0xc0000005), reading address 0xffffffffffffffff


Register to memory mapping:

RIP=0x00007ff95486e390 jvm.dll
RAX=0x0 is NULL
RBX=0x0000000000000002 is an unknown value
RCX=0x0 is NULL
RDX=0x0000000000000008 is an unknown value
RSP=0x0000000020c5be40 is pointing into the stack for thread: 0x000000001f6fd000
RBP=0x0000000000000008 is an unknown value
RSI=0x00007ff954f846f0 jvm.dll
RDI=0x0000000026ffade0 points into unknown readable memory: 60 b9 6d 1f 00 00 00 00
R8 =0x0000fff954f846f0 is an unknown value
R9 =0x0000000020c5be90 is pointing into the stack for thread: 0x000000001f6fd000
R10=0x0000000000000002 is an unknown value
R11=0x0000000020c5bda0 is pointing into the stack for thread: 0x000000001f6fd000
R12=0x00007ff9544f0000 jvm.dll
R13=0x00000000000003d8 is an unknown value
R14=0x0000000000000004 is an unknown value
R15=0x00007ff954f846f0 jvm.dll


Registers:
RAX=0x0000000000000000, RBX=0x0000000000000002, RCX=0x0000000000000000, RDX=0x0000000000000008
RSP=0x0000000020c5be40, RBP=0x0000000000000008, RSI=0x00007ff954f846f0, RDI=0x0000000026ffade0
R8 =0x0000fff954f846f0, R9 =0x0000000020c5be90, R10=0x0000000000000002, R11=0x0000000020c5bda0
R12=0x00007ff9544f0000, R13=0x00000000000003d8, R14=0x0000000000000004, R15=0x00007ff954f846f0
RIP=0x00007ff95486e390, EFLAGS=0x0000000000010246

Top of Stack: (sp=0x0000000020c5be40)
0x0000000020c5be40:   0000000000000000 0000000000000000
0x0000000020c5be50:   00000000000005e0 000000001f6e6800
0x0000000020c5be60:   0000000000000f04 00007ff954867b80
0x0000000020c5be70:   0000000027e22450 0000000020c5bfb0
0x0000000020c5be80:   0000000000000f04 00007ff954d94070
0x0000000020c5be90:   000000a500000000 0000000000000006
0x0000000020c5bea0:   0000fff954f846f0 0000000000000001
0x0000000020c5beb0:   000000002368d728 000000000000001b
0x0000000020c5bec0:   0000000027eb22d0 0000000000000000
0x0000000020c5bed0:   000000002b09ebd0 0000000000000000
0x0000000020c5bee0:   0000000020c5bff0 00007ff95469f02d
0x0000000020c5bef0:   0000000020c5c350 0000000020c5c438
0x0000000020c5bf00:   000000002b09efb8 000000002b09ebe0
0x0000000020c5bf10:   0000000000000000 0000000000000008
0x0000000020c5bf20:   0000000000000006 000000002b09ebd0
0x0000000020c5bf30:   000000002b6cbf60 000000002b6ccc30 

Instructions: (pc=0x00007ff95486e390)
0x00007ff95486e370:   49 8b 41 20 41 8b da 4c 8b 04 d8 4c 3b c6 74 7a
0x00007ff95486e380:   33 c0 4d 89 41 10 33 c9 0f 1f 84 00 00 00 00 00
0x00007ff95486e390:   42 83 3c 01 00 8d 50 01 0f 85 be 00 00 00 48 83
0x00007ff95486e3a0:   c1 04 8b c2 83 fa 08 72 e7 4d 8b 59 30 4d 85 db 


Stack slot to memory mapping:
stack at sp + 0 slots: 0x0 is NULL
stack at sp + 1 slots: 0x0 is NULL
stack at sp + 2 slots: 0x00000000000005e0 is an unknown value
stack at sp + 3 slots: 0x000000001f6e6800 points into unknown readable memory: 73 00 61 00 00 00 00 00
stack at sp + 4 slots: 0x0000000000000f04 is an unknown value
stack at sp + 5 slots: 0x00007ff954867b80 jvm.dll
stack at sp + 6 slots: 0x0000000027e22450 points into unknown readable memory: 0b 00 00 00 00 00 00 00
stack at sp + 7 slots: 0x0000000020c5bfb0 is pointing into the stack for thread: 0x000000001f6fd000


---------------  P R O C E S S  ---------------

Threads class SMR info:
_java_thread_list=0x0000000028fc4580, length=37, elements={
0x0000000003175800, 0x000000001f6dc800, 0x000000001f6e7800, 0x000000001f6f7800,
0x000000001f6f9000, 0x000000001f6fd000, 0x000000001f70a800, 0x000000001f716800,
0x000000001f6c1800, 0x00000000211fe000, 0x00000000211f3800, 0x0000000021e0a000,
0x0000000021f47000, 0x00000000220e9800, 0x00000000220ea800, 0x000000002215b000,
0x000000002205d800, 0x0000000022192800, 0x0000000026fd2000, 0x0000000026fd5000,
0x0000000026fcf800, 0x0000000026fd6000, 0x0000000026fd3800, 0x0000000028a0d000,
0x0000000028a0b800, 0x0000000028a0e000, 0x0000000028a0c800, 0x0000000028a0a800,
0x0000000028a0f000, 0x0000000028a09000, 0x0000000028a12000, 0x0000000028a17000,
0x0000000028a13800, 0x0000000028a0f800, 0x0000000028a0a000, 0x0000000028a15800,
0x0000000028a16000
}

Java Threads: ( => current thread )
  0x0000000003175800 JavaThread "main" [_thread_blocked, id=6416, stack(0x0000000000460000,0x0000000000660000)]
  0x000000001f6dc800 JavaThread "Reference Handler" daemon [_thread_blocked, id=8624, stack(0x0000000020160000,0x0000000020360000)]
  0x000000001f6e7800 JavaThread "Finalizer" daemon [_thread_blocked, id=10788, stack(0x0000000020360000,0x0000000020560000)]
  0x000000001f6f7800 JavaThread "Signal Dispatcher" daemon [_thread_blocked, id=1496, stack(0x0000000020660000,0x0000000020860000)]
  0x000000001f6f9000 JavaThread "Attach Listener" daemon [_thread_blocked, id=6580, stack(0x0000000020860000,0x0000000020a60000)]
=>0x000000001f6fd000 JavaThread "C2 CompilerThread0" daemon [_thread_in_native, id=7064, stack(0x0000000020a60000,0x0000000020c60000)]
  0x000000001f70a800 JavaThread "C1 CompilerThread0" daemon [_thread_blocked, id=1548, stack(0x0000000020c60000,0x0000000020e60000)]
  0x000000001f716800 JavaThread "Sweeper thread" daemon [_thread_blocked, id=9936, stack(0x0000000020e60000,0x0000000021060000)]
  0x000000001f6c1800 JavaThread "Common-Cleaner" daemon [_thread_blocked, id=10732, stack(0x0000000021460000,0x0000000021660000)]
  0x00000000211fe000 JavaThread "Service Thread" daemon [_thread_blocked, id=6780, stack(0x0000000021660000,0x0000000021860000)]
  0x00000000211f3800 JavaThread "Active Reference Queue Daemon" daemon [_thread_blocked, id=10840, stack(0x0000000021a60000,0x0000000021c60000)]
  0x0000000021e0a000 JavaThread "CLI Requests Server" daemon [_thread_in_native, id=2892, stack(0x0000000025290000,0x0000000025490000)]
  0x0000000021f47000 JavaThread "RequestProcessor queue manager" daemon [_thread_blocked, id=11080, stack(0x0000000025890000,0x0000000025a90000)]
  0x00000000220e9800 JavaThread "Java2D Disposer" daemon [_thread_blocked, id=12008, stack(0x0000000025c50000,0x0000000025e50000)]
  0x00000000220ea800 JavaThread "AWT-Shutdown" [_thread_blocked, id=7468, stack(0x0000000025e50000,0x0000000026050000)]
  0x000000002215b000 JavaThread "AWT-Windows" daemon [_thread_in_native, id=7056, stack(0x0000000026050000,0x0000000026250000)]
  0x000000002205d800 JavaThread "AWT-EventQueue-0" [_thread_blocked, id=568, stack(0x0000000026250000,0x0000000026450000)]
  0x0000000022192800 JavaThread "Framework Active Thread" [_thread_blocked, id=11160, stack(0x0000000029560000,0x0000000029760000)]
  0x0000000026fd2000 JavaThread "State Data Manager" daemon [_thread_blocked, id=9168, stack(0x0000000029760000,0x0000000029960000)]
  0x0000000026fd5000 JavaThread "Inactive RequestProcessor thread [Was:TimedWeakReference/org.netbeans.modules.projectapi.nb.TimedWeakReference]" daemon [_thread_blocked, id=8476, stack(0x000000002a160000,0x000000002a360000)]
  0x0000000026fcf800 JavaThread "Pending refresh" daemon [_thread_in_native, id=4080, stack(0x000000002a360000,0x000000002a560000)]
  0x0000000026fd6000 JavaThread "GitRefresh" daemon [_thread_in_native, id=11660, stack(0x000000002a560000,0x000000002a760000)]
  0x0000000026fd3800 JavaThread "File Watcher" daemon [_thread_blocked, id=10612, stack(0x000000002bd30000,0x000000002bf30000)]
  0x0000000028a0d000 JavaThread "W32 File Monitor" daemon [_thread_in_native, id=11804, stack(0x000000002d550000,0x000000002d750000)]
  0x0000000028a0b800 JavaThread "Event Dispatch Thread" daemon [_thread_blocked, id=7332, stack(0x000000002d750000,0x000000002d950000)]
  0x0000000028a0e000 JavaThread "Deadlock Detector" [_thread_blocked, id=6116, stack(0x000000002d150000,0x000000002d350000)]
  0x0000000028a0c800 JavaThread "Framework Event Dispatcher" daemon [_thread_blocked, id=8056, stack(0x000000002d350000,0x000000002d550000)]
  0x0000000028a0a800 JavaThread "Worker-JM" [_thread_blocked, id=6296, stack(0x000000002dd50000,0x000000002df50000)]
  0x0000000028a0f000 JavaThread "TimerQueue" daemon [_thread_blocked, id=12220, stack(0x000000002e150000,0x000000002e350000)]
  0x0000000028a09000 JavaThread "Batik CleanerThread" daemon [_thread_blocked, id=8484, stack(0x000000002e870000,0x000000002ea70000)]
  0x0000000028a12000 JavaThread "Editor Parsing Loop (11.3-6b879cb782eaa4f13a731aff82eada11289a66f7)" daemon [_thread_blocked, id=6280, stack(0x000000002f870000,0x000000002fa70000)]
  0x0000000028a17000 JavaThread "Inactive RequestProcessor thread [Was:org.netbeans.modules.versioning.core.VcsVisibilityQueryImplementation/org.netbeans.modules.versioning.core.VcsVisibilityQueryImplementation$RefreshTask]" daemon [_thread_blocked, id=4148, stack(0x0000000030470000,0x0000000030670000)]
  0x0000000028a13800 JavaThread "Inactive RequestProcessor thread [Was:Data System Nodes/org.openide.loaders.DataNode$NamesUpdater]" daemon [_thread_blocked, id=7368, stack(0x0000000030670000,0x0000000030870000)]
  0x0000000028a0f800 JavaThread "RepositoryUpdater.worker" daemon [_thread_in_Java, id=10712, stack(0x0000000031f90000,0x0000000032190000)]
  0x0000000028a0a000 JavaThread "JGit-WorkQueue" daemon [_thread_blocked, id=10900, stack(0x0000000022860000,0x0000000022a60000)]
  0x0000000028a15800 JavaThread "Inactive RequestProcessor thread [Was:RepositoryInfo/org.netbeans.modules.git.ui.repository.RepositoryInfo$RepositoryRefreshTask]" daemon [_thread_blocked, id=8244, stack(0x0000000022a60000,0x0000000022c60000)]
  0x0000000028a16000 JavaThread "Inactive RequestProcessor thread [Was:TimedSoftReference/org.openide.util.TimedSoftReference]" daemon [_thread_blocked, id=10808, stack(0x0000000025490000,0x0000000025690000)]

Other Threads:
  0x000000001f6d7000 VMThread "VM Thread" [stack: 0x000000001ff60000,0x0000000020160000] [id=9724]
  0x00000000211ff000 WatcherThread [stack: 0x0000000021860000,0x0000000021a60000] [id=11868]
  0x00000000031a2000 GCTaskThread "GC Thread#0" [stack: 0x000000001c740000,0x000000001c940000] [id=8664]
  0x0000000021392800 GCTaskThread "GC Thread#1" [stack: 0x0000000022460000,0x0000000022660000] [id=11260]
  0x00000000031ac800 ConcurrentGCThread "G1 Main Marker" [stack: 0x000000001c940000,0x000000001cb40000] [id=3308]
  0x00000000031ad800 ConcurrentGCThread "G1 Conc#0" [stack: 0x000000001cb40000,0x000000001cd40000] [id=9640]
  0x0000000003200000 ConcurrentGCThread "G1 Refine#0" [stack: 0x000000001ef60000,0x000000001f160000] [id=4428]
  0x0000000021e25000 ConcurrentGCThread "G1 Refine#1" [stack: 0x0000000028390000,0x0000000028590000] [id=10872]
  0x0000000003201000 ConcurrentGCThread "G1 Young RemSet Sampling" [stack: 0x000000001f160000,0x000000001f360000] [id=10548]
  0x0000000003207800 ConcurrentGCThread "StrDedup" [stack: 0x000000001f360000,0x000000001f560000] [id=7220]

Threads with active compile tasks:
C2 CompilerThread0  17645       4       org.netbeans.modules.javascript2.editor.index.JsIndexer::createDocument (566 bytes)

VM state:at safepoint (normal execution)

VM Mutex/Monitor currently owned by a thread:  ([mutex/lock_event])
[0x0000000003171e80] Threads_lock - owner thread: 0x000000001f6d7000
[0x0000000003171c40] Heap_lock - owner thread: 0x0000000028a0f800

Heap address: 0x00000000c0000000, size: 1024 MB, Compressed Oops mode: 32-bit
Narrow klass base: 0x0000000800000000, Narrow klass shift: 3
Compressed class space size: 1073741824 Address: 0x00000008011a0000

Heap:
 garbage-first heap   total 334848K, used 199610K [0x00000000c0000000, 0x0000000100000000)
  region size 1024K, 16 young (16384K), 1 survivors (1024K)
 Metaspace       used 91641K, capacity 102076K, committed 102480K, reserved 1138688K
  class space    used 10333K, capacity 13403K, committed 13472K, reserved 1048576K
Heap Regions: E=young(eden), S=young(survivor), O=old, HS=humongous(starts), HC=humongous(continues), CS=collection set, F=free, A=archive, TAMS=top-at-mark-start (previous, next)
|   0|0x00000000c0000000, 0x00000000c0100000, 0x00000000c0100000|100%| O|  |TAMS 0x00000000c0100000, 0x00000000c0000000| Untracked 
|   1|0x00000000c0100000, 0x00000000c0200000, 0x00000000c0200000|100%| O|  |TAMS 0x00000000c0200000, 0x00000000c0100000| Untracked 
|   2|0x00000000c0200000, 0x00000000c0300000, 0x00000000c0300000|100%| O|  |TAMS 0x00000000c0300000, 0x00000000c0200000| Untracked 
|   3|0x00000000c0300000, 0x00000000c0400000, 0x00000000c0400000|100%|HS|  |TAMS 0x00000000c0400000, 0x00000000c0300000| Complete 
|   4|0x00000000c0400000, 0x00000000c0500000, 0x00000000c0500000|100%|HC|  |TAMS 0x00000000c0500000, 0x00000000c0400000| Complete 
|   5|0x00000000c0500000, 0x00000000c0600000, 0x00000000c0600000|100%| O|  |TAMS 0x00000000c0600000, 0x00000000c0500000| Untracked 
|   6|0x00000000c0600000, 0x00000000c0700000, 0x00000000c0700000|100%| O|  |TAMS 0x00000000c0700000, 0x00000000c0600000| Untracked 
|   7|0x00000000c0700000, 0x00000000c0800000, 0x00000000c0800000|100%| O|  |TAMS 0x00000000c0800000, 0x00000000c0700000| Untracked 
|   8|0x00000000c0800000, 0x00000000c0900000, 0x00000000c0900000|100%| O|  |TAMS 0x00000000c0900000, 0x00000000c0800000| Untracked 
|   9|0x00000000c0900000, 0x00000000c0a00000, 0x00000000c0a00000|100%| O|  |TAMS 0x00000000c0a00000, 0x00000000c0900000| Untracked 
|  10|0x00000000c0a00000, 0x00000000c0b00000, 0x00000000c0b00000|100%| O|  |TAMS 0x00000000c0b00000, 0x00000000c0a00000| Untracked 
|  11|0x00000000c0b00000, 0x00000000c0c00000, 0x00000000c0c00000|100%| O|  |TAMS 0x00000000c0c00000, 0x00000000c0b00000| Untracked 
|  12|0x00000000c0c00000, 0x00000000c0d00000, 0x00000000c0d00000|100%|HS|  |TAMS 0x00000000c0d00000, 0x00000000c0c00000| Complete 
|  13|0x00000000c0d00000, 0x00000000c0e00000, 0x00000000c0e00000|100%|HC|  |TAMS 0x00000000c0e00000, 0x00000000c0d00000| Complete 
|  14|0x00000000c0e00000, 0x00000000c0f00000, 0x00000000c0f00000|100%|HC|  |TAMS 0x00000000c0f00000, 0x00000000c0e00000| Complete 
|  15|0x00000000c0f00000, 0x00000000c1000000, 0x00000000c1000000|100%|HC|  |TAMS 0x00000000c1000000, 0x00000000c0f00000| Complete 
|  16|0x00000000c1000000, 0x00000000c1100000, 0x00000000c1100000|100%|HC|  |TAMS 0x00000000c1100000, 0x00000000c1000000| Complete 
|  17|0x00000000c1100000, 0x00000000c1200000, 0x00000000c1200000|100%| O|  |TAMS 0x00000000c1200000, 0x00000000c1100000| Untracked 
|  18|0x00000000c1200000, 0x00000000c1300000, 0x00000000c1300000|100%| O|  |TAMS 0x00000000c1300000, 0x00000000c1200000| Untracked 
|  19|0x00000000c1300000, 0x00000000c1400000, 0x00000000c1400000|100%| O|  |TAMS 0x00000000c1400000, 0x00000000c1300000| Untracked 
|  20|0x00000000c1400000, 0x00000000c1500000, 0x00000000c1500000|100%| O|  |TAMS 0x00000000c1500000, 0x00000000c1400000| Untracked 
|  21|0x00000000c1500000, 0x00000000c1600000, 0x00000000c1600000|100%| O|  |TAMS 0x00000000c1600000, 0x00000000c1500000| Untracked 
|  22|0x00000000c1600000, 0x00000000c1700000, 0x00000000c1700000|100%| O|  |TAMS 0x00000000c1700000, 0x00000000c1600000| Untracked 
|  23|0x00000000c1700000, 0x00000000c1800000, 0x00000000c1800000|100%| O|  |TAMS 0x00000000c1800000, 0x00000000c1700000| Untracked 
|  24|0x00000000c1800000, 0x00000000c1900000, 0x00000000c1900000|100%| O|  |TAMS 0x00000000c1900000, 0x00000000c1800000| Untracked 
|  25|0x00000000c1900000, 0x00000000c1a00000, 0x00000000c1a00000|100%| O|  |TAMS 0x00000000c1a00000, 0x00000000c1900000| Untracked 
|  26|0x00000000c1a00000, 0x00000000c1b00000, 0x00000000c1b00000|100%| O|  |TAMS 0x00000000c1b00000, 0x00000000c1a00000| Untracked 
|  27|0x00000000c1b00000, 0x00000000c1c00000, 0x00000000c1c00000|100%|HS|  |TAMS 0x00000000c1c00000, 0x00000000c1b00000| Complete 
|  28|0x00000000c1c00000, 0x00000000c1d00000, 0x00000000c1d00000|100%|HC|  |TAMS 0x00000000c1d00000, 0x00000000c1c00000| Complete 
|  29|0x00000000c1d00000, 0x00000000c1e00000, 0x00000000c1e00000|100%|HC|  |TAMS 0x00000000c1e00000, 0x00000000c1d00000| Complete 
|  30|0x00000000c1e00000, 0x00000000c1f00000, 0x00000000c1f00000|100%| O|  |TAMS 0x00000000c1f00000, 0x00000000c1e00000| Untracked 
|  31|0x00000000c1f00000, 0x00000000c2000000, 0x00000000c2000000|100%| O|  |TAMS 0x00000000c2000000, 0x00000000c1f00000| Untracked 
|  32|0x00000000c2000000, 0x00000000c2100000, 0x00000000c2100000|100%| O|  |TAMS 0x00000000c2100000, 0x00000000c2000000| Untracked 
|  33|0x00000000c2100000, 0x00000000c2200000, 0x00000000c2200000|100%| O|  |TAMS 0x00000000c2200000, 0x00000000c2100000| Untracked 
|  34|0x00000000c2200000, 0x00000000c2300000, 0x00000000c2300000|100%| O|  |TAMS 0x00000000c2300000, 0x00000000c2200000| Untracked 
|  35|0x00000000c2300000, 0x00000000c2400000, 0x00000000c2400000|100%| O|  |TAMS 0x00000000c2400000, 0x00000000c2300000| Untracked 
|  36|0x00000000c2400000, 0x00000000c2500000, 0x00000000c2500000|100%| O|  |TAMS 0x00000000c2500000, 0x00000000c2400000| Untracked 
|  37|0x00000000c2500000, 0x00000000c2600000, 0x00000000c2600000|100%| O|  |TAMS 0x00000000c2600000, 0x00000000c2500000| Untracked 
|  38|0x00000000c2600000, 0x00000000c2700000, 0x00000000c2700000|100%|HS|  |TAMS 0x00000000c2700000, 0x00000000c2600000| Complete 
|  39|0x00000000c2700000, 0x00000000c2800000, 0x00000000c2800000|100%|HC|  |TAMS 0x00000000c2800000, 0x00000000c2700000| Complete 
|  40|0x00000000c2800000, 0x00000000c2900000, 0x00000000c2900000|100%|HC|  |TAMS 0x00000000c2900000, 0x00000000c2800000| Complete 
|  41|0x00000000c2900000, 0x00000000c2a00000, 0x00000000c2a00000|100%|HC|  |TAMS 0x00000000c2a00000, 0x00000000c2900000| Complete 
|  42|0x00000000c2a00000, 0x00000000c2b00000, 0x00000000c2b00000|100%|HC|  |TAMS 0x00000000c2b00000, 0x00000000c2a00000| Complete 
|  43|0x00000000c2b00000, 0x00000000c2c00000, 0x00000000c2c00000|100%|HC|  |TAMS 0x00000000c2c00000, 0x00000000c2b00000| Complete 
|  44|0x00000000c2c00000, 0x00000000c2d00000, 0x00000000c2d00000|100%|HC|  |TAMS 0x00000000c2d00000, 0x00000000c2c00000| Complete 
|  45|0x00000000c2d00000, 0x00000000c2e00000, 0x00000000c2e00000|100%|HC|  |TAMS 0x00000000c2e00000, 0x00000000c2d00000| Complete 
|  46|0x00000000c2e00000, 0x00000000c2f00000, 0x00000000c2f00000|100%| O|  |TAMS 0x00000000c2f00000, 0x00000000c2e00000| Untracked 
|  47|0x00000000c2f00000, 0x00000000c3000000, 0x00000000c3000000|100%| O|  |TAMS 0x00000000c3000000, 0x00000000c2f00000| Untracked 
|  48|0x00000000c3000000, 0x00000000c3100000, 0x00000000c3100000|100%| O|  |TAMS 0x00000000c3100000, 0x00000000c3000000| Untracked 
|  49|0x00000000c3100000, 0x00000000c3200000, 0x00000000c3200000|100%| O|  |TAMS 0x00000000c3200000, 0x00000000c3100000| Untracked 
|  50|0x00000000c3200000, 0x00000000c3300000, 0x00000000c3300000|100%| O|  |TAMS 0x00000000c3300000, 0x00000000c3200000| Untracked 
|  51|0x00000000c3300000, 0x00000000c3400000, 0x00000000c3400000|100%| O|  |TAMS 0x00000000c3400000, 0x00000000c3300000| Untracked 
|  52|0x00000000c3400000, 0x00000000c3500000, 0x00000000c3500000|100%|HS|  |TAMS 0x00000000c3500000, 0x00000000c3400000| Complete 
|  53|0x00000000c3500000, 0x00000000c3600000, 0x00000000c3600000|100%| O|  |TAMS 0x00000000c3600000, 0x00000000c3500000| Untracked 
|  54|0x00000000c3600000, 0x00000000c3700000, 0x00000000c3700000|100%| O|  |TAMS 0x00000000c3700000, 0x00000000c3600000| Untracked 
|  55|0x00000000c3700000, 0x00000000c3800000, 0x00000000c3800000|100%| O|  |TAMS 0x00000000c3800000, 0x00000000c3700000| Untracked 
|  56|0x00000000c3800000, 0x00000000c3900000, 0x00000000c3900000|100%| O|  |TAMS 0x00000000c3900000, 0x00000000c3800000| Untracked 
|  57|0x00000000c3900000, 0x00000000c3a00000, 0x00000000c3a00000|100%| O|  |TAMS 0x00000000c3a00000, 0x00000000c3900000| Untracked 
|  58|0x00000000c3a00000, 0x00000000c3b00000, 0x00000000c3b00000|100%| O|  |TAMS 0x00000000c3b00000, 0x00000000c3a00000| Untracked 
|  59|0x00000000c3b00000, 0x00000000c3c00000, 0x00000000c3c00000|100%| O|  |TAMS 0x00000000c3c00000, 0x00000000c3b00000| Untracked 
|  60|0x00000000c3c00000, 0x00000000c3d00000, 0x00000000c3d00000|100%| O|  |TAMS 0x00000000c3d00000, 0x00000000c3c00000| Untracked 
|  61|0x00000000c3d00000, 0x00000000c3e00000, 0x00000000c3e00000|100%| O|  |TAMS 0x00000000c3e00000, 0x00000000c3d00000| Untracked 
|  62|0x00000000c3e00000, 0x00000000c3f00000, 0x00000000c3f00000|100%| O|  |TAMS 0x00000000c3f00000, 0x00000000c3e00000| Untracked 
|  63|0x00000000c3f00000, 0x00000000c4000000, 0x00000000c4000000|100%| O|  |TAMS 0x00000000c4000000, 0x00000000c3f00000| Untracked 
|  64|0x00000000c4000000, 0x00000000c4100000, 0x00000000c4100000|100%| O|  |TAMS 0x00000000c4100000, 0x00000000c4000000| Untracked 
|  65|0x00000000c4100000, 0x00000000c4200000, 0x00000000c4200000|100%| O|  |TAMS 0x00000000c4200000, 0x00000000c4100000| Untracked 
|  66|0x00000000c4200000, 0x00000000c4300000, 0x00000000c4300000|100%| O|  |TAMS 0x00000000c4300000, 0x00000000c4200000| Untracked 
|  67|0x00000000c4300000, 0x00000000c4400000, 0x00000000c4400000|100%| O|  |TAMS 0x00000000c4400000, 0x00000000c4300000| Untracked 
|  68|0x00000000c4400000, 0x00000000c4500000, 0x00000000c4500000|100%| O|  |TAMS 0x00000000c4500000, 0x00000000c4400000| Untracked 
|  69|0x00000000c4500000, 0x00000000c4600000, 0x00000000c4600000|100%| O|  |TAMS 0x00000000c4600000, 0x00000000c4500000| Untracked 
|  70|0x00000000c4600000, 0x00000000c4700000, 0x00000000c4700000|100%|HS|  |TAMS 0x00000000c4700000, 0x00000000c4600000| Complete 
|  71|0x00000000c4700000, 0x00000000c4800000, 0x00000000c4800000|100%| O|  |TAMS 0x00000000c4800000, 0x00000000c4700000| Untracked 
|  72|0x00000000c4800000, 0x00000000c4900000, 0x00000000c4900000|100%| O|  |TAMS 0x00000000c4900000, 0x00000000c4800000| Untracked 
|  73|0x00000000c4900000, 0x00000000c4a00000, 0x00000000c4a00000|100%| O|  |TAMS 0x00000000c4a00000, 0x00000000c4900000| Untracked 
|  74|0x00000000c4a00000, 0x00000000c4b00000, 0x00000000c4b00000|100%| O|  |TAMS 0x00000000c4b00000, 0x00000000c4a00000| Untracked 
|  75|0x00000000c4b00000, 0x00000000c4c00000, 0x00000000c4c00000|100%| O|  |TAMS 0x00000000c4c00000, 0x00000000c4b00000| Untracked 
|  76|0x00000000c4c00000, 0x00000000c4d00000, 0x00000000c4d00000|100%| O|  |TAMS 0x00000000c4d00000, 0x00000000c4c00000| Untracked 
|  77|0x00000000c4d00000, 0x00000000c4e00000, 0x00000000c4e00000|100%| O|  |TAMS 0x00000000c4e00000, 0x00000000c4d00000| Untracked 
|  78|0x00000000c4e00000, 0x00000000c4f00000, 0x00000000c4f00000|100%| O|  |TAMS 0x00000000c4f00000, 0x00000000c4e00000| Untracked 
|  79|0x00000000c4f00000, 0x00000000c5000000, 0x00000000c5000000|100%| O|  |TAMS 0x00000000c5000000, 0x00000000c4f00000| Untracked 
|  80|0x00000000c5000000, 0x00000000c5100000, 0x00000000c5100000|100%| O|  |TAMS 0x00000000c5100000, 0x00000000c5000000| Untracked 
|  81|0x00000000c5100000, 0x00000000c5200000, 0x00000000c5200000|100%| O|  |TAMS 0x00000000c5200000, 0x00000000c5100000| Untracked 
|  82|0x00000000c5200000, 0x00000000c5300000, 0x00000000c5300000|100%| O|  |TAMS 0x00000000c5300000, 0x00000000c5200000| Untracked 
|  83|0x00000000c5300000, 0x00000000c5400000, 0x00000000c5400000|100%| O|  |TAMS 0x00000000c5400000, 0x00000000c5300000| Untracked 
|  84|0x00000000c5400000, 0x00000000c5500000, 0x00000000c5500000|100%| O|  |TAMS 0x00000000c5500000, 0x00000000c5400000| Untracked 
|  85|0x00000000c5500000, 0x00000000c5600000, 0x00000000c5600000|100%| O|  |TAMS 0x00000000c5600000, 0x00000000c5500000| Untracked 
|  86|0x00000000c5600000, 0x00000000c5700000, 0x00000000c5700000|100%| O|  |TAMS 0x00000000c5700000, 0x00000000c5600000| Untracked 
|  87|0x00000000c5700000, 0x00000000c5800000, 0x00000000c5800000|100%| O|  |TAMS 0x00000000c5800000, 0x00000000c5700000| Untracked 
|  88|0x00000000c5800000, 0x00000000c5900000, 0x00000000c5900000|100%| O|  |TAMS 0x00000000c5900000, 0x00000000c5800000| Untracked 
|  89|0x00000000c5900000, 0x00000000c5a00000, 0x00000000c5a00000|100%| O|  |TAMS 0x00000000c5a00000, 0x00000000c5900000| Untracked 
|  90|0x00000000c5a00000, 0x00000000c5b00000, 0x00000000c5b00000|100%| O|  |TAMS 0x00000000c5b00000, 0x00000000c5a00000| Untracked 
|  91|0x00000000c5b00000, 0x00000000c5c00000, 0x00000000c5c00000|100%| O|  |TAMS 0x00000000c5c00000, 0x00000000c5b00000| Untracked 
|  92|0x00000000c5c00000, 0x00000000c5d00000, 0x00000000c5d00000|100%| O|  |TAMS 0x00000000c5d00000, 0x00000000c5c00000| Untracked 
|  93|0x00000000c5d00000, 0x00000000c5e00000, 0x00000000c5e00000|100%| O|  |TAMS 0x00000000c5e00000, 0x00000000c5d00000| Untracked 
|  94|0x00000000c5e00000, 0x00000000c5f00000, 0x00000000c5f00000|100%| O|  |TAMS 0x00000000c5f00000, 0x00000000c5e00000| Untracked 
|  95|0x00000000c5f00000, 0x00000000c6000000, 0x00000000c6000000|100%| O|  |TAMS 0x00000000c6000000, 0x00000000c5f00000| Untracked 
|  96|0x00000000c6000000, 0x00000000c6100000, 0x00000000c6100000|100%| O|  |TAMS 0x00000000c6100000, 0x00000000c6000000| Untracked 
|  97|0x00000000c6100000, 0x00000000c6200000, 0x00000000c6200000|100%| O|  |TAMS 0x00000000c6200000, 0x00000000c6100000| Untracked 
|  98|0x00000000c6200000, 0x00000000c6300000, 0x00000000c6300000|100%| O|  |TAMS 0x00000000c6300000, 0x00000000c6200000| Untracked 
|  99|0x00000000c6300000, 0x00000000c6400000, 0x00000000c6400000|100%| O|  |TAMS 0x00000000c6400000, 0x00000000c6300000| Untracked 
| 100|0x00000000c6400000, 0x00000000c6500000, 0x00000000c6500000|100%| O|  |TAMS 0x00000000c6500000, 0x00000000c6400000| Untracked 
| 101|0x00000000c6500000, 0x00000000c6600000, 0x00000000c6600000|100%| O|  |TAMS 0x00000000c6600000, 0x00000000c6500000| Untracked 
| 102|0x00000000c6600000, 0x00000000c6700000, 0x00000000c6700000|100%| O|  |TAMS 0x00000000c6700000, 0x00000000c6600000| Untracked 
| 103|0x00000000c6700000, 0x00000000c6800000, 0x00000000c6800000|100%| O|  |TAMS 0x00000000c6800000, 0x00000000c6700000| Untracked 
| 104|0x00000000c6800000, 0x00000000c6900000, 0x00000000c6900000|100%| O|  |TAMS 0x00000000c6900000, 0x00000000c6800000| Untracked 
| 105|0x00000000c6900000, 0x00000000c6a00000, 0x00000000c6a00000|100%| O|  |TAMS 0x00000000c6a00000, 0x00000000c6900000| Untracked 
| 106|0x00000000c6a00000, 0x00000000c6b00000, 0x00000000c6b00000|100%| O|  |TAMS 0x00000000c6b00000, 0x00000000c6a00000| Untracked 
| 107|0x00000000c6b00000, 0x00000000c6c00000, 0x00000000c6c00000|100%| O|  |TAMS 0x00000000c6c00000, 0x00000000c6b00000| Untracked 
| 108|0x00000000c6c00000, 0x00000000c6d00000, 0x00000000c6d00000|100%|HS|  |TAMS 0x00000000c6d00000, 0x00000000c6c00000| Complete 
| 109|0x00000000c6d00000, 0x00000000c6e00000, 0x00000000c6e00000|100%| O|  |TAMS 0x00000000c6e00000, 0x00000000c6d00000| Untracked 
| 110|0x00000000c6e00000, 0x00000000c6f00000, 0x00000000c6f00000|100%| O|  |TAMS 0x00000000c6f00000, 0x00000000c6e00000| Untracked 
| 111|0x00000000c6f00000, 0x00000000c7000000, 0x00000000c7000000|100%| O|  |TAMS 0x00000000c7000000, 0x00000000c6f00000| Untracked 
| 112|0x00000000c7000000, 0x00000000c7100000, 0x00000000c7100000|100%| O|  |TAMS 0x00000000c7100000, 0x00000000c7000000| Untracked 
| 113|0x00000000c7100000, 0x00000000c7200000, 0x00000000c7200000|100%| O|  |TAMS 0x00000000c7200000, 0x00000000c7100000| Untracked 
| 114|0x00000000c7200000, 0x00000000c7300000, 0x00000000c7300000|100%| O|  |TAMS 0x00000000c7300000, 0x00000000c7200000| Untracked 
| 115|0x00000000c7300000, 0x00000000c7400000, 0x00000000c7400000|100%| O|  |TAMS 0x00000000c7400000, 0x00000000c7300000| Untracked 
| 116|0x00000000c7400000, 0x00000000c7500000, 0x00000000c7500000|100%| O|  |TAMS 0x00000000c7500000, 0x00000000c7400000| Untracked 
| 117|0x00000000c7500000, 0x00000000c7600000, 0x00000000c7600000|100%| O|  |TAMS 0x00000000c7600000, 0x00000000c7500000| Untracked 
| 118|0x00000000c7600000, 0x00000000c7700000, 0x00000000c7700000|100%| O|  |TAMS 0x00000000c7700000, 0x00000000c7600000| Untracked 
| 119|0x00000000c7700000, 0x00000000c7800000, 0x00000000c7800000|100%| O|  |TAMS 0x00000000c7800000, 0x00000000c7700000| Untracked 
| 120|0x00000000c7800000, 0x00000000c7900000, 0x00000000c7900000|100%| O|  |TAMS 0x00000000c7900000, 0x00000000c7800000| Untracked 
| 121|0x00000000c7900000, 0x00000000c7a00000, 0x00000000c7a00000|100%| O|  |TAMS 0x00000000c7a00000, 0x00000000c7900000| Untracked 
| 122|0x00000000c7a00000, 0x00000000c7b00000, 0x00000000c7b00000|100%| O|  |TAMS 0x00000000c7b00000, 0x00000000c7a00000| Untracked 
| 123|0x00000000c7b00000, 0x00000000c7c00000, 0x00000000c7c00000|100%| O|  |TAMS 0x00000000c7c00000, 0x00000000c7b00000| Untracked 
| 124|0x00000000c7c00000, 0x00000000c7d00000, 0x00000000c7d00000|100%| O|  |TAMS 0x00000000c7d00000, 0x00000000c7c00000| Untracked 
| 125|0x00000000c7d00000, 0x00000000c7e00000, 0x00000000c7e00000|100%| O|  |TAMS 0x00000000c7e00000, 0x00000000c7d00000| Untracked 
| 126|0x00000000c7e00000, 0x00000000c7f00000, 0x00000000c7f00000|100%| O|  |TAMS 0x00000000c7f00000, 0x00000000c7e00000| Untracked 
| 127|0x00000000c7f00000, 0x00000000c8000000, 0x00000000c8000000|100%| O|  |TAMS 0x00000000c8000000, 0x00000000c7f00000| Untracked 
| 128|0x00000000c8000000, 0x00000000c8100000, 0x00000000c8100000|100%| O|  |TAMS 0x00000000c8100000, 0x00000000c8000000| Untracked 
| 129|0x00000000c8100000, 0x00000000c8200000, 0x00000000c8200000|100%| O|  |TAMS 0x00000000c8200000, 0x00000000c8100000| Untracked 
| 130|0x00000000c8200000, 0x00000000c8300000, 0x00000000c8300000|100%| O|  |TAMS 0x00000000c8300000, 0x00000000c8200000| Untracked 
| 131|0x00000000c8300000, 0x00000000c8400000, 0x00000000c8400000|100%| O|  |TAMS 0x00000000c8400000, 0x00000000c8300000| Untracked 
| 132|0x00000000c8400000, 0x00000000c8500000, 0x00000000c8500000|100%| O|  |TAMS 0x00000000c8500000, 0x00000000c8400000| Untracked 
| 133|0x00000000c8500000, 0x00000000c8600000, 0x00000000c8600000|100%| O|  |TAMS 0x00000000c8600000, 0x00000000c8500000| Untracked 
| 134|0x00000000c8600000, 0x00000000c8700000, 0x00000000c8700000|100%| O|  |TAMS 0x00000000c8700000, 0x00000000c8600000| Untracked 
| 135|0x00000000c8700000, 0x00000000c8800000, 0x00000000c8800000|100%| O|  |TAMS 0x00000000c8800000, 0x00000000c8700000| Untracked 
| 136|0x00000000c8800000, 0x00000000c8900000, 0x00000000c8900000|100%| O|  |TAMS 0x00000000c8900000, 0x00000000c8800000| Untracked 
| 137|0x00000000c8900000, 0x00000000c8a00000, 0x00000000c8a00000|100%| O|  |TAMS 0x00000000c8a00000, 0x00000000c8900000| Untracked 
| 138|0x00000000c8a00000, 0x00000000c8b00000, 0x00000000c8b00000|100%| O|  |TAMS 0x00000000c8b00000, 0x00000000c8a00000| Untracked 
| 139|0x00000000c8b00000, 0x00000000c8c00000, 0x00000000c8c00000|100%| O|  |TAMS 0x00000000c8c00000, 0x00000000c8b00000| Untracked 
| 140|0x00000000c8c00000, 0x00000000c8d00000, 0x00000000c8d00000|100%|HS|  |TAMS 0x00000000c8c00000, 0x00000000c8c00000| Complete 
| 141|0x00000000c8d00000, 0x00000000c8e00000, 0x00000000c8e00000|100%| O|  |TAMS 0x00000000c8d00000, 0x00000000c8d00000| Untracked 
| 142|0x00000000c8e00000, 0x00000000c8f00000, 0x00000000c8f00000|100%| O|  |TAMS 0x00000000c8f00000, 0x00000000c8e00000| Untracked 
| 143|0x00000000c8f00000, 0x00000000c9000000, 0x00000000c9000000|100%| O|  |TAMS 0x00000000c9000000, 0x00000000c8f00000| Untracked 
| 144|0x00000000c9000000, 0x00000000c9100000, 0x00000000c9100000|100%| O|  |TAMS 0x00000000c9100000, 0x00000000c9000000| Untracked 
| 145|0x00000000c9100000, 0x00000000c9200000, 0x00000000c9200000|100%| O|  |TAMS 0x00000000c9200000, 0x00000000c9100000| Untracked 
| 146|0x00000000c9200000, 0x00000000c9300000, 0x00000000c9300000|100%| O|  |TAMS 0x00000000c9300000, 0x00000000c9200000| Untracked 
| 147|0x00000000c9300000, 0x00000000c9400000, 0x00000000c9400000|100%| O|  |TAMS 0x00000000c9400000, 0x00000000c9300000| Untracked 
| 148|0x00000000c9400000, 0x00000000c9500000, 0x00000000c9500000|100%| O|  |TAMS 0x00000000c9500000, 0x00000000c9400000| Untracked 
| 149|0x00000000c9500000, 0x00000000c9600000, 0x00000000c9600000|100%| O|  |TAMS 0x00000000c9600000, 0x00000000c9500000| Untracked 
| 150|0x00000000c9600000, 0x00000000c9700000, 0x00000000c9700000|100%|HS|  |TAMS 0x00000000c9700000, 0x00000000c9600000| Complete 
| 151|0x00000000c9700000, 0x00000000c9800000, 0x00000000c9800000|100%| O|  |TAMS 0x00000000c9800000, 0x00000000c9700000| Untracked 
| 152|0x00000000c9800000, 0x00000000c9900000, 0x00000000c9900000|100%| O|  |TAMS 0x00000000c9900000, 0x00000000c9800000| Untracked 
| 153|0x00000000c9900000, 0x00000000c9a00000, 0x00000000c9a00000|100%| O|  |TAMS 0x00000000c9a00000, 0x00000000c9900000| Untracked 
| 154|0x00000000c9a00000, 0x00000000c9b00000, 0x00000000c9b00000|100%| O|  |TAMS 0x00000000c9b00000, 0x00000000c9a00000| Untracked 
| 155|0x00000000c9b00000, 0x00000000c9c00000, 0x00000000c9c00000|100%| O|  |TAMS 0x00000000c9c00000, 0x00000000c9b00000| Untracked 
| 156|0x00000000c9c00000, 0x00000000c9d00000, 0x00000000c9d00000|100%| O|  |TAMS 0x00000000c9d00000, 0x00000000c9c00000| Untracked 
| 157|0x00000000c9d00000, 0x00000000c9e00000, 0x00000000c9e00000|100%| O|  |TAMS 0x00000000c9e00000, 0x00000000c9d00000| Untracked 
| 158|0x00000000c9e00000, 0x00000000c9f00000, 0x00000000c9f00000|100%| O|  |TAMS 0x00000000c9f00000, 0x00000000c9e00000| Untracked 
| 159|0x00000000c9f00000, 0x00000000ca000000, 0x00000000ca000000|100%| O|  |TAMS 0x00000000ca000000, 0x00000000c9f00000| Untracked 
| 160|0x00000000ca000000, 0x00000000ca100000, 0x00000000ca100000|100%| O|  |TAMS 0x00000000ca100000, 0x00000000ca000000| Untracked 
| 161|0x00000000ca100000, 0x00000000ca200000, 0x00000000ca200000|100%| O|  |TAMS 0x00000000ca200000, 0x00000000ca100000| Untracked 
| 162|0x00000000ca200000, 0x00000000ca300000, 0x00000000ca300000|100%| O|  |TAMS 0x00000000ca300000, 0x00000000ca200000| Untracked 
| 163|0x00000000ca300000, 0x00000000ca400000, 0x00000000ca400000|100%| O|  |TAMS 0x00000000ca400000, 0x00000000ca300000| Untracked 
| 164|0x00000000ca400000, 0x00000000ca500000, 0x00000000ca500000|100%| O|  |TAMS 0x00000000ca500000, 0x00000000ca400000| Untracked 
| 165|0x00000000ca500000, 0x00000000ca600000, 0x00000000ca600000|100%| O|  |TAMS 0x00000000ca600000, 0x00000000ca500000| Untracked 
| 166|0x00000000ca600000, 0x00000000ca700000, 0x00000000ca700000|100%| O|  |TAMS 0x00000000ca700000, 0x00000000ca600000| Untracked 
| 167|0x00000000ca700000, 0x00000000ca800000, 0x00000000ca800000|100%| O|  |TAMS 0x00000000ca800000, 0x00000000ca700000| Untracked 
| 168|0x00000000ca800000, 0x00000000ca900000, 0x00000000ca900000|100%| O|  |TAMS 0x00000000ca900000, 0x00000000ca800000| Untracked 
| 169|0x00000000ca900000, 0x00000000caa00000, 0x00000000caa00000|100%| O|  |TAMS 0x00000000ca9ee800, 0x00000000ca900000| Untracked 
| 170|0x00000000caa00000, 0x00000000cab00000, 0x00000000cab00000|100%|HS|  |TAMS 0x00000000cab00000, 0x00000000caa00000| Complete 
| 171|0x00000000cab00000, 0x00000000cac00000, 0x00000000cac00000|100%|HC|  |TAMS 0x00000000cac00000, 0x00000000cab00000| Complete 
| 172|0x00000000cac00000, 0x00000000cad00000, 0x00000000cad00000|100%|HC|  |TAMS 0x00000000cad00000, 0x00000000cac00000| Complete 
| 173|0x00000000cad00000, 0x00000000cae00000, 0x00000000cae00000|100%|HS|  |TAMS 0x00000000cad00000, 0x00000000cad00000| Complete 
| 174|0x00000000cae00000, 0x00000000caf00000, 0x00000000caf00000|100%|HC|  |TAMS 0x00000000cae00000, 0x00000000cae00000| Complete 
| 175|0x00000000caf00000, 0x00000000cb000000, 0x00000000cb000000|100%|HC|  |TAMS 0x00000000caf00000, 0x00000000caf00000| Complete 
| 176|0x00000000cb000000, 0x00000000cb100000, 0x00000000cb100000|100%|HC|  |TAMS 0x00000000cb000000, 0x00000000cb000000| Complete 
| 177|0x00000000cb100000, 0x00000000cb200000, 0x00000000cb200000|100%|HC|  |TAMS 0x00000000cb100000, 0x00000000cb100000| Complete 
| 178|0x00000000cb200000, 0x00000000cb295460, 0x00000000cb300000| 58%| O|  |TAMS 0x00000000cb200000, 0x00000000cb200000| Untracked 
| 179|0x00000000cb300000, 0x00000000cb300000, 0x00000000cb400000|  0%| F|  |TAMS 0x00000000cb300000, 0x00000000cb300000| Untracked 
| 180|0x00000000cb400000, 0x00000000cb400000, 0x00000000cb500000|  0%| F|  |TAMS 0x00000000cb400000, 0x00000000cb400000| Untracked 
| 181|0x00000000cb500000, 0x00000000cb500000, 0x00000000cb600000|  0%| F|  |TAMS 0x00000000cb500000, 0x00000000cb500000| Untracked 
| 182|0x00000000cb600000, 0x00000000cb600000, 0x00000000cb700000|  0%| F|  |TAMS 0x00000000cb600000, 0x00000000cb600000| Untracked 
| 183|0x00000000cb700000, 0x00000000cb700000, 0x00000000cb800000|  0%| F|  |TAMS 0x00000000cb700000, 0x00000000cb700000| Untracked 
| 184|0x00000000cb800000, 0x00000000cb800000, 0x00000000cb900000|  0%| F|  |TAMS 0x00000000cb800000, 0x00000000cb800000| Untracked 
| 185|0x00000000cb900000, 0x00000000cb900000, 0x00000000cba00000|  0%| F|  |TAMS 0x00000000cb900000, 0x00000000cb900000| Untracked 
| 186|0x00000000cba00000, 0x00000000cba00000, 0x00000000cbb00000|  0%| F|  |TAMS 0x00000000cba00000, 0x00000000cba00000| Untracked 
| 187|0x00000000cbb00000, 0x00000000cbb00000, 0x00000000cbc00000|  0%| F|  |TAMS 0x00000000cbb00000, 0x00000000cbb00000| Untracked 
| 188|0x00000000cbc00000, 0x00000000cbc00000, 0x00000000cbd00000|  0%| F|  |TAMS 0x00000000cbc00000, 0x00000000cbc00000| Untracked 
| 189|0x00000000cbd00000, 0x00000000cbd00000, 0x00000000cbe00000|  0%| F|  |TAMS 0x00000000cbd00000, 0x00000000cbd00000| Untracked 
| 190|0x00000000cbe00000, 0x00000000cbe00000, 0x00000000cbf00000|  0%| F|  |TAMS 0x00000000cbe00000, 0x00000000cbe00000| Untracked 
| 191|0x00000000cbf00000, 0x00000000cbf00000, 0x00000000cc000000|  0%| F|  |TAMS 0x00000000cbf00000, 0x00000000cbf00000| Untracked 
| 192|0x00000000cc000000, 0x00000000cc000000, 0x00000000cc100000|  0%| F|  |TAMS 0x00000000cc000000, 0x00000000cc000000| Untracked 
| 193|0x00000000cc100000, 0x00000000cc100000, 0x00000000cc200000|  0%| F|  |TAMS 0x00000000cc100000, 0x00000000cc100000| Untracked 
| 194|0x00000000cc200000, 0x00000000cc200000, 0x00000000cc300000|  0%| F|  |TAMS 0x00000000cc200000, 0x00000000cc200000| Untracked 
| 195|0x00000000cc300000, 0x00000000cc300000, 0x00000000cc400000|  0%| F|  |TAMS 0x00000000cc300000, 0x00000000cc300000| Untracked 
| 196|0x00000000cc400000, 0x00000000cc400000, 0x00000000cc500000|  0%| F|  |TAMS 0x00000000cc400000, 0x00000000cc400000| Untracked 
| 197|0x00000000cc500000, 0x00000000cc500000, 0x00000000cc600000|  0%| F|  |TAMS 0x00000000cc500000, 0x00000000cc500000| Untracked 
| 198|0x00000000cc600000, 0x00000000cc600000, 0x00000000cc700000|  0%| F|  |TAMS 0x00000000cc600000, 0x00000000cc600000| Untracked 
| 199|0x00000000cc700000, 0x00000000cc700000, 0x00000000cc800000|  0%| F|  |TAMS 0x00000000cc700000, 0x00000000cc700000| Untracked 
| 200|0x00000000cc800000, 0x00000000cc800000, 0x00000000cc900000|  0%| F|  |TAMS 0x00000000cc800000, 0x00000000cc800000| Untracked 
| 201|0x00000000cc900000, 0x00000000cc900000, 0x00000000cca00000|  0%| F|  |TAMS 0x00000000cc900000, 0x00000000cc900000| Untracked 
| 202|0x00000000cca00000, 0x00000000cca00000, 0x00000000ccb00000|  0%| F|  |TAMS 0x00000000cca00000, 0x00000000cca00000| Untracked 
| 203|0x00000000ccb00000, 0x00000000ccb00000, 0x00000000ccc00000|  0%| F|  |TAMS 0x00000000ccb00000, 0x00000000ccb00000| Untracked 
| 204|0x00000000ccc00000, 0x00000000ccc00000, 0x00000000ccd00000|  0%| F|  |TAMS 0x00000000ccc00000, 0x00000000ccc00000| Untracked 
| 205|0x00000000ccd00000, 0x00000000ccd00000, 0x00000000cce00000|  0%| F|  |TAMS 0x00000000ccd00000, 0x00000000ccd00000| Untracked 
| 206|0x00000000cce00000, 0x00000000cce00000, 0x00000000ccf00000|  0%| F|  |TAMS 0x00000000cce00000, 0x00000000cce00000| Untracked 
| 207|0x00000000ccf00000, 0x00000000ccf00000, 0x00000000cd000000|  0%| F|  |TAMS 0x00000000ccf00000, 0x00000000ccf00000| Untracked 
| 208|0x00000000cd000000, 0x00000000cd000000, 0x00000000cd100000|  0%| F|  |TAMS 0x00000000cd000000, 0x00000000cd000000| Untracked 
| 209|0x00000000cd100000, 0x00000000cd100000, 0x00000000cd200000|  0%| F|  |TAMS 0x00000000cd100000, 0x00000000cd100000| Untracked 
| 210|0x00000000cd200000, 0x00000000cd200000, 0x00000000cd300000|  0%| F|  |TAMS 0x00000000cd200000, 0x00000000cd200000| Untracked 
| 211|0x00000000cd300000, 0x00000000cd300000, 0x00000000cd400000|  0%| F|  |TAMS 0x00000000cd300000, 0x00000000cd300000| Untracked 
| 212|0x00000000cd400000, 0x00000000cd400000, 0x00000000cd500000|  0%| F|  |TAMS 0x00000000cd400000, 0x00000000cd400000| Untracked 
| 213|0x00000000cd500000, 0x00000000cd500000, 0x00000000cd600000|  0%| F|  |TAMS 0x00000000cd500000, 0x00000000cd500000| Untracked 
| 214|0x00000000cd600000, 0x00000000cd600000, 0x00000000cd700000|  0%| F|  |TAMS 0x00000000cd600000, 0x00000000cd600000| Untracked 
| 215|0x00000000cd700000, 0x00000000cd700000, 0x00000000cd800000|  0%| F|  |TAMS 0x00000000cd700000, 0x00000000cd700000| Untracked 
| 216|0x00000000cd800000, 0x00000000cd800000, 0x00000000cd900000|  0%| F|  |TAMS 0x00000000cd800000, 0x00000000cd800000| Untracked 
| 217|0x00000000cd900000, 0x00000000cd900000, 0x00000000cda00000|  0%| F|  |TAMS 0x00000000cd900000, 0x00000000cd900000| Untracked 
| 218|0x00000000cda00000, 0x00000000cda00000, 0x00000000cdb00000|  0%| F|  |TAMS 0x00000000cda00000, 0x00000000cda00000| Untracked 
| 219|0x00000000cdb00000, 0x00000000cdb00000, 0x00000000cdc00000|  0%| F|  |TAMS 0x00000000cdb00000, 0x00000000cdb00000| Untracked 
| 220|0x00000000cdc00000, 0x00000000cdc00000, 0x00000000cdd00000|  0%| F|  |TAMS 0x00000000cdc00000, 0x00000000cdc00000| Untracked 
| 221|0x00000000cdd00000, 0x00000000cdd00000, 0x00000000cde00000|  0%| F|  |TAMS 0x00000000cdd00000, 0x00000000cdd00000| Untracked 
| 222|0x00000000cde00000, 0x00000000cde00000, 0x00000000cdf00000|  0%| F|  |TAMS 0x00000000cde00000, 0x00000000cde00000| Untracked 
| 223|0x00000000cdf00000, 0x00000000cdf00000, 0x00000000ce000000|  0%| F|  |TAMS 0x00000000cdf00000, 0x00000000cdf00000| Untracked 
| 224|0x00000000ce000000, 0x00000000ce000000, 0x00000000ce100000|  0%| F|  |TAMS 0x00000000ce000000, 0x00000000ce000000| Untracked 
| 225|0x00000000ce100000, 0x00000000ce100000, 0x00000000ce200000|  0%| F|  |TAMS 0x00000000ce100000, 0x00000000ce100000| Untracked 
| 226|0x00000000ce200000, 0x00000000ce200000, 0x00000000ce300000|  0%| F|  |TAMS 0x00000000ce200000, 0x00000000ce200000| Untracked 
| 227|0x00000000ce300000, 0x00000000ce300000, 0x00000000ce400000|  0%| F|  |TAMS 0x00000000ce300000, 0x00000000ce300000| Untracked 
| 228|0x00000000ce400000, 0x00000000ce400000, 0x00000000ce500000|  0%| F|  |TAMS 0x00000000ce400000, 0x00000000ce400000| Untracked 
| 229|0x00000000ce500000, 0x00000000ce500000, 0x00000000ce600000|  0%| F|  |TAMS 0x00000000ce500000, 0x00000000ce500000| Untracked 
| 230|0x00000000ce600000, 0x00000000ce600000, 0x00000000ce700000|  0%| F|  |TAMS 0x00000000ce600000, 0x00000000ce600000| Untracked 
| 231|0x00000000ce700000, 0x00000000ce700000, 0x00000000ce800000|  0%| F|  |TAMS 0x00000000ce700000, 0x00000000ce700000| Untracked 
| 232|0x00000000ce800000, 0x00000000ce800000, 0x00000000ce900000|  0%| F|  |TAMS 0x00000000ce800000, 0x00000000ce800000| Untracked 
| 233|0x00000000ce900000, 0x00000000ce900000, 0x00000000cea00000|  0%| F|  |TAMS 0x00000000ce900000, 0x00000000ce900000| Untracked 
| 234|0x00000000cea00000, 0x00000000cea00000, 0x00000000ceb00000|  0%| F|  |TAMS 0x00000000cea00000, 0x00000000cea00000| Untracked 
| 235|0x00000000ceb00000, 0x00000000ceb00000, 0x00000000cec00000|  0%| F|  |TAMS 0x00000000ceb00000, 0x00000000ceb00000| Untracked 
| 236|0x00000000cec00000, 0x00000000cec00000, 0x00000000ced00000|  0%| F|  |TAMS 0x00000000cec00000, 0x00000000cec00000| Untracked 
| 237|0x00000000ced00000, 0x00000000ced00000, 0x00000000cee00000|  0%| F|  |TAMS 0x00000000ced00000, 0x00000000ced00000| Untracked 
| 238|0x00000000cee00000, 0x00000000cee00000, 0x00000000cef00000|  0%| F|  |TAMS 0x00000000cee00000, 0x00000000cee00000| Untracked 
| 239|0x00000000cef00000, 0x00000000cef00000, 0x00000000cf000000|  0%| F|  |TAMS 0x00000000cef00000, 0x00000000cef00000| Untracked 
| 240|0x00000000cf000000, 0x00000000cf000000, 0x00000000cf100000|  0%| F|  |TAMS 0x00000000cf000000, 0x00000000cf000000| Untracked 
| 241|0x00000000cf100000, 0x00000000cf100000, 0x00000000cf200000|  0%| F|  |TAMS 0x00000000cf100000, 0x00000000cf100000| Untracked 
| 242|0x00000000cf200000, 0x00000000cf200000, 0x00000000cf300000|  0%| F|  |TAMS 0x00000000cf200000, 0x00000000cf200000| Untracked 
| 243|0x00000000cf300000, 0x00000000cf300000, 0x00000000cf400000|  0%| F|  |TAMS 0x00000000cf300000, 0x00000000cf300000| Untracked 
| 244|0x00000000cf400000, 0x00000000cf400000, 0x00000000cf500000|  0%| F|  |TAMS 0x00000000cf400000, 0x00000000cf400000| Untracked 
| 245|0x00000000cf500000, 0x00000000cf500000, 0x00000000cf600000|  0%| F|  |TAMS 0x00000000cf500000, 0x00000000cf500000| Untracked 
| 246|0x00000000cf600000, 0x00000000cf600000, 0x00000000cf700000|  0%| F|  |TAMS 0x00000000cf600000, 0x00000000cf600000| Untracked 
| 247|0x00000000cf700000, 0x00000000cf700000, 0x00000000cf800000|  0%| F|  |TAMS 0x00000000cf700000, 0x00000000cf700000| Untracked 
| 248|0x00000000cf800000, 0x00000000cf800000, 0x00000000cf900000|  0%| F|  |TAMS 0x00000000cf800000, 0x00000000cf800000| Untracked 
| 249|0x00000000cf900000, 0x00000000cf900000, 0x00000000cfa00000|  0%| F|  |TAMS 0x00000000cf900000, 0x00000000cf900000| Untracked 
| 250|0x00000000cfa00000, 0x00000000cfa00000, 0x00000000cfb00000|  0%| F|  |TAMS 0x00000000cfa00000, 0x00000000cfa00000| Untracked 
| 251|0x00000000cfb00000, 0x00000000cfb00000, 0x00000000cfc00000|  0%| F|  |TAMS 0x00000000cfb00000, 0x00000000cfb00000| Untracked 
| 252|0x00000000cfc00000, 0x00000000cfc00000, 0x00000000cfd00000|  0%| F|  |TAMS 0x00000000cfc00000, 0x00000000cfc00000| Untracked 
| 253|0x00000000cfd00000, 0x00000000cfd00000, 0x00000000cfe00000|  0%| F|  |TAMS 0x00000000cfd00000, 0x00000000cfd00000| Untracked 
| 254|0x00000000cfe00000, 0x00000000cfe00000, 0x00000000cff00000|  0%| F|  |TAMS 0x00000000cfe00000, 0x00000000cfe00000| Untracked 
| 255|0x00000000cff00000, 0x00000000cff00000, 0x00000000d0000000|  0%| F|  |TAMS 0x00000000cff00000, 0x00000000cff00000| Untracked 
| 256|0x00000000d0000000, 0x00000000d0000000, 0x00000000d0100000|  0%| F|  |TAMS 0x00000000d0000000, 0x00000000d0000000| Untracked 
| 257|0x00000000d0100000, 0x00000000d0100000, 0x00000000d0200000|  0%| F|  |TAMS 0x00000000d0100000, 0x00000000d0100000| Untracked 
| 258|0x00000000d0200000, 0x00000000d0200000, 0x00000000d0300000|  0%| F|  |TAMS 0x00000000d0200000, 0x00000000d0200000| Untracked 
| 259|0x00000000d0300000, 0x00000000d0300000, 0x00000000d0400000|  0%| F|  |TAMS 0x00000000d0300000, 0x00000000d0300000| Untracked 
| 260|0x00000000d0400000, 0x00000000d0400000, 0x00000000d0500000|  0%| F|  |TAMS 0x00000000d0400000, 0x00000000d0400000| Untracked 
| 261|0x00000000d0500000, 0x00000000d0500000, 0x00000000d0600000|  0%| F|  |TAMS 0x00000000d0500000, 0x00000000d0500000| Untracked 
| 262|0x00000000d0600000, 0x00000000d0600000, 0x00000000d0700000|  0%| F|  |TAMS 0x00000000d0600000, 0x00000000d0600000| Untracked 
| 263|0x00000000d0700000, 0x00000000d0700000, 0x00000000d0800000|  0%| F|  |TAMS 0x00000000d0700000, 0x00000000d0700000| Untracked 
| 264|0x00000000d0800000, 0x00000000d0800000, 0x00000000d0900000|  0%| F|  |TAMS 0x00000000d0800000, 0x00000000d0800000| Untracked 
| 265|0x00000000d0900000, 0x00000000d0900000, 0x00000000d0a00000|  0%| F|  |TAMS 0x00000000d0900000, 0x00000000d0900000| Untracked 
| 266|0x00000000d0a00000, 0x00000000d0a00000, 0x00000000d0b00000|  0%| F|  |TAMS 0x00000000d0a00000, 0x00000000d0a00000| Untracked 
| 267|0x00000000d0b00000, 0x00000000d0b00000, 0x00000000d0c00000|  0%| F|  |TAMS 0x00000000d0b00000, 0x00000000d0b00000| Untracked 
| 268|0x00000000d0c00000, 0x00000000d0c00000, 0x00000000d0d00000|  0%| F|  |TAMS 0x00000000d0c00000, 0x00000000d0c00000| Untracked 
| 269|0x00000000d0d00000, 0x00000000d0d00000, 0x00000000d0e00000|  0%| F|  |TAMS 0x00000000d0d00000, 0x00000000d0d00000| Untracked 
| 270|0x00000000d0e00000, 0x00000000d0e00000, 0x00000000d0f00000|  0%| F|  |TAMS 0x00000000d0e00000, 0x00000000d0e00000| Untracked 
| 271|0x00000000d0f00000, 0x00000000d0f00000, 0x00000000d1000000|  0%| F|  |TAMS 0x00000000d0f00000, 0x00000000d0f00000| Untracked 
| 272|0x00000000d1000000, 0x00000000d1000000, 0x00000000d1100000|  0%| F|  |TAMS 0x00000000d1000000, 0x00000000d1000000| Untracked 
| 273|0x00000000d1100000, 0x00000000d1100000, 0x00000000d1200000|  0%| F|  |TAMS 0x00000000d1100000, 0x00000000d1100000| Untracked 
| 274|0x00000000d1200000, 0x00000000d1200000, 0x00000000d1300000|  0%| F|  |TAMS 0x00000000d1200000, 0x00000000d1200000| Untracked 
| 275|0x00000000d1300000, 0x00000000d1300000, 0x00000000d1400000|  0%| F|  |TAMS 0x00000000d1300000, 0x00000000d1300000| Untracked 
| 276|0x00000000d1400000, 0x00000000d1400000, 0x00000000d1500000|  0%| F|  |TAMS 0x00000000d1400000, 0x00000000d1400000| Untracked 
| 277|0x00000000d1500000, 0x00000000d1500000, 0x00000000d1600000|  0%| F|  |TAMS 0x00000000d1500000, 0x00000000d1500000| Untracked 
| 278|0x00000000d1600000, 0x00000000d1600000, 0x00000000d1700000|  0%| F|  |TAMS 0x00000000d1600000, 0x00000000d1600000| Untracked 
| 279|0x00000000d1700000, 0x00000000d1700000, 0x00000000d1800000|  0%| F|  |TAMS 0x00000000d1700000, 0x00000000d1700000| Untracked 
| 280|0x00000000d1800000, 0x00000000d1800000, 0x00000000d1900000|  0%| F|  |TAMS 0x00000000d1800000, 0x00000000d1800000| Untracked 
| 281|0x00000000d1900000, 0x00000000d1900000, 0x00000000d1a00000|  0%| F|  |TAMS 0x00000000d1900000, 0x00000000d1900000| Untracked 
| 282|0x00000000d1a00000, 0x00000000d1a00000, 0x00000000d1b00000|  0%| F|  |TAMS 0x00000000d1a00000, 0x00000000d1a00000| Untracked 
| 283|0x00000000d1b00000, 0x00000000d1b00000, 0x00000000d1c00000|  0%| F|  |TAMS 0x00000000d1b00000, 0x00000000d1b00000| Untracked 
| 284|0x00000000d1c00000, 0x00000000d1c00000, 0x00000000d1d00000|  0%| F|  |TAMS 0x00000000d1c00000, 0x00000000d1c00000| Untracked 
| 285|0x00000000d1d00000, 0x00000000d1d00000, 0x00000000d1e00000|  0%| F|  |TAMS 0x00000000d1d00000, 0x00000000d1d00000| Untracked 
| 286|0x00000000d1e00000, 0x00000000d1e00000, 0x00000000d1f00000|  0%| F|  |TAMS 0x00000000d1e00000, 0x00000000d1e00000| Untracked 
| 287|0x00000000d1f00000, 0x00000000d1f00000, 0x00000000d2000000|  0%| F|  |TAMS 0x00000000d1f00000, 0x00000000d1f00000| Untracked 
| 288|0x00000000d2000000, 0x00000000d2000000, 0x00000000d2100000|  0%| F|  |TAMS 0x00000000d2000000, 0x00000000d2000000| Untracked 
| 289|0x00000000d2100000, 0x00000000d2100000, 0x00000000d2200000|  0%| F|  |TAMS 0x00000000d2100000, 0x00000000d2100000| Untracked 
| 290|0x00000000d2200000, 0x00000000d2200000, 0x00000000d2300000|  0%| F|  |TAMS 0x00000000d2200000, 0x00000000d2200000| Untracked 
| 291|0x00000000d2300000, 0x00000000d2300000, 0x00000000d2400000|  0%| F|  |TAMS 0x00000000d2300000, 0x00000000d2300000| Untracked 
| 292|0x00000000d2400000, 0x00000000d2400000, 0x00000000d2500000|  0%| F|  |TAMS 0x00000000d2400000, 0x00000000d2400000| Untracked 
| 293|0x00000000d2500000, 0x00000000d2500000, 0x00000000d2600000|  0%| F|  |TAMS 0x00000000d2500000, 0x00000000d2500000| Untracked 
| 294|0x00000000d2600000, 0x00000000d2600000, 0x00000000d2700000|  0%| F|  |TAMS 0x00000000d2600000, 0x00000000d2600000| Untracked 
| 295|0x00000000d2700000, 0x00000000d2700000, 0x00000000d2800000|  0%| F|  |TAMS 0x00000000d2700000, 0x00000000d2700000| Untracked 
| 296|0x00000000d2800000, 0x00000000d2800000, 0x00000000d2900000|  0%| F|  |TAMS 0x00000000d2800000, 0x00000000d2800000| Untracked 
| 297|0x00000000d2900000, 0x00000000d2900000, 0x00000000d2a00000|  0%| F|  |TAMS 0x00000000d2900000, 0x00000000d2900000| Untracked 
| 298|0x00000000d2a00000, 0x00000000d2a00000, 0x00000000d2b00000|  0%| F|  |TAMS 0x00000000d2a00000, 0x00000000d2a00000| Untracked 
| 299|0x00000000d2b00000, 0x00000000d2b00000, 0x00000000d2c00000|  0%| F|  |TAMS 0x00000000d2b00000, 0x00000000d2b00000| Untracked 
| 300|0x00000000d2c00000, 0x00000000d2c00000, 0x00000000d2d00000|  0%| F|  |TAMS 0x00000000d2c00000, 0x00000000d2c00000| Untracked 
| 301|0x00000000d2d00000, 0x00000000d2d00000, 0x00000000d2e00000|  0%| F|  |TAMS 0x00000000d2d00000, 0x00000000d2d00000| Untracked 
| 302|0x00000000d2e00000, 0x00000000d2e00000, 0x00000000d2f00000|  0%| F|  |TAMS 0x00000000d2e00000, 0x00000000d2e00000| Untracked 
| 303|0x00000000d2f00000, 0x00000000d2f00000, 0x00000000d3000000|  0%| F|  |TAMS 0x00000000d2f00000, 0x00000000d2f00000| Untracked 
| 304|0x00000000d3000000, 0x00000000d3000000, 0x00000000d3100000|  0%| F|  |TAMS 0x00000000d3000000, 0x00000000d3000000| Untracked 
| 305|0x00000000d3100000, 0x00000000d3100000, 0x00000000d3200000|  0%| F|  |TAMS 0x00000000d3100000, 0x00000000d3100000| Untracked 
| 306|0x00000000d3200000, 0x00000000d3200000, 0x00000000d3300000|  0%| F|  |TAMS 0x00000000d3200000, 0x00000000d3200000| Untracked 
| 307|0x00000000d3300000, 0x00000000d3300000, 0x00000000d3400000|  0%| F|  |TAMS 0x00000000d3300000, 0x00000000d3300000| Untracked 
| 308|0x00000000d3400000, 0x00000000d3500000, 0x00000000d3500000|100%| S|CS|TAMS 0x00000000d3400000, 0x00000000d3400000| Complete 
| 309|0x00000000d3500000, 0x00000000d3500000, 0x00000000d3600000|  0%| F|  |TAMS 0x00000000d3500000, 0x00000000d3500000| Untracked 
| 310|0x00000000d3600000, 0x00000000d3600000, 0x00000000d3700000|  0%| F|  |TAMS 0x00000000d3600000, 0x00000000d3600000| Untracked 
| 311|0x00000000d3700000, 0x00000000d3700000, 0x00000000d3800000|  0%| F|  |TAMS 0x00000000d3700000, 0x00000000d3700000| Untracked 
| 312|0x00000000d3800000, 0x00000000d3800000, 0x00000000d3900000|  0%| F|  |TAMS 0x00000000d3800000, 0x00000000d3800000| Untracked 
| 313|0x00000000d3900000, 0x00000000d3900000, 0x00000000d3a00000|  0%| F|  |TAMS 0x00000000d3900000, 0x00000000d3900000| Untracked 
| 314|0x00000000d3a00000, 0x00000000d3a00000, 0x00000000d3b00000|  0%| F|  |TAMS 0x00000000d3a00000, 0x00000000d3a00000| Untracked 
| 315|0x00000000d3b00000, 0x00000000d3b00000, 0x00000000d3c00000|  0%| F|  |TAMS 0x00000000d3b00000, 0x00000000d3b00000| Untracked 
| 316|0x00000000d3c00000, 0x00000000d3c00000, 0x00000000d3d00000|  0%| F|  |TAMS 0x00000000d3c00000, 0x00000000d3c00000| Untracked 
| 317|0x00000000d3d00000, 0x00000000d3d00000, 0x00000000d3e00000|  0%| F|  |TAMS 0x00000000d3d00000, 0x00000000d3d00000| Untracked 
| 318|0x00000000d3e00000, 0x00000000d3e00000, 0x00000000d3f00000|  0%| F|  |TAMS 0x00000000d3e00000, 0x00000000d3e00000| Untracked 
| 319|0x00000000d3f00000, 0x00000000d3f00000, 0x00000000d4000000|  0%| F|  |TAMS 0x00000000d3f00000, 0x00000000d3f00000| Untracked 
| 320|0x00000000d4000000, 0x00000000d4000000, 0x00000000d4100000|  0%| F|  |TAMS 0x00000000d4000000, 0x00000000d4000000| Untracked 
| 321|0x00000000d4100000, 0x00000000d4100000, 0x00000000d4200000|  0%| F|  |TAMS 0x00000000d4100000, 0x00000000d4100000| Untracked 
| 322|0x00000000d4200000, 0x00000000d4200000, 0x00000000d4300000|  0%| F|  |TAMS 0x00000000d4200000, 0x00000000d4200000| Untracked 
| 323|0x00000000d4300000, 0x00000000d4300000, 0x00000000d4400000|  0%| F|  |TAMS 0x00000000d4300000, 0x00000000d4300000| Untracked 
| 324|0x00000000d4400000, 0x00000000d4400000, 0x00000000d4500000|  0%| F|  |TAMS 0x00000000d4400000, 0x00000000d4400000| Untracked 
| 325|0x00000000d4500000, 0x00000000d4500000, 0x00000000d4600000|  0%| F|  |TAMS 0x00000000d4500000, 0x00000000d4500000| Untracked 
| 326|0x00000000d4600000, 0x00000000d4600800, 0x00000000d4700000|  0%| E|  |TAMS 0x00000000d4600000, 0x00000000d4600000| Complete 

Card table byte_map: [0x0000000002f10000,0x0000000003110000] _byte_map_base: 0x0000000002910000

Marking Bits (Prev, Next): (CMBitMap*) 0x00000000031a5088, (CMBitMap*) 0x00000000031a50c8
 Prev Bits: [0x000000001a740000, 0x000000001b740000)
 Next Bits: [0x000000001b740000, 0x000000001c740000)

Polling page: 0x0000000000190000

Metaspace:

Usage:
  Non-class:     86.59 MB capacity,    79.40 MB ( 92%) used,     6.98 MB (  8%) free+waste,   213.56 KB ( <1%) overhead. 
      Class:     13.09 MB capacity,    10.09 MB ( 77%) used,     2.88 MB ( 22%) free+waste,   114.88 KB ( <1%) overhead. 
       Both:     99.68 MB capacity,    89.49 MB ( 90%) used,     9.87 MB ( 10%) free+waste,   328.44 KB ( <1%) overhead. 

Virtual space:
  Non-class space:       88.00 MB reserved,      86.92 MB ( 99%) committed 
      Class space:        1.00 GB reserved,      13.16 MB (  1%) committed 
             Both:        1.09 GB reserved,     100.08 MB (  9%) committed 

Chunk freelists:
   Non-Class:  25.88 KB
       Class:  640 bytes
        Both:  26.50 KB

CodeHeap 'non-profiled nmethods': size=120064Kb used=11181Kb max_used=11214Kb free=108882Kb
 bounds [0x0000000013000000, 0x0000000013b10000, 0x000000001a540000]
CodeHeap 'profiled nmethods': size=120000Kb used=35700Kb max_used=36117Kb free=84299Kb
 bounds [0x000000000bad0000, 0x000000000de60000, 0x0000000013000000]
CodeHeap 'non-nmethods': size=5696Kb used=1494Kb max_used=1545Kb free=4201Kb
 bounds [0x000000000b540000, 0x000000000b7b0000, 0x000000000bad0000]
 total_blobs=23721 nmethods=13613 adapters=892
 compilation: enabled
              stopped_count=0, restarted_count=0
 full_count=0

Compilation events (10 events):
Event: 218.373 Thread 0x000000001f6fd000 nmethod 17639 0x0000000013af6a10 code [0x0000000013af72a0, 0x0000000013affb90]
Event: 218.374 Thread 0x000000001f6fd000 17642       4       org.netbeans.modules.javascript2.model.JsElementImpl::isInternalFile (72 bytes)
Event: 218.501 Thread 0x000000001f6fd000 nmethod 17642 0x0000000013915510 code [0x00000000139157c0, 0x00000000139169a0]
Event: 218.501 Thread 0x000000001f6fd000 17640       4       org.netbeans.modules.parsing.impl.indexing.ClusteredIndexables$DocumentIndexCacheImpl::init (170 bytes)
Event: 218.581 Thread 0x000000001f6fd000 nmethod 17640 0x0000000013913510 code [0x00000000139137a0, 0x0000000013914e68]
Event: 218.730 Thread 0x000000001f70a800 17643       3       org.openide.util.lookup.ProxyLookup$ImmutableInternalData::removeTemplate (61 bytes)
Event: 218.731 Thread 0x000000001f70a800 nmethod 17643 0x000000000c088f90 code [0x000000000c089220, 0x000000000c089e70]
Event: 218.752 Thread 0x000000001f6fd000 17644       4       org.netbeans.modules.parsing.impl.indexing.ClusteredIndexables$MemIndexDocument::<init> (37 bytes)
Event: 218.768 Thread 0x000000001f6fd000 nmethod 17644 0x0000000013907990 code [0x0000000013907b80, 0x0000000013908368]
Event: 218.788 Thread 0x000000001f6fd000 17645       4       org.netbeans.modules.javascript2.editor.index.JsIndexer::createDocument (566 bytes)

GC Heap History (10 events):
Event: 208.822 GC heap before
{Heap before GC invocations=116 (full 0):
 garbage-first heap   total 334848K, used 233546K [0x00000000c0000000, 0x0000000100000000)
  region size 1024K, 60 young (61440K), 3 survivors (3072K)
 Metaspace       used 91617K, capacity 102076K, committed 102480K, reserved 1138688K
  class space    used 10333K, capacity 13403K, committed 13472K, reserved 1048576K
}
Event: 208.892 GC heap after
{Heap after GC invocations=117 (full 0):
 garbage-first heap   total 334848K, used 176077K [0x00000000c0000000, 0x0000000100000000)
  region size 1024K, 4 young (4096K), 4 survivors (4096K)
 Metaspace       used 91617K, capacity 102076K, committed 102480K, reserved 1138688K
  class space    used 10333K, capacity 13403K, committed 13472K, reserved 1048576K
}
Event: 211.519 GC heap before
{Heap before GC invocations=117 (full 0):
 garbage-first heap   total 334848K, used 245709K [0x00000000c0000000, 0x0000000100000000)
  region size 1024K, 72 young (73728K), 4 survivors (4096K)
 Metaspace       used 91622K, capacity 102076K, committed 102480K, reserved 1138688K
  class space    used 10333K, capacity 13403K, committed 13472K, reserved 1048576K
}
Event: 211.578 GC heap after
{Heap after GC invocations=118 (full 0):
 garbage-first heap   total 334848K, used 176575K [0x00000000c0000000, 0x0000000100000000)
  region size 1024K, 4 young (4096K), 4 survivors (4096K)
 Metaspace       used 91622K, capacity 102076K, committed 102480K, reserved 1138688K
  class space    used 10333K, capacity 13403K, committed 13472K, reserved 1048576K
}
Event: 215.568 GC heap before
{Heap before GC invocations=118 (full 0):
 garbage-first heap   total 334848K, used 252351K [0x00000000c0000000, 0x0000000100000000)
  region size 1024K, 79 young (80896K), 4 survivors (4096K)
 Metaspace       used 91631K, capacity 102076K, committed 102480K, reserved 1138688K
  class space    used 10333K, capacity 13403K, committed 13472K, reserved 1048576K
}
Event: 215.679 GC heap after
{Heap after GC invocations=119 (full 0):
 garbage-first heap   total 334848K, used 178688K [0x00000000c0000000, 0x0000000100000000)
  region size 1024K, 6 young (6144K), 6 survivors (6144K)
 Metaspace       used 91631K, capacity 102076K, committed 102480K, reserved 1138688K
  class space    used 10333K, capacity 13403K, committed 13472K, reserved 1048576K
}
Event: 216.001 GC heap before
{Heap before GC invocations=119 (full 0):
 garbage-first heap   total 334848K, used 201216K [0x00000000c0000000, 0x0000000100000000)
  region size 1024K, 29 young (29696K), 6 survivors (6144K)
 Metaspace       used 91631K, capacity 102076K, committed 102480K, reserved 1138688K
  class space    used 10333K, capacity 13403K, committed 13472K, reserved 1048576K
}
Event: 216.081 GC heap after
{Heap after GC invocations=120 (full 0):
 garbage-first heap   total 334848K, used 177064K [0x00000000c0000000, 0x0000000100000000)
  region size 1024K, 3 young (3072K), 3 survivors (3072K)
 Metaspace       used 91631K, capacity 102076K, committed 102480K, reserved 1138688K
  class space    used 10333K, capacity 13403K, committed 13472K, reserved 1048576K
}
Event: 217.672 GC heap before
{Heap before GC invocations=121 (full 0):
 garbage-first heap   total 334848K, used 188328K [0x00000000c0000000, 0x0000000100000000)
  region size 1024K, 12 young (12288K), 3 survivors (3072K)
 Metaspace       used 91635K, capacity 102076K, committed 102480K, reserved 1138688K
  class space    used 10333K, capacity 13403K, committed 13472K, reserved 1048576K
}
Event: 217.800 GC heap after
{Heap after GC invocations=122 (full 0):
 garbage-first heap   total 334848K, used 178106K [0x00000000c0000000, 0x0000000100000000)
  region size 1024K, 3 young (3072K), 3 survivors (3072K)
 Metaspace       used 91635K, capacity 102076K, committed 102480K, reserved 1138688K
  class space    used 10333K, capacity 13403K, committed 13472K, reserved 1048576K
}

Deoptimization events (10 events):
Event: 206.909 Thread 0x0000000026fd6000 Uncommon trap: reason=profile_predicate action=maybe_recompile pc=0x0000000013ad51cc method=org.eclipse.jgit.util.StringUtils.compareIgnoreCase(Ljava/lang/String;Ljava/lang/String;)I @ 37 c2
Event: 206.910 Thread 0x0000000026fd6000 Uncommon trap: reason=profile_predicate action=maybe_recompile pc=0x0000000013ad51cc method=org.eclipse.jgit.util.StringUtils.compareIgnoreCase(Ljava/lang/String;Ljava/lang/String;)I @ 37 c2
Event: 206.925 Thread 0x0000000026fd6000 Uncommon trap: reason=profile_predicate action=maybe_recompile pc=0x0000000013ad51cc method=org.eclipse.jgit.util.StringUtils.compareIgnoreCase(Ljava/lang/String;Ljava/lang/String;)I @ 37 c2
Event: 206.925 Thread 0x0000000026fd6000 Uncommon trap: reason=profile_predicate action=maybe_recompile pc=0x0000000013ad51cc method=org.eclipse.jgit.util.StringUtils.compareIgnoreCase(Ljava/lang/String;Ljava/lang/String;)I @ 37 c2
Event: 207.287 Thread 0x0000000026fd6000 Uncommon trap: reason=unstable_if action=reinterpret pc=0x0000000013a026d0 method=org.eclipse.jgit.util.RawParseUtils.parseLongBase10([BILorg/eclipse/jgit/util/MutableInteger;)J @ 125 c2
Event: 207.574 Thread 0x0000000026fd6000 Uncommon trap: reason=predicate action=maybe_recompile pc=0x0000000013adb078 method=org.eclipse.jgit.util.StringUtils.compareIgnoreCase(Ljava/lang/String;Ljava/lang/String;)I @ 37 c2
Event: 212.857 Thread 0x0000000026fd6000 Uncommon trap: reason=profile_predicate action=maybe_recompile pc=0x0000000013af46e4 method=org.eclipse.jgit.util.StringUtils.compareWithCase(Ljava/lang/String;Ljava/lang/String;)I @ 31 c2
Event: 212.857 Thread 0x0000000026fd6000 Uncommon trap: reason=profile_predicate action=maybe_recompile pc=0x0000000013af46e4 method=org.eclipse.jgit.util.StringUtils.compareWithCase(Ljava/lang/String;Ljava/lang/String;)I @ 31 c2
Event: 212.857 Thread 0x0000000026fd6000 Uncommon trap: reason=profile_predicate action=maybe_recompile pc=0x0000000013af46e4 method=org.eclipse.jgit.util.StringUtils.compareWithCase(Ljava/lang/String;Ljava/lang/String;)I @ 31 c2
Event: 212.857 Thread 0x0000000026fd6000 Uncommon trap: reason=profile_predicate action=maybe_recompile pc=0x0000000013af46e4 method=org.eclipse.jgit.util.StringUtils.compareWithCase(Ljava/lang/String;Ljava/lang/String;)I @ 31 c2

Classes redefined (0 events):
No events

Internal exceptions (10 events):
Event: 215.390 Thread 0x0000000026fd6000 Exception <a 'sun/nio/fs/WindowsException'{0x00000000d1490630}> (0x00000000d1490630) thrown at [t:/workspace/open/src/hotspot/share/prims/jni.cpp, line 615]
Event: 215.391 Thread 0x0000000026fd6000 Exception <a 'java/io/FileNotFoundException'{0x00000000d1490c90}> (0x00000000d1490c90) thrown at [t:/workspace/open/src/hotspot/share/prims/jni.cpp, line 615]
Event: 216.600 Thread 0x0000000026fd6000 Exception <a 'sun/nio/fs/WindowsException'{0x00000000d450f428}> (0x00000000d450f428) thrown at [t:/workspace/open/src/hotspot/share/prims/jni.cpp, line 615]
Event: 216.600 Thread 0x0000000026fd6000 Exception <a 'sun/nio/fs/WindowsException'{0x00000000d450f8c8}> (0x00000000d450f8c8) thrown at [t:/workspace/open/src/hotspot/share/prims/jni.cpp, line 615]
Event: 216.600 Thread 0x0000000026fd6000 Exception <a 'java/io/FileNotFoundException'{0x00000000d450fc80}> (0x00000000d450fc80) thrown at [t:/workspace/open/src/hotspot/share/prims/jni.cpp, line 615]
Event: 216.621 Thread 0x0000000026fd6000 Exception <a 'sun/nio/fs/WindowsException'{0x00000000d4517848}> (0x00000000d4517848) thrown at [t:/workspace/open/src/hotspot/share/prims/jni.cpp, line 615]
Event: 216.648 Thread 0x0000000026fd6000 Exception <a 'sun/nio/fs/WindowsException'{0x00000000d451b640}> (0x00000000d451b640) thrown at [t:/workspace/open/src/hotspot/share/prims/jni.cpp, line 615]
Event: 217.562 Thread 0x0000000026fd6000 Exception <a 'sun/nio/fs/WindowsException'{0x00000000d451e2e8}> (0x00000000d451e2e8) thrown at [t:/workspace/open/src/hotspot/share/prims/jni.cpp, line 615]
Event: 217.591 Thread 0x0000000026fd6000 Exception <a 'sun/nio/fs/WindowsException'{0x00000000d43bb598}> (0x00000000d43bb598) thrown at [t:/workspace/open/src/hotspot/share/prims/jni.cpp, line 615]
Event: 217.597 Thread 0x0000000026fd6000 Exception <a 'sun/nio/fs/WindowsException'{0x00000000d43bcc88}> (0x00000000d43bcc88) thrown at [t:/workspace/open/src/hotspot/share/prims/jni.cpp, line 615]

Events (10 events):
Event: 218.730 Executing VM operation: RevokeBias
Event: 218.730 Executing VM operation: RevokeBias done
Event: 218.730 Executing VM operation: RevokeBias
Event: 218.730 Executing VM operation: RevokeBias done
Event: 218.730 Executing VM operation: RevokeBias
Event: 218.730 Executing VM operation: RevokeBias done
Event: 219.309 Executing VM operation: FindDeadlocks
Event: 219.373 Executing VM operation: FindDeadlocks done
Event: 219.937 Executing VM operation: G1Concurrent
Event: 219.994 Executing VM operation: G1Concurrent done


Dynamic libraries:
0x0000000000400000 - 0x000000000045e000 	C:\Program Files\NetBeans-11.3\netbeans\bin\netbeans64.exe
0x00007ff9a8320000 - 0x00007ff9a8510000 	C:\WINDOWS\SYSTEM32\ntdll.dll
0x00007ff9a6440000 - 0x00007ff9a64f2000 	C:\WINDOWS\System32\KERNEL32.DLL
0x00007ff9a6020000 - 0x00007ff9a62c4000 	C:\WINDOWS\System32\KERNELBASE.dll
0x00007ff9a74f0000 - 0x00007ff9a7593000 	C:\WINDOWS\System32\ADVAPI32.dll
0x00007ff9a8240000 - 0x00007ff9a82de000 	C:\WINDOWS\System32\msvcrt.dll
0x00007ff9a7910000 - 0x00007ff9a79a7000 	C:\WINDOWS\System32\sechost.dll
0x00007ff9a6570000 - 0x00007ff9a6690000 	C:\WINDOWS\System32\RPCRT4.dll
0x00007ff9a7b50000 - 0x00007ff9a8234000 	C:\WINDOWS\System32\SHELL32.dll
0x00007ff9a5d30000 - 0x00007ff9a5e2a000 	C:\WINDOWS\System32\ucrtbase.dll
0x00007ff9a5e30000 - 0x00007ff9a5e7a000 	C:\WINDOWS\System32\cfgmgr32.dll
0x00007ff9a7860000 - 0x00007ff9a7909000 	C:\WINDOWS\System32\shcore.dll
0x00007ff9a7120000 - 0x00007ff9a7456000 	C:\WINDOWS\System32\combase.dll
0x00007ff9a52b0000 - 0x00007ff9a5330000 	C:\WINDOWS\System32\bcryptPrimitives.dll
0x00007ff9a5460000 - 0x00007ff9a5bde000 	C:\WINDOWS\System32\windows.storage.dll
0x00007ff9a6330000 - 0x00007ff9a63ce000 	C:\WINDOWS\System32\msvcp_win.dll
0x00007ff9a51f0000 - 0x00007ff9a5213000 	C:\WINDOWS\System32\profapi.dll
0x00007ff9a5240000 - 0x00007ff9a528a000 	C:\WINDOWS\System32\powrprof.dll
0x00007ff9a51e0000 - 0x00007ff9a51f0000 	C:\WINDOWS\System32\UMPDC.dll
0x00007ff9a63d0000 - 0x00007ff9a6422000 	C:\WINDOWS\System32\shlwapi.dll
0x00007ff9a6e70000 - 0x00007ff9a6e96000 	C:\WINDOWS\System32\GDI32.dll
0x00007ff9a6300000 - 0x00007ff9a6321000 	C:\WINDOWS\System32\win32u.dll
0x00007ff9a5e80000 - 0x00007ff9a6014000 	C:\WINDOWS\System32\gdi32full.dll
0x00007ff9a6c70000 - 0x00007ff9a6e04000 	C:\WINDOWS\System32\USER32.dll
0x00007ff9a5290000 - 0x00007ff9a52a1000 	C:\WINDOWS\System32\kernel.appcore.dll
0x00007ff9a5440000 - 0x00007ff9a5457000 	C:\WINDOWS\System32\cryptsp.dll
0x00007ff9a6c40000 - 0x00007ff9a6c6e000 	C:\WINDOWS\System32\IMM32.DLL
0x0000000054d70000 - 0x0000000054dc2000 	C:\Program Files\NetBeans-11.3\netbeans\platform\lib\nbexec64.dll
0x00007ff9544f0000 - 0x00007ff955064000 	C:\Program Files\Java\jdk-12\bin\server\jvm.dll
0x00007ff9a7460000 - 0x00007ff9a7468000 	C:\WINDOWS\System32\PSAPI.DLL
0x00007ff999a60000 - 0x00007ff999a69000 	C:\WINDOWS\SYSTEM32\WSOCK32.dll
0x00007ff9a6500000 - 0x00007ff9a656f000 	C:\WINDOWS\System32\WS2_32.dll
0x00007ff9a2750000 - 0x00007ff9a2774000 	C:\WINDOWS\SYSTEM32\WINMM.dll
0x00007ff9a08e0000 - 0x00007ff9a08ea000 	C:\WINDOWS\SYSTEM32\VERSION.dll
0x00007ff9a01f0000 - 0x00007ff9a0206000 	C:\Program Files\Java\jdk-12\bin\VCRUNTIME140.dll
0x00007ff9a2720000 - 0x00007ff9a274d000 	C:\WINDOWS\SYSTEM32\WINMMBASE.dll
0x00007ff994160000 - 0x00007ff99419b000 	C:\Program Files\Java\jdk-12\bin\splashscreen.dll
0x00007ff99b240000 - 0x00007ff99b266000 	C:\Program Files\Java\jdk-12\bin\java.dll
0x00007ff9a1090000 - 0x00007ff9a1650000 	C:\WINDOWS\SYSTEM32\d2d1.dll
0x00007ff99f2c0000 - 0x00007ff99f2d1000 	C:\Program Files\Java\jdk-12\bin\verify.dll
0x00007ff9a4ca0000 - 0x00007ff9a4e94000 	C:\WINDOWS\SYSTEM32\DBGHELP.DLL
0x00007ff9a4880000 - 0x00007ff9a48aa000 	C:\WINDOWS\SYSTEM32\dbgcore.DLL
0x00007ff99f000000 - 0x00007ff99f017000 	C:\Program Files\Java\jdk-12\bin\zip.dll
0x00007ff9a30c0000 - 0x00007ff9a30ca000 	C:\Program Files\Java\jdk-12\bin\jimage.dll
0x00007ff9940c0000 - 0x00007ff9940d9000 	C:\Program Files\Java\jdk-12\bin\net.dll
0x00007ff9996e0000 - 0x00007ff9997d0000 	C:\WINDOWS\SYSTEM32\WINHTTP.dll
0x00007ff998ab0000 - 0x00007ff998c86000 	C:\WINDOWS\SYSTEM32\urlmon.dll
0x00007ff99a770000 - 0x00007ff99aa16000 	C:\WINDOWS\SYSTEM32\iertutil.dll
0x00007ff9a47f0000 - 0x00007ff9a47fc000 	C:\WINDOWS\SYSTEM32\CRYPTBASE.DLL
0x00007ff9a4390000 - 0x00007ff9a43f7000 	C:\WINDOWS\system32\mswsock.dll
0x00007ff9940a0000 - 0x00007ff9940b3000 	C:\Program Files\Java\jdk-12\bin\nio.dll
0x00007ff9a40a0000 - 0x00007ff9a40da000 	C:\WINDOWS\SYSTEM32\IPHLPAPI.DLL
0x00007ff9a7a30000 - 0x00007ff9a7a38000 	C:\WINDOWS\System32\NSI.dll
0x00007ff99ba70000 - 0x00007ff99ba86000 	C:\WINDOWS\SYSTEM32\dhcpcsvc6.DLL
0x00007ff99ba20000 - 0x00007ff99ba3c000 	C:\WINDOWS\SYSTEM32\dhcpcsvc.DLL
0x00007ff9a40f0000 - 0x00007ff9a41bb000 	C:\WINDOWS\SYSTEM32\DNSAPI.dll
0x00007ff979a80000 - 0x00007ff979c1f000 	C:\Program Files\Java\jdk-12\bin\awt.dll
0x00007ff9a7050000 - 0x00007ff9a7114000 	C:\WINDOWS\System32\OLEAUT32.dll
0x00007ff97c8d0000 - 0x00007ff97c97a000 	C:\Program Files\Java\jdk-12\bin\MSVCP140.dll
0x00007ff9a2850000 - 0x00007ff9a28df000 	C:\WINDOWS\SYSTEM32\apphelp.dll
0x00007ff9a3ee0000 - 0x00007ff9a3f13000 	C:\WINDOWS\system32\rsaenh.dll
0x00007ff9a62d0000 - 0x00007ff9a62f6000 	C:\WINDOWS\System32\bcrypt.dll
0x00007ff9a5100000 - 0x00007ff9a5125000 	C:\WINDOWS\SYSTEM32\USERENV.dll
0x00007ff996040000 - 0x00007ff996056000 	C:\WINDOWS\system32\napinsp.dll
0x00007ff994870000 - 0x00007ff99488a000 	C:\WINDOWS\system32\pnrpnsp.dll
0x00007ff998a90000 - 0x00007ff998a9e000 	C:\WINDOWS\System32\winrnr.dll
0x00007ff99fe60000 - 0x00007ff99fe7c000 	C:\WINDOWS\system32\NLAapi.dll
0x00007ff994850000 - 0x00007ff994865000 	C:\WINDOWS\system32\wshbth.dll
0x00007ff998aa0000 - 0x00007ff998aaa000 	C:\Windows\System32\rasadhlp.dll
0x00007ff99b7b0000 - 0x00007ff99b827000 	C:\WINDOWS\System32\fwpuclnt.dll
0x00007ff9a2eb0000 - 0x00007ff9a2edd000 	C:\WINDOWS\system32\DWMAPI.DLL
0x00007ff9a2950000 - 0x00007ff9a29e9000 	C:\WINDOWS\system32\uxtheme.dll
0x00007ff970f40000 - 0x00007ff971096000 	C:\WINDOWS\system32\opengl32.dll
0x00007ff98fdf0000 - 0x00007ff98fe1c000 	C:\WINDOWS\SYSTEM32\GLU32.dll
0x00007ff9a37e0000 - 0x00007ff9a3800000 	C:\WINDOWS\SYSTEM32\dxcore.dll
0x00007ff9a4400000 - 0x00007ff9a4684000 	C:\WINDOWS\WinSxS\amd64_microsoft.windows.common-controls_6595b64144ccf1df_6.0.18362.836_none_e6c4b943130f18ed\COMCTL32.dll
0x00007ff9a75a0000 - 0x00007ff9a76d6000 	C:\WINDOWS\System32\MSCTF.dll
0x00007ff9a7700000 - 0x00007ff9a7857000 	C:\WINDOWS\System32\ole32.dll
0x00007ff9821b0000 - 0x00007ff982230000 	C:\Program Files\Java\jdk-12\bin\freetype.dll
0x00007ff987250000 - 0x00007ff9872bf000 	C:\Program Files\Java\jdk-12\bin\fontmanager.dll
0x00007ff998230000 - 0x00007ff9982ce000 	C:\WINDOWS\System32\TextInputFramework.dll
0x00007ff99f900000 - 0x00007ff99fc2a000 	C:\WINDOWS\System32\CoreUIComponents.dll
0x00007ff9a1ef0000 - 0x00007ff9a1fc4000 	C:\WINDOWS\System32\CoreMessaging.dll
0x00007ff9a4c60000 - 0x00007ff9a4c91000 	C:\WINDOWS\SYSTEM32\ntmarta.dll
0x00007ff99f730000 - 0x00007ff99f883000 	C:\WINDOWS\SYSTEM32\wintypes.dll
0x00007ff9857e0000 - 0x00007ff985821000 	C:\Users\rossa\AppData\Local\Temp\jna-108702372\jna1565453465878781938.dll
0x00007ff9a0310000 - 0x00007ff9a03b9000 	C:\WINDOWS\WinSxS\amd64_microsoft.windows.common-controls_6595b64144ccf1df_5.82.18362.836_none_2a2600ea466b531c\comctl32.dll
0x00007ff994090000 - 0x00007ff994099000 	C:\Program Files\Java\jdk-12\bin\management.dll
0x00007ff993940000 - 0x00007ff99394c000 	C:\Program Files\Java\jdk-12\bin\management_ext.dll
0x00007ff9a7a40000 - 0x00007ff9a7ae2000 	C:\WINDOWS\System32\clbcatq.dll
0x00007ff99f580000 - 0x00007ff99f72f000 	C:\WINDOWS\SYSTEM32\WindowsCodecs.dll
0x00007ff98ac40000 - 0x00007ff98ac7a000 	C:\WINDOWS\system32\dataexchange.dll
0x00007ff9a1ab0000 - 0x00007ff9a1d0b000 	C:\WINDOWS\system32\d3d11.dll
0x00007ff9a1d10000 - 0x00007ff9a1eec000 	C:\WINDOWS\system32\dcomp.dll
0x00007ff9a3870000 - 0x00007ff9a395b000 	C:\WINDOWS\system32\dxgi.dll
0x00007ff9a2a30000 - 0x00007ff9a2c91000 	C:\WINDOWS\system32\twinapi.appcore.dll
0x00007ff9a2d70000 - 0x00007ff9a2d99000 	C:\WINDOWS\system32\RMCLIENT.dll
0x000000006d4c0000 - 0x000000006d4ff000 	C:\Program Files\NetBeans-11.3\netbeans\ide\modules\lib\extbrowser64.dll

dbghelp: loaded successfully - version: 4.0.5 - missing functions: none
symbol engine: initialized successfully - sym options: 0x614 - pdb path: .;C:\Program Files\NetBeans-11.3\netbeans\bin;C:\WINDOWS\SYSTEM32;C:\Program Files\NetBeans-11.3\netbeans\platform\lib;C:\Program Files\Java\jdk-12\bin\server;C:\Program Files\Java\jdk-12\bin;C:\WINDOWS\WinSxS\amd64_microsoft.windows.common-controls_6595b64144ccf1df_6.0.18362.836_none_e6c4b943130f18ed;C:\Users\rossa\AppData\Local\Temp\jna-108702372;C:\WINDOWS\WinSxS\amd64_microsoft.windows.common-controls_6595b64144ccf1df_5.82.18362.836_none_2a2600ea466b531c;C:\Program Files\NetBeans-11.3\netbeans\ide\modules\lib

VM Arguments:
jvm_args: -Dnetbeans.importclass=org.netbeans.upgrade.AutoUpgrade -XX:+UseStringDeduplication -Djdk.lang.Process.allowAmbiguousCommands=true -Xss2m -Djdk.gtk.version=2.2 -Dapple.laf.useScreenMenuBar=true -Dapple.awt.graphics.UseQuartz=true -Dsun.java2d.noddraw=true -Dsun.java2d.dpiaware=true -Dsun.zip.disableMemoryMapping=true -Dplugin.manager.check.updates=false -Dnetbeans.extbrowser.manual_chrome_plugin_install=yes --add-opens=java.base/java.net=ALL-UNNAMED --add-opens=java.base/java.lang.ref=ALL-UNNAMED --add-opens=java.base/java.lang=ALL-UNNAMED --add-opens=java.base/java.security=ALL-UNNAMED --add-opens=java.base/java.util=ALL-UNNAMED --add-opens=java.desktop/javax.swing.plaf.basic=ALL-UNNAMED --add-opens=java.desktop/javax.swing.text=ALL-UNNAMED --add-opens=java.desktop/javax.swing=ALL-UNNAMED --add-opens=java.desktop/java.awt=ALL-UNNAMED --add-opens=java.desktop/java.awt.event=ALL-UNNAMED --add-opens=java.prefs/java.util.prefs=ALL-UNNAMED --add-opens=jdk.jshell/jdk.jshell=ALL-UNNAMED --add-modules=jdk.jshell --add-exports=java.desktop/sun.awt=ALL-UNNAMED --add-exports=java.desktop/java.awt.peer=ALL-UNNAMED --add-exports=java.desktop/com.sun.beans.editors=ALL-UNNAMED --add-exports=java.desktop/sun.swing=ALL-UNNAMED --add-exports=java.desktop/sun.awt.im=ALL-UNNAMED --add-exports=jdk.internal.jvmstat/sun.jvmstat.monitor=ALL-UNNAMED --add-exports=java.management/sun.management=ALL-UNNAMED --add-exports=java.base/sun.reflect.annotation=ALL-UNNAMED -XX:+IgnoreUnrecognizedVMOptions -Djdk.home=C:\Program Files\Java\jdk-12 -Dnetbeans.home=C:\Program Files\NetBeans-11.3\netbeans\platform -Dnetbeans.user=C:\Users\rossa\AppData\Roaming\NetBeans\11.3 -Dnetbeans.default_userdir_root=C:\Users\rossa\AppData\Roaming\NetBeans -XX:+HeapDumpOnOutOfMemoryError -XX:HeapDumpPath=C:\Users\rossa\AppData\Roaming\NetBeans\11.3\var\log\heapdump.hprof -Dsun.awt.keepWorkingSetOnMinimize=true -Dnetbeans.dirs=C:\Program Files\NetBeans-11.3\netbeans\nb;C:\Program Files\NetBeans-11.3\netbeans\ergonomics;C:\Program Files\NetBeans-11.3\netbeans\ide;C:\Program Files\NetBeans-11.3\netbeans\extide;C:\Program Files\NetBeans-11.3\netbeans\java;C:\Program Files\NetBeans-11.3\netbeans\apisupport;C:\Program Files\NetBeans-11.3\netbeans\webcommon;C:\Program Files\NetBeans-11.3\netbeans\websvccommon;C:\Program Files\NetBeans-11.3\netbeans\enterprise;C:\Program Files\NetBeans-11.3\netbeans\mobility;C:\Program Files\NetBeans-11.3\netbeans\profiler;C:\Program Files\NetBeans-11.3\netbeans\python;C:\Program Files\NetBeans-11.3\netbeans\php;C:\Program Files\NetBeans-11.3\netbeans\identity;C:\Program Files\NetBeans-11.3\netbeans\harness;C:\Program Files\NetBeans-11.3\netbeans\cnd;C:\Program Files\NetBeans-11.3\netbeans\cndext;C:\Program Files\NetBeans-11.3\netbeans\dlight;C:\Program Files\NetBeans-11.3\netbeans\groovy;C:\Program Files\NetBeans-11.3\netbeans\extra;C:\Program Files\NetBeans-11.3\netbeans\javacard;C:\Program Files\NetBeans-11.3\netbeans\javafx exit 
java_command: <unknown>
java_class_path (initial): C:\Program Files\NetBeans-11.3\netbeans\platform\lib\boot.jar;C:\Program Files\NetBeans-11.3\netbeans\platform\lib\org-openide-modules.jar;C:\Program Files\NetBeans-11.3\netbeans\platform\lib\org-openide-util-lookup.jar;C:\Program Files\NetBeans-11.3\netbeans\platform\lib\org-openide-util-ui.jar;C:\Program Files\NetBeans-11.3\netbeans\platform\lib\org-openide-util.jar
Launcher Type: generic

[Global flags]
     intx CICompilerCount                          = 2                                         {product} {ergonomic}
     uint ConcGCThreads                            = 1                                         {product} {ergonomic}
     uint G1ConcRefinementThreads                  = 2                                         {product} {ergonomic}
   size_t G1HeapRegionSize                         = 1048576                                   {product} {ergonomic}
    uintx GCDrainStackTargetSize                   = 64                                        {product} {ergonomic}
     bool HeapDumpOnOutOfMemoryError               = true                                   {manageable} {command line}
    ccstr HeapDumpPath                             = C:\Users\rossa\AppData\Roaming\NetBeans\11.3\var\log\heapdump.hprof         {manageable} {command line}
     bool IgnoreUnrecognizedVMOptions              = true                                      {product} {command line}
   size_t InitialHeapSize                          = 67108864                                  {product} {ergonomic}
   size_t MarkStackSize                            = 4194304                                   {product} {ergonomic}
   size_t MaxHeapSize                              = 1073741824                                {product} {ergonomic}
   size_t MaxNewSize                               = 643825664                                 {product} {ergonomic}
   size_t MinHeapDeltaBytes                        = 1048576                                   {product} {ergonomic}
    uintx NonNMethodCodeHeapSize                   = 5825164                                {pd product} {ergonomic}
    uintx NonProfiledCodeHeapSize                  = 122916538                              {pd product} {ergonomic}
    uintx ProfiledCodeHeapSize                     = 122916538                              {pd product} {ergonomic}
    uintx ReservedCodeCacheSize                    = 251658240                              {pd product} {ergonomic}
     bool SegmentedCodeCache                       = true                                      {product} {ergonomic}
     intx ThreadStackSize                          = 2048                                   {pd product} {command line}
     bool UseCompressedClassPointers               = true                                 {lp64_product} {ergonomic}
     bool UseCompressedOops                        = true                                 {lp64_product} {ergonomic}
     bool UseG1GC                                  = true                                      {product} {ergonomic}
     bool UseLargePagesIndividualAllocation        = false                                  {pd product} {ergonomic}
     bool UseStringDeduplication                   = true                                      {product} {command line}

Logging:
Log output configuration:
 #0: stdout all=warning uptime,level,tags
 #1: stderr all=off uptime,level,tags

Environment Variables:
PATH=C:\WINDOWS\system32;C:\WINDOWS;C:\WINDOWS\System32\Wbem;C:\WINDOWS\System32\WindowsPowerShell\v1.0\;C:\WINDOWS\System32\OpenSSH\;C:\Program Files\Git\cmd;C:\Program Files\nodejs\;C:\Users\rossa\AppData\Roaming\npm;C:\Users\rossa\AppData\Local\Microsoft\WindowsApps;C:\Users\rossa\AppData\Local\ComposerSetup\bin;C:\Users\rossa\AppData\Roaming\Composer\vendor\bin;C:\wamp64\bin\php\php7.4.4;C:\wamp64\bin\mysql\mysql5.7.29\bin;C:\Users\rossa\AppData\Local\GitHubDesktop\bin;C:\Users\rossa\AppData\Roaming\npm
USERNAME=rossa
OS=Windows_NT
PROCESSOR_IDENTIFIER=Intel64 Family 6 Model 23 Stepping 10, GenuineIntel



---------------  S Y S T E M  ---------------

OS: Windows 10 , 64 bit Build 18362 (10.0.18362.778)

CPU:total 2 (initial active 2) (2 cores per cpu, 1 threads per core) family 6 model 23 stepping 10, cmov, cx8, fxsr, mmx, sse, sse2, sse3, ssse3, sse4.1, tsc

Memory: 4k page, system-wide physical 4095M (803M free)
TotalPageFile size 8703M (AvailPageFile size 2554M)
current process WorkingSet (physical memory assigned to process): 623M, peak: 624M
current process commit charge ("private bytes"): 644M, peak: 644M

vm_info: Java HotSpot(TM) 64-Bit Server VM (12+33) for windows-amd64 JRE (12+33), built on Feb 21 2019 02:31:50 by "mach5one" with MS VC++ 15.5 (VS2017)

END.
