#
# A fatal error has been detected by the Java Runtime Environment:
#
#  EXCEPTION_ACCESS_VIOLATION (0xc0000005) at pc=0x00007ff954dbe390, pid=9088, tid=9596
#
# JRE version: Java(TM) SE Runtime Environment (12.0+33) (build 12+33)
# Java VM: Java HotSpot(TM) 64-Bit Server VM (12+33, mixed mode, sharing, tiered, compressed oops, g1 gc, windows-amd64)
# Problematic frame:
# V  [jvm.dll+0x37e390]
#
# No core dump will be written. Minidumps are not enabled by default on client versions of Windows
#
# If you would like to submit a bug report, please visit:
#   http://bugreport.java.com/bugreport/crash.jsp
#

---------------  S U M M A R Y ------------

Command Line: -Dnetbeans.importclass=org.netbeans.upgrade.AutoUpgrade -XX:+UseStringDeduplication -Djdk.lang.Process.allowAmbiguousCommands=true -Xss2m -Djdk.gtk.version=2.2 -Dapple.laf.useScreenMenuBar=true -Dapple.awt.graphics.UseQuartz=true -Dsun.java2d.noddraw=true -Dsun.java2d.dpiaware=true -Dsun.zip.disableMemoryMapping=true -Dplugin.manager.check.updates=false -Dnetbeans.extbrowser.manual_chrome_plugin_install=yes --add-opens=java.base/java.net=ALL-UNNAMED --add-opens=java.base/java.lang.ref=ALL-UNNAMED --add-opens=java.base/java.lang=ALL-UNNAMED --add-opens=java.base/java.security=ALL-UNNAMED --add-opens=java.base/java.util=ALL-UNNAMED --add-opens=java.desktop/javax.swing.plaf.basic=ALL-UNNAMED --add-opens=java.desktop/javax.swing.text=ALL-UNNAMED --add-opens=java.desktop/javax.swing=ALL-UNNAMED --add-opens=java.desktop/java.awt=ALL-UNNAMED --add-opens=java.desktop/java.awt.event=ALL-UNNAMED --add-opens=java.prefs/java.util.prefs=ALL-UNNAMED --add-opens=jdk.jshell/jdk.jshell=ALL-UNNAMED --add-modules=jdk.jshell --add-exports=java.desktop/sun.awt=ALL-UNNAMED --add-exports=java.desktop/java.awt.peer=ALL-UNNAMED --add-exports=java.desktop/com.sun.beans.editors=ALL-UNNAMED --add-exports=java.desktop/sun.swing=ALL-UNNAMED --add-exports=java.desktop/sun.awt.im=ALL-UNNAMED --add-exports=jdk.internal.jvmstat/sun.jvmstat.monitor=ALL-UNNAMED --add-exports=java.management/sun.management=ALL-UNNAMED --add-exports=java.base/sun.reflect.annotation=ALL-UNNAMED -XX:+IgnoreUnrecognizedVMOptions -Djdk.home=C:\Program Files\Java\jdk-12 -Dnetbeans.home=C:\Program Files\NetBeans-11.3\netbeans\platform -Dnetbeans.user=C:\Users\rossa\AppData\Roaming\NetBeans\11.3 -Dnetbeans.default_userdir_root=C:\Users\rossa\AppData\Roaming\NetBeans -XX:+HeapDumpOnOutOfMemoryError -XX:HeapDumpPath=C:\Users\rossa\AppData\Roaming\NetBeans\11.3\var\log\heapdump.hprof -Dsun.awt.keepWorkingSetOnMinimize=true -Dnetbeans.dirs=C:\Program Files\NetBeans-11.3\netbeans\nb;C:\Program Files\NetBeans-11.3\netbeans\ergonomics;C:\Program Files\NetBeans-11.3\netbeans\ide;C:\Program Files\NetBeans-11.3\netbeans\extide;C:\Program Files\NetBeans-11.3\netbeans\java;C:\Program Files\NetBeans-11.3\netbeans\apisupport;C:\Program Files\NetBeans-11.3\netbeans\webcommon;C:\Program Files\NetBeans-11.3\netbeans\websvccommon;C:\Program Files\NetBeans-11.3\netbeans\enterprise;C:\Program Files\NetBeans-11.3\netbeans\mobility;C:\Program Files\NetBeans-11.3\netbeans\profiler;C:\Program Files\NetBeans-11.3\netbeans\python;C:\Program Files\NetBeans-11.3\netbeans\php;C:\Program Files\NetBeans-11.3\netbeans\identity;C:\Program Files\NetBeans-11.3\netbeans\harness;C:\Program Files\NetBeans-11.3\netbeans\cnd;C:\Program Files\NetBeans-11.3\netbeans\cndext;C:\Program Files\NetBeans-11.3\netbeans\dlight;C:\Program Files\NetBeans-11.3\netbeans\groovy;C:\Program Files\NetBeans-11.3\netbeans\extra;C:\Program Files\NetBeans-11.3\netbeans\javacard;C:\Program Files\NetBeans-11.3\netbeans\javafx exit 

Host: Intel(R) Core(TM)2 Duo CPU     E8600  @ 3.33GHz, 2 cores, 3G,  Windows 10 , 64 bit Build 18362 (10.0.18362.778)
Time: Fri May 15 15:24:07 2020 GMT Summer Time elapsed time: 8578 seconds (0d 2h 22m 58s)

---------------  T H R E A D  ---------------

Current thread (0x000000001f7f9800):  JavaThread "C2 CompilerThread0" daemon [_thread_in_native, id=9596, stack(0x0000000020d40000,0x0000000020f40000)]


Current CompileTask:
C2:8578045 22076   !   4       org.openide.awt.HtmlRenderer::_renderHTML (2954 bytes)

Stack: [0x0000000020d40000,0x0000000020f40000],  sp=0x0000000020f3bd90,  free space=2031k
Native frames: (J=compiled Java code, j=interpreted, Vv=VM code, C=native code)
V  [jvm.dll+0x37e390]
V  [jvm.dll+0x37a140]
V  [jvm.dll+0x1af927]
V  [jvm.dll+0x1aeeaf]
V  [jvm.dll+0x21c142]
V  [jvm.dll+0x21b20a]
V  [jvm.dll+0x199890]
V  [jvm.dll+0x22a534]
V  [jvm.dll+0x228b88]
V  [jvm.dll+0x74f660]
V  [jvm.dll+0x748648]
V  [jvm.dll+0x638566]
C  [ucrtbase.dll+0x20e82]
C  [KERNEL32.DLL+0x17bd4]
C  [ntdll.dll+0x6ce51]


siginfo: EXCEPTION_ACCESS_VIOLATION (0xc0000005), reading address 0xffffffffffffffff


Register to memory mapping:

RIP=0x00007ff954dbe390 jvm.dll
RAX=0x0 is NULL
RBX=0x0000000000000029 is an unknown value
RCX=0x0 is NULL
RDX=0x0000000000000008 is an unknown value
RSP=0x0000000020f3bd90 is pointing into the stack for thread: 0x000000001f7f9800
RBP=0x0000000000000008 is an unknown value
RSI=0x00007ff9554d46f0 jvm.dll
RDI=0x0000000023aeddc0 points into unknown readable memory: f0 70 7d 1f 00 00 00 00
R8 =0x0000fff9554d46f0 is an unknown value
R9 =0x0000000020f3bde0 is pointing into the stack for thread: 0x000000001f7f9800
R10=0x0000000000000029 is an unknown value
R11=0x0000000020f3be20 is pointing into the stack for thread: 0x000000001f7f9800
R12=0x00007ff954a40000 jvm.dll
R13=0x00000000000003d8 is an unknown value
R14=0x0000000000057940 is an unknown value
R15=0x00000000000008c2 is an unknown value


Registers:
RAX=0x0000000000000000, RBX=0x0000000000000029, RCX=0x0000000000000000, RDX=0x0000000000000008
RSP=0x0000000020f3bd90, RBP=0x0000000000000008, RSI=0x00007ff9554d46f0, RDI=0x0000000023aeddc0
R8 =0x0000fff9554d46f0, R9 =0x0000000020f3bde0, R10=0x0000000000000029, R11=0x0000000020f3be20
R12=0x00007ff954a40000, R13=0x00000000000003d8, R14=0x0000000000057940, R15=0x00000000000008c2
RIP=0x00007ff954dbe390, EFLAGS=0x0000000000010246

Top of Stack: (sp=0x0000000020f3bd90)
0x0000000020f3bd90:   0000000028bd4ac0 000000000000002a
0x0000000020f3bda0:   0000000036e177a0 00007ff90000002a
0x0000000020f3bdb0:   0000000020f3c0b0 00007ff954dba140
0x0000000020f3bdc0:   000000002aee1050 0000000000000046
0x0000000020f3bdd0:   0000000000000002 0000000023ba0040
0x0000000020f3bde0:   000008c500000000 0000000000000007
0x0000000020f3bdf0:   0000fff9554d46f0 00007ff900000009
0x0000000020f3be00:   0000000038b12ff0 00007ff90000002a
0x0000000020f3be10:   0000000029dd5990 00007ff954c37405
0x0000000020f3be20:   00007ff954a40000 0000000028bd4ac0
0x0000000020f3be30:   0000000000000000 00007ff954bef927
0x0000000020f3be40:   00000000000008c2 0000000020f3c0f0
0x0000000020f3be50:   0000000020f3c538 0000000020f3c450
0x0000000020f3be60:   0000000020f3c1c0 00007ff954c35a55
0x0000000020f3be70:   000000000000288b 0000000000000000
0x0000000020f3be80:   0000000020f3bf40 0000000000000000 

Instructions: (pc=0x00007ff954dbe390)
0x00007ff954dbe370:   49 8b 41 20 41 8b da 4c 8b 04 d8 4c 3b c6 74 7a
0x00007ff954dbe380:   33 c0 4d 89 41 10 33 c9 0f 1f 84 00 00 00 00 00
0x00007ff954dbe390:   42 83 3c 01 00 8d 50 01 0f 85 be 00 00 00 48 83
0x00007ff954dbe3a0:   c1 04 8b c2 83 fa 08 72 e7 4d 8b 59 30 4d 85 db 


Stack slot to memory mapping:
stack at sp + 0 slots: 0x0000000028bd4ac0 points into unknown readable memory: d8 4b 32 55 f9 7f 00 00
stack at sp + 1 slots: 0x000000000000002a is an unknown value
stack at sp + 2 slots: 0x0000000036e177a0 points into unknown readable memory: f0 46 4d 55 f9 7f 00 00
stack at sp + 3 slots: 0x00007ff90000002a is an unknown value
stack at sp + 4 slots: 0x0000000020f3c0b0 is pointing into the stack for thread: 0x000000001f7f9800
stack at sp + 5 slots: 0x00007ff954dba140 jvm.dll
stack at sp + 6 slots: 0x000000002aee1050 points into unknown readable memory: 00 00 00 00 00 00 00 00
stack at sp + 7 slots: 0x0000000000000046 is an unknown value


---------------  P R O C E S S  ---------------

Threads class SMR info:
_java_thread_list=0x0000000037408380, length=41, elements={
0x0000000003455800, 0x000000001f7d7800, 0x000000001f7da000, 0x000000001f7f2000,
0x000000001f7f5800, 0x000000001f7f9800, 0x0000000020f6e000, 0x0000000020f71000,
0x00000000034ea000, 0x00000000210fc000, 0x0000000021d54800, 0x0000000021f82800,
0x0000000021fca800, 0x000000002204a000, 0x0000000022049000, 0x00000000220e3800,
0x00000000220e4800, 0x000000002238d800, 0x0000000028bca000, 0x0000000028bcd800,
0x0000000028bcc000, 0x00000000285e2800, 0x00000000285e7000, 0x00000000285e5000,
0x00000000285e3800, 0x00000000285e6000, 0x00000000285e4800, 0x00000000285e0800,
0x00000000285e1000, 0x00000000285eb800, 0x0000000028bd0800, 0x0000000028bcb000,
0x0000000028bcc800, 0x0000000028bce800, 0x0000000028bcf000, 0x0000000028bd0000,
0x00000000285ec800, 0x00000000285ed800, 0x00000000285e7800, 0x00000000285ea000,
0x00000000285eb000
}

Java Threads: ( => current thread )
  0x0000000003455800 JavaThread "main" [_thread_blocked, id=9064, stack(0x0000000000460000,0x0000000000660000)]
  0x000000001f7d7800 JavaThread "Reference Handler" daemon [_thread_blocked, id=8404, stack(0x0000000020440000,0x0000000020640000)]
  0x000000001f7da000 JavaThread "Finalizer" daemon [_thread_blocked, id=6964, stack(0x0000000020640000,0x0000000020840000)]
  0x000000001f7f2000 JavaThread "Signal Dispatcher" daemon [_thread_blocked, id=8424, stack(0x0000000020940000,0x0000000020b40000)]
  0x000000001f7f5800 JavaThread "Attach Listener" daemon [_thread_blocked, id=10184, stack(0x0000000020b40000,0x0000000020d40000)]
=>0x000000001f7f9800 JavaThread "C2 CompilerThread0" daemon [_thread_in_native, id=9596, stack(0x0000000020d40000,0x0000000020f40000)]
  0x0000000020f6e000 JavaThread "C1 CompilerThread0" daemon [_thread_blocked, id=8572, stack(0x0000000021340000,0x0000000021540000)]
  0x0000000020f71000 JavaThread "Sweeper thread" daemon [_thread_blocked, id=9864, stack(0x0000000021540000,0x0000000021740000)]
  0x00000000034ea000 JavaThread "Common-Cleaner" daemon [_thread_blocked, id=2384, stack(0x0000000021740000,0x0000000021940000)]
  0x00000000210fc000 JavaThread "Service Thread" daemon [_thread_blocked, id=6708, stack(0x0000000021940000,0x0000000021b40000)]
  0x0000000021d54800 JavaThread "Active Reference Queue Daemon" daemon [_thread_blocked, id=8036, stack(0x0000000022540000,0x0000000022740000)]
  0x0000000021f82800 JavaThread "CLI Requests Server" daemon [_thread_in_native, id=8876, stack(0x0000000025570000,0x0000000025770000)]
  0x0000000021fca800 JavaThread "Editor Parsing Loop (11.3-6b879cb782eaa4f13a731aff82eada11289a66f7)" daemon [_thread_blocked, id=4908, stack(0x0000000025770000,0x0000000025970000)]
  0x000000002204a000 JavaThread "RequestProcessor queue manager" daemon [_thread_blocked, id=4912, stack(0x0000000025b70000,0x0000000025d70000)]
  0x0000000022049000 JavaThread "Java2D Disposer" daemon [_thread_blocked, id=7588, stack(0x0000000025d70000,0x0000000025f70000)]
  0x00000000220e3800 JavaThread "AWT-Shutdown" [_thread_blocked, id=7272, stack(0x0000000025f70000,0x0000000026170000)]
  0x00000000220e4800 JavaThread "AWT-Windows" daemon [_thread_in_native, id=9780, stack(0x0000000026170000,0x0000000026370000)]
  0x000000002238d800 JavaThread "AWT-EventQueue-0" [_thread_blocked, id=8340, stack(0x0000000026470000,0x0000000026670000)]
  0x0000000028bca000 JavaThread "Framework Active Thread" [_thread_blocked, id=8536, stack(0x0000000029770000,0x0000000029970000)]
  0x0000000028bcd800 JavaThread "State Data Manager" daemon [_thread_blocked, id=7960, stack(0x0000000029970000,0x0000000029b70000)]
  0x0000000028bcc000 JavaThread "File Watcher" daemon [_thread_blocked, id=1552, stack(0x000000002aa80000,0x000000002ac80000)]
  0x00000000285e2800 JavaThread "W32 File Monitor" daemon [_thread_in_native, id=7312, stack(0x000000002cf40000,0x000000002d140000)]
  0x00000000285e7000 JavaThread "Event Dispatch Thread" daemon [_thread_blocked, id=9896, stack(0x000000002f110000,0x000000002f310000)]
  0x00000000285e5000 JavaThread "Deadlock Detector" [_thread_blocked, id=7728, stack(0x000000002c940000,0x000000002cb40000)]
  0x00000000285e3800 JavaThread "Framework Event Dispatcher" daemon [_thread_blocked, id=9160, stack(0x000000002cb40000,0x000000002cd40000)]
  0x00000000285e6000 JavaThread "Worker-JM" [_thread_blocked, id=7204, stack(0x000000002f710000,0x000000002f910000)]
  0x00000000285e4800 JavaThread "TimerQueue" daemon [_thread_blocked, id=8996, stack(0x000000002fb10000,0x000000002fd10000)]
  0x00000000285e0800 JavaThread "Batik CleanerThread" daemon [_thread_blocked, id=3908, stack(0x0000000030110000,0x0000000030310000)]
  0x00000000285e1000 JavaThread "JGit-WorkQueue" daemon [_thread_blocked, id=8384, stack(0x0000000024310000,0x0000000024510000)]
  0x00000000285eb800 JavaThread "Inactive RequestProcessor thread [Was:org.netbeans.modules.parsing.spi.Scheduler/org.netbeans.modules.parsing.spi.Scheduler$1]" daemon [_thread_blocked, id=1116, stack(0x0000000024ee0000,0x00000000250e0000)]
  0x0000000028bd0800 JavaThread "Swing-Shell" daemon [_thread_blocked, id=8372, stack(0x00000000250e0000,0x00000000252e0000)]
  0x0000000028bcb000 JavaThread "Inactive RequestProcessor thread [Was:RepositoryUpdater.delay/org.netbeans.modules.parsing.impl.indexing.RepositoryUpdater$$Lambda$365/0x0000000801e5ac40]" daemon [_thread_blocked, id=9200, stack(0x0000000029f70000,0x000000002a170000)]
  0x0000000028bcc800 JavaThread "Inactive RequestProcessor thread [Was:org.netbeans.modules.parsing.spi.Scheduler/org.netbeans.modules.parsing.spi.Scheduler$1]" daemon [_thread_blocked, id=2400, stack(0x000000002a570000,0x000000002a770000)]
  0x0000000028bce800 JavaThread "Inactive RequestProcessor thread [Was:org.netbeans.spi.debugger.ui.EditorContextDispatcher$AddRemoveFileListenerInEQThread/org.netbeans.spi.debugger.ui.EditorContextDispatcher$AddRemoveFileListenerInEQThread]" daemon [_thread_blocked, id=7616, stack(0x0000000030910000,0x0000000030b10000)]
  0x0000000028bcf000 JavaThread "Inactive RequestProcessor thread [Was:org.netbeans.modules.parsing.spi.Scheduler/org.netbeans.modules.parsing.spi.Scheduler$1]" daemon [_thread_blocked, id=10072, stack(0x0000000030b10000,0x0000000030d10000)]
  0x0000000028bd0000 JavaThread "Inactive RequestProcessor thread [Was:org.netbeans.modules.parsing.spi.Scheduler/org.netbeans.modules.parsing.spi.Scheduler$1]" daemon [_thread_blocked, id=9688, stack(0x0000000031c30000,0x0000000031e30000)]
  0x00000000285ec800 JavaThread "Inactive RequestProcessor thread [Was:org.netbeans.spi.debugger.ui.EditorContextDispatcher$AddRemoveFileListenerInEQThread/org.netbeans.spi.debugger.ui.EditorContextDispatcher$AddRemoveFileListenerInEQThread]" daemon [_thread_blocked, id=8668, stack(0x0000000031e30000,0x0000000032030000)]
  0x00000000285ed800 JavaThread "Inactive RequestProcessor thread [Was:Refresh Editor Context/org.netbeans.spi.debugger.ui.EditorContextDispatcher$EditorRegistryListener$1]" daemon [_thread_blocked, id=5492, stack(0x0000000037db0000,0x0000000037fb0000)]
  0x00000000285e7800 JavaThread "Inactive RequestProcessor thread [Was:HintsController worker/org.netbeans.spi.editor.hints.HintsController$2]" daemon [_thread_blocked, id=3968, stack(0x0000000038ff0000,0x00000000391f0000)]
  0x00000000285ea000 JavaThread "Inactive RequestProcessor thread [Was:Default RequestProcessor/org.netbeans.modules.navigator.NavigatorController$ActNodeSetter]" daemon [_thread_blocked, id=9760, stack(0x00000000391f0000,0x00000000393f0000)]
  0x00000000285eb000 JavaThread "Inactive RequestProcessor thread [Was:org.openide.text Editor Initialization/org.openide.text.CloneableEditorInitializer]" daemon [_thread_blocked, id=5372, stack(0x00000000393f0000,0x00000000395f0000)]

Other Threads:
  0x000000001f7d2000 VMThread "VM Thread" [stack: 0x0000000020240000,0x0000000020440000] [id=9844]
  0x000000002105b800 WatcherThread [stack: 0x0000000021b40000,0x0000000021d40000] [id=9292]
  0x0000000003481000 GCTaskThread "GC Thread#0" [stack: 0x000000001ca20000,0x000000001cc20000] [id=6728]
  0x0000000021e2e800 GCTaskThread "GC Thread#1" [stack: 0x0000000022740000,0x0000000022940000] [id=2984]
  0x0000000003489000 ConcurrentGCThread "G1 Main Marker" [stack: 0x000000001cc20000,0x000000001ce20000] [id=4668]
  0x000000000348a800 ConcurrentGCThread "G1 Conc#0" [stack: 0x000000001ce20000,0x000000001d020000] [id=7356]
  0x00000000034dd000 ConcurrentGCThread "G1 Refine#0" [stack: 0x000000001f240000,0x000000001f440000] [id=96]
  0x0000000021fcb000 ConcurrentGCThread "G1 Refine#1" [stack: 0x0000000026670000,0x0000000026870000] [id=7676]
  0x00000000034de000 ConcurrentGCThread "G1 Young RemSet Sampling" [stack: 0x000000001f440000,0x000000001f640000] [id=3876]
  0x00000000034e2000 ConcurrentGCThread "StrDedup" [stack: 0x000000001f840000,0x000000001fa40000] [id=7196]

Threads with active compile tasks:
C2 CompilerThread0  22076   !   4       org.openide.awt.HtmlRenderer::_renderHTML (2954 bytes)

VM state:not at safepoint (normal execution)

VM Mutex/Monitor currently owned by a thread: None

Heap address: 0x00000000c0000000, size: 1024 MB, Compressed Oops mode: 32-bit
Narrow klass base: 0x0000000800000000, Narrow klass shift: 3
Compressed class space size: 1073741824 Address: 0x00000008011a0000

Heap:
 garbage-first heap   total 324608K, used 252765K [0x00000000c0000000, 0x0000000100000000)
  region size 1024K, 22 young (22528K), 4 survivors (4096K)
 Metaspace       used 105294K, capacity 116626K, committed 116656K, reserved 1150976K
  class space    used 11703K, capacity 14823K, committed 14848K, reserved 1048576K
Heap Regions: E=young(eden), S=young(survivor), O=old, HS=humongous(starts), HC=humongous(continues), CS=collection set, F=free, A=archive, TAMS=top-at-mark-start (previous, next)
|   0|0x00000000c0000000, 0x00000000c0100000, 0x00000000c0100000|100%| O|  |TAMS 0x00000000c0100000, 0x00000000c0000000| Untracked 
|   1|0x00000000c0100000, 0x00000000c0200000, 0x00000000c0200000|100%| O|  |TAMS 0x00000000c0200000, 0x00000000c0100000| Untracked 
|   2|0x00000000c0200000, 0x00000000c0300000, 0x00000000c0300000|100%| O|  |TAMS 0x00000000c0300000, 0x00000000c0200000| Untracked 
|   3|0x00000000c0300000, 0x00000000c0400000, 0x00000000c0400000|100%|HS|  |TAMS 0x00000000c0400000, 0x00000000c0300000| Complete 
|   4|0x00000000c0400000, 0x00000000c0500000, 0x00000000c0500000|100%|HC|  |TAMS 0x00000000c0500000, 0x00000000c0400000| Complete 
|   5|0x00000000c0500000, 0x00000000c0600000, 0x00000000c0600000|100%| O|  |TAMS 0x00000000c0600000, 0x00000000c0500000| Untracked 
|   6|0x00000000c0600000, 0x00000000c0700000, 0x00000000c0700000|100%| O|  |TAMS 0x00000000c0700000, 0x00000000c0600000| Untracked 
|   7|0x00000000c0700000, 0x00000000c0800000, 0x00000000c0800000|100%| O|  |TAMS 0x00000000c0800000, 0x00000000c0700000| Untracked 
|   8|0x00000000c0800000, 0x00000000c0900000, 0x00000000c0900000|100%| O|  |TAMS 0x00000000c0900000, 0x00000000c0800000| Untracked 
|   9|0x00000000c0900000, 0x00000000c0a00000, 0x00000000c0a00000|100%| O|  |TAMS 0x00000000c0a00000, 0x00000000c0900000| Untracked 
|  10|0x00000000c0a00000, 0x00000000c0b00000, 0x00000000c0b00000|100%| O|  |TAMS 0x00000000c0b00000, 0x00000000c0a00000| Untracked 
|  11|0x00000000c0b00000, 0x00000000c0c00000, 0x00000000c0c00000|100%| O|  |TAMS 0x00000000c0c00000, 0x00000000c0b00000| Untracked 
|  12|0x00000000c0c00000, 0x00000000c0d00000, 0x00000000c0d00000|100%|HS|  |TAMS 0x00000000c0d00000, 0x00000000c0c00000| Complete 
|  13|0x00000000c0d00000, 0x00000000c0e00000, 0x00000000c0e00000|100%|HC|  |TAMS 0x00000000c0e00000, 0x00000000c0d00000| Complete 
|  14|0x00000000c0e00000, 0x00000000c0f00000, 0x00000000c0f00000|100%|HC|  |TAMS 0x00000000c0f00000, 0x00000000c0e00000| Complete 
|  15|0x00000000c0f00000, 0x00000000c1000000, 0x00000000c1000000|100%|HC|  |TAMS 0x00000000c1000000, 0x00000000c0f00000| Complete 
|  16|0x00000000c1000000, 0x00000000c1100000, 0x00000000c1100000|100%|HC|  |TAMS 0x00000000c1100000, 0x00000000c1000000| Complete 
|  17|0x00000000c1100000, 0x00000000c1200000, 0x00000000c1200000|100%|HS|  |TAMS 0x00000000c1200000, 0x00000000c1100000| Complete 
|  18|0x00000000c1200000, 0x00000000c1300000, 0x00000000c1300000|100%|HC|  |TAMS 0x00000000c1300000, 0x00000000c1200000| Complete 
|  19|0x00000000c1300000, 0x00000000c1400000, 0x00000000c1400000|100%|HC|  |TAMS 0x00000000c1400000, 0x00000000c1300000| Complete 
|  20|0x00000000c1400000, 0x00000000c1500000, 0x00000000c1500000|100%| O|  |TAMS 0x00000000c1500000, 0x00000000c1400000| Untracked 
|  21|0x00000000c1500000, 0x00000000c1600000, 0x00000000c1600000|100%| O|  |TAMS 0x00000000c1600000, 0x00000000c1500000| Untracked 
|  22|0x00000000c1600000, 0x00000000c1700000, 0x00000000c1700000|100%| O|  |TAMS 0x00000000c1700000, 0x00000000c1600000| Untracked 
|  23|0x00000000c1700000, 0x00000000c1800000, 0x00000000c1800000|100%| O|  |TAMS 0x00000000c1800000, 0x00000000c1700000| Untracked 
|  24|0x00000000c1800000, 0x00000000c1900000, 0x00000000c1900000|100%| O|  |TAMS 0x00000000c1900000, 0x00000000c1800000| Untracked 
|  25|0x00000000c1900000, 0x00000000c1a00000, 0x00000000c1a00000|100%| O|  |TAMS 0x00000000c1a00000, 0x00000000c1900000| Untracked 
|  26|0x00000000c1a00000, 0x00000000c1b00000, 0x00000000c1b00000|100%| O|  |TAMS 0x00000000c1b00000, 0x00000000c1a00000| Untracked 
|  27|0x00000000c1b00000, 0x00000000c1c00000, 0x00000000c1c00000|100%| O|  |TAMS 0x00000000c1c00000, 0x00000000c1b00000| Untracked 
|  28|0x00000000c1c00000, 0x00000000c1d00000, 0x00000000c1d00000|100%| O|  |TAMS 0x00000000c1d00000, 0x00000000c1c00000| Untracked 
|  29|0x00000000c1d00000, 0x00000000c1e00000, 0x00000000c1e00000|100%| O|  |TAMS 0x00000000c1e00000, 0x00000000c1d00000| Untracked 
|  30|0x00000000c1e00000, 0x00000000c1f00000, 0x00000000c1f00000|100%| O|  |TAMS 0x00000000c1f00000, 0x00000000c1e00000| Untracked 
|  31|0x00000000c1f00000, 0x00000000c2000000, 0x00000000c2000000|100%| O|  |TAMS 0x00000000c2000000, 0x00000000c1f00000| Untracked 
|  32|0x00000000c2000000, 0x00000000c2100000, 0x00000000c2100000|100%| O|  |TAMS 0x00000000c2100000, 0x00000000c2000000| Untracked 
|  33|0x00000000c2100000, 0x00000000c2200000, 0x00000000c2200000|100%| O|  |TAMS 0x00000000c2200000, 0x00000000c2100000| Untracked 
|  34|0x00000000c2200000, 0x00000000c2300000, 0x00000000c2300000|100%| O|  |TAMS 0x00000000c2300000, 0x00000000c2200000| Untracked 
|  35|0x00000000c2300000, 0x00000000c2400000, 0x00000000c2400000|100%| O|  |TAMS 0x00000000c2400000, 0x00000000c2300000| Untracked 
|  36|0x00000000c2400000, 0x00000000c2500000, 0x00000000c2500000|100%| O|  |TAMS 0x00000000c2500000, 0x00000000c2400000| Untracked 
|  37|0x00000000c2500000, 0x00000000c2600000, 0x00000000c2600000|100%| O|  |TAMS 0x00000000c2600000, 0x00000000c2500000| Untracked 
|  38|0x00000000c2600000, 0x00000000c2700000, 0x00000000c2700000|100%| O|  |TAMS 0x00000000c2700000, 0x00000000c2600000| Untracked 
|  39|0x00000000c2700000, 0x00000000c2800000, 0x00000000c2800000|100%| O|  |TAMS 0x00000000c2800000, 0x00000000c2700000| Untracked 
|  40|0x00000000c2800000, 0x00000000c2900000, 0x00000000c2900000|100%| O|  |TAMS 0x00000000c2900000, 0x00000000c2800000| Untracked 
|  41|0x00000000c2900000, 0x00000000c2a00000, 0x00000000c2a00000|100%|HS|  |TAMS 0x00000000c2a00000, 0x00000000c2900000| Complete 
|  42|0x00000000c2a00000, 0x00000000c2b00000, 0x00000000c2b00000|100%|HC|  |TAMS 0x00000000c2b00000, 0x00000000c2a00000| Complete 
|  43|0x00000000c2b00000, 0x00000000c2c00000, 0x00000000c2c00000|100%|HC|  |TAMS 0x00000000c2c00000, 0x00000000c2b00000| Complete 
|  44|0x00000000c2c00000, 0x00000000c2d00000, 0x00000000c2d00000|100%|HC|  |TAMS 0x00000000c2d00000, 0x00000000c2c00000| Complete 
|  45|0x00000000c2d00000, 0x00000000c2e00000, 0x00000000c2e00000|100%|HC|  |TAMS 0x00000000c2e00000, 0x00000000c2d00000| Complete 
|  46|0x00000000c2e00000, 0x00000000c2f00000, 0x00000000c2f00000|100%|HC|  |TAMS 0x00000000c2f00000, 0x00000000c2e00000| Complete 
|  47|0x00000000c2f00000, 0x00000000c3000000, 0x00000000c3000000|100%|HC|  |TAMS 0x00000000c3000000, 0x00000000c2f00000| Complete 
|  48|0x00000000c3000000, 0x00000000c3100000, 0x00000000c3100000|100%|HC|  |TAMS 0x00000000c3100000, 0x00000000c3000000| Complete 
|  49|0x00000000c3100000, 0x00000000c3200000, 0x00000000c3200000|100%| O|  |TAMS 0x00000000c3200000, 0x00000000c3100000| Untracked 
|  50|0x00000000c3200000, 0x00000000c3300000, 0x00000000c3300000|100%| O|  |TAMS 0x00000000c3300000, 0x00000000c3200000| Untracked 
|  51|0x00000000c3300000, 0x00000000c3400000, 0x00000000c3400000|100%| O|  |TAMS 0x00000000c3400000, 0x00000000c3300000| Untracked 
|  52|0x00000000c3400000, 0x00000000c3500000, 0x00000000c3500000|100%| O|  |TAMS 0x00000000c3500000, 0x00000000c3400000| Untracked 
|  53|0x00000000c3500000, 0x00000000c3600000, 0x00000000c3600000|100%| O|  |TAMS 0x00000000c3600000, 0x00000000c3500000| Untracked 
|  54|0x00000000c3600000, 0x00000000c3700000, 0x00000000c3700000|100%| O|  |TAMS 0x00000000c3700000, 0x00000000c3600000| Untracked 
|  55|0x00000000c3700000, 0x00000000c3800000, 0x00000000c3800000|100%| O|  |TAMS 0x00000000c3800000, 0x00000000c3700000| Untracked 
|  56|0x00000000c3800000, 0x00000000c3900000, 0x00000000c3900000|100%| O|  |TAMS 0x00000000c3900000, 0x00000000c3800000| Untracked 
|  57|0x00000000c3900000, 0x00000000c3a00000, 0x00000000c3a00000|100%| O|  |TAMS 0x00000000c3a00000, 0x00000000c3900000| Untracked 
|  58|0x00000000c3a00000, 0x00000000c3b00000, 0x00000000c3b00000|100%| O|  |TAMS 0x00000000c3b00000, 0x00000000c3a00000| Untracked 
|  59|0x00000000c3b00000, 0x00000000c3c00000, 0x00000000c3c00000|100%| O|  |TAMS 0x00000000c3c00000, 0x00000000c3b00000| Untracked 
|  60|0x00000000c3c00000, 0x00000000c3d00000, 0x00000000c3d00000|100%| O|  |TAMS 0x00000000c3d00000, 0x00000000c3c00000| Untracked 
|  61|0x00000000c3d00000, 0x00000000c3e00000, 0x00000000c3e00000|100%| O|  |TAMS 0x00000000c3e00000, 0x00000000c3d00000| Untracked 
|  62|0x00000000c3e00000, 0x00000000c3f00000, 0x00000000c3f00000|100%| O|  |TAMS 0x00000000c3f00000, 0x00000000c3e00000| Untracked 
|  63|0x00000000c3f00000, 0x00000000c4000000, 0x00000000c4000000|100%| O|  |TAMS 0x00000000c4000000, 0x00000000c3f00000| Untracked 
|  64|0x00000000c4000000, 0x00000000c4100000, 0x00000000c4100000|100%| O|  |TAMS 0x00000000c4100000, 0x00000000c4000000| Untracked 
|  65|0x00000000c4100000, 0x00000000c4200000, 0x00000000c4200000|100%| O|  |TAMS 0x00000000c4200000, 0x00000000c4100000| Untracked 
|  66|0x00000000c4200000, 0x00000000c4300000, 0x00000000c4300000|100%| O|  |TAMS 0x00000000c4300000, 0x00000000c4200000| Untracked 
|  67|0x00000000c4300000, 0x00000000c4400000, 0x00000000c4400000|100%| O|  |TAMS 0x00000000c4400000, 0x00000000c4300000| Untracked 
|  68|0x00000000c4400000, 0x00000000c4500000, 0x00000000c4500000|100%| O|  |TAMS 0x00000000c4500000, 0x00000000c4400000| Untracked 
|  69|0x00000000c4500000, 0x00000000c4600000, 0x00000000c4600000|100%| O|  |TAMS 0x00000000c4600000, 0x00000000c4500000| Untracked 
|  70|0x00000000c4600000, 0x00000000c4700000, 0x00000000c4700000|100%| O|  |TAMS 0x00000000c4700000, 0x00000000c4600000| Untracked 
|  71|0x00000000c4700000, 0x00000000c4800000, 0x00000000c4800000|100%| O|  |TAMS 0x00000000c4800000, 0x00000000c4700000| Untracked 
|  72|0x00000000c4800000, 0x00000000c4900000, 0x00000000c4900000|100%| O|  |TAMS 0x00000000c4900000, 0x00000000c4800000| Untracked 
|  73|0x00000000c4900000, 0x00000000c4a00000, 0x00000000c4a00000|100%| O|  |TAMS 0x00000000c4a00000, 0x00000000c4900000| Untracked 
|  74|0x00000000c4a00000, 0x00000000c4b00000, 0x00000000c4b00000|100%| O|  |TAMS 0x00000000c4b00000, 0x00000000c4a00000| Untracked 
|  75|0x00000000c4b00000, 0x00000000c4c00000, 0x00000000c4c00000|100%| O|  |TAMS 0x00000000c4c00000, 0x00000000c4b00000| Untracked 
|  76|0x00000000c4c00000, 0x00000000c4d00000, 0x00000000c4d00000|100%| O|  |TAMS 0x00000000c4d00000, 0x00000000c4c00000| Untracked 
|  77|0x00000000c4d00000, 0x00000000c4e00000, 0x00000000c4e00000|100%| O|  |TAMS 0x00000000c4e00000, 0x00000000c4d00000| Untracked 
|  78|0x00000000c4e00000, 0x00000000c4f00000, 0x00000000c4f00000|100%| O|  |TAMS 0x00000000c4f00000, 0x00000000c4e00000| Untracked 
|  79|0x00000000c4f00000, 0x00000000c5000000, 0x00000000c5000000|100%| O|  |TAMS 0x00000000c5000000, 0x00000000c4f00000| Untracked 
|  80|0x00000000c5000000, 0x00000000c5100000, 0x00000000c5100000|100%| O|  |TAMS 0x00000000c5100000, 0x00000000c5000000| Untracked 
|  81|0x00000000c5100000, 0x00000000c5200000, 0x00000000c5200000|100%| O|  |TAMS 0x00000000c5200000, 0x00000000c5100000| Untracked 
|  82|0x00000000c5200000, 0x00000000c5300000, 0x00000000c5300000|100%| O|  |TAMS 0x00000000c5300000, 0x00000000c5200000| Untracked 
|  83|0x00000000c5300000, 0x00000000c5400000, 0x00000000c5400000|100%| O|  |TAMS 0x00000000c5400000, 0x00000000c5300000| Untracked 
|  84|0x00000000c5400000, 0x00000000c5500000, 0x00000000c5500000|100%| O|  |TAMS 0x00000000c5500000, 0x00000000c5400000| Untracked 
|  85|0x00000000c5500000, 0x00000000c5600000, 0x00000000c5600000|100%| O|  |TAMS 0x00000000c5600000, 0x00000000c5500000| Untracked 
|  86|0x00000000c5600000, 0x00000000c5700000, 0x00000000c5700000|100%| O|  |TAMS 0x00000000c5700000, 0x00000000c5600000| Untracked 
|  87|0x00000000c5700000, 0x00000000c5800000, 0x00000000c5800000|100%| O|  |TAMS 0x00000000c5800000, 0x00000000c5700000| Untracked 
|  88|0x00000000c5800000, 0x00000000c5900000, 0x00000000c5900000|100%| O|  |TAMS 0x00000000c5900000, 0x00000000c5800000| Untracked 
|  89|0x00000000c5900000, 0x00000000c5a00000, 0x00000000c5a00000|100%| O|  |TAMS 0x00000000c5a00000, 0x00000000c5900000| Untracked 
|  90|0x00000000c5a00000, 0x00000000c5b00000, 0x00000000c5b00000|100%| O|  |TAMS 0x00000000c5b00000, 0x00000000c5a00000| Untracked 
|  91|0x00000000c5b00000, 0x00000000c5c00000, 0x00000000c5c00000|100%| O|  |TAMS 0x00000000c5c00000, 0x00000000c5b00000| Untracked 
|  92|0x00000000c5c00000, 0x00000000c5d00000, 0x00000000c5d00000|100%| O|  |TAMS 0x00000000c5d00000, 0x00000000c5c00000| Untracked 
|  93|0x00000000c5d00000, 0x00000000c5e00000, 0x00000000c5e00000|100%| O|  |TAMS 0x00000000c5e00000, 0x00000000c5d00000| Untracked 
|  94|0x00000000c5e00000, 0x00000000c5f00000, 0x00000000c5f00000|100%| O|  |TAMS 0x00000000c5f00000, 0x00000000c5e00000| Untracked 
|  95|0x00000000c5f00000, 0x00000000c6000000, 0x00000000c6000000|100%| O|  |TAMS 0x00000000c6000000, 0x00000000c5f00000| Untracked 
|  96|0x00000000c6000000, 0x00000000c6100000, 0x00000000c6100000|100%| O|  |TAMS 0x00000000c6100000, 0x00000000c6000000| Untracked 
|  97|0x00000000c6100000, 0x00000000c6200000, 0x00000000c6200000|100%| O|  |TAMS 0x00000000c6200000, 0x00000000c6100000| Untracked 
|  98|0x00000000c6200000, 0x00000000c6300000, 0x00000000c6300000|100%| O|  |TAMS 0x00000000c6300000, 0x00000000c6200000| Untracked 
|  99|0x00000000c6300000, 0x00000000c6400000, 0x00000000c6400000|100%| O|  |TAMS 0x00000000c6400000, 0x00000000c6300000| Untracked 
| 100|0x00000000c6400000, 0x00000000c6500000, 0x00000000c6500000|100%| O|  |TAMS 0x00000000c6500000, 0x00000000c6400000| Untracked 
| 101|0x00000000c6500000, 0x00000000c6600000, 0x00000000c6600000|100%| O|  |TAMS 0x00000000c6600000, 0x00000000c6500000| Untracked 
| 102|0x00000000c6600000, 0x00000000c6700000, 0x00000000c6700000|100%| O|  |TAMS 0x00000000c6700000, 0x00000000c6600000| Untracked 
| 103|0x00000000c6700000, 0x00000000c6800000, 0x00000000c6800000|100%| O|  |TAMS 0x00000000c6800000, 0x00000000c6700000| Untracked 
| 104|0x00000000c6800000, 0x00000000c6900000, 0x00000000c6900000|100%| O|  |TAMS 0x00000000c6900000, 0x00000000c6800000| Untracked 
| 105|0x00000000c6900000, 0x00000000c6a00000, 0x00000000c6a00000|100%| O|  |TAMS 0x00000000c6a00000, 0x00000000c6900000| Untracked 
| 106|0x00000000c6a00000, 0x00000000c6b00000, 0x00000000c6b00000|100%| O|  |TAMS 0x00000000c6b00000, 0x00000000c6a00000| Untracked 
| 107|0x00000000c6b00000, 0x00000000c6c00000, 0x00000000c6c00000|100%| O|  |TAMS 0x00000000c6c00000, 0x00000000c6b00000| Untracked 
| 108|0x00000000c6c00000, 0x00000000c6d00000, 0x00000000c6d00000|100%| O|  |TAMS 0x00000000c6d00000, 0x00000000c6c00000| Untracked 
| 109|0x00000000c6d00000, 0x00000000c6e00000, 0x00000000c6e00000|100%| O|  |TAMS 0x00000000c6e00000, 0x00000000c6d00000| Untracked 
| 110|0x00000000c6e00000, 0x00000000c6f00000, 0x00000000c6f00000|100%| O|  |TAMS 0x00000000c6f00000, 0x00000000c6e00000| Untracked 
| 111|0x00000000c6f00000, 0x00000000c7000000, 0x00000000c7000000|100%| O|  |TAMS 0x00000000c7000000, 0x00000000c6f00000| Untracked 
| 112|0x00000000c7000000, 0x00000000c7100000, 0x00000000c7100000|100%| O|  |TAMS 0x00000000c7100000, 0x00000000c7000000| Untracked 
| 113|0x00000000c7100000, 0x00000000c7200000, 0x00000000c7200000|100%| O|  |TAMS 0x00000000c7200000, 0x00000000c7100000| Untracked 
| 114|0x00000000c7200000, 0x00000000c7300000, 0x00000000c7300000|100%| O|  |TAMS 0x00000000c7300000, 0x00000000c7200000| Untracked 
| 115|0x00000000c7300000, 0x00000000c7400000, 0x00000000c7400000|100%| O|  |TAMS 0x00000000c7400000, 0x00000000c7300000| Untracked 
| 116|0x00000000c7400000, 0x00000000c7500000, 0x00000000c7500000|100%| O|  |TAMS 0x00000000c7500000, 0x00000000c7400000| Untracked 
| 117|0x00000000c7500000, 0x00000000c7600000, 0x00000000c7600000|100%| O|  |TAMS 0x00000000c7600000, 0x00000000c7500000| Untracked 
| 118|0x00000000c7600000, 0x00000000c7700000, 0x00000000c7700000|100%| O|  |TAMS 0x00000000c7700000, 0x00000000c7600000| Untracked 
| 119|0x00000000c7700000, 0x00000000c7800000, 0x00000000c7800000|100%| O|  |TAMS 0x00000000c7800000, 0x00000000c7700000| Untracked 
| 120|0x00000000c7800000, 0x00000000c7900000, 0x00000000c7900000|100%| O|  |TAMS 0x00000000c7900000, 0x00000000c7800000| Untracked 
| 121|0x00000000c7900000, 0x00000000c7a00000, 0x00000000c7a00000|100%| O|  |TAMS 0x00000000c7a00000, 0x00000000c7900000| Untracked 
| 122|0x00000000c7a00000, 0x00000000c7b00000, 0x00000000c7b00000|100%| O|  |TAMS 0x00000000c7b00000, 0x00000000c7a00000| Untracked 
| 123|0x00000000c7b00000, 0x00000000c7c00000, 0x00000000c7c00000|100%| O|  |TAMS 0x00000000c7c00000, 0x00000000c7b00000| Untracked 
| 124|0x00000000c7c00000, 0x00000000c7d00000, 0x00000000c7d00000|100%| O|  |TAMS 0x00000000c7c00000, 0x00000000c7c00000| Untracked 
| 125|0x00000000c7d00000, 0x00000000c7e00000, 0x00000000c7e00000|100%| O|  |TAMS 0x00000000c7d00000, 0x00000000c7d00000| Untracked 
| 126|0x00000000c7e00000, 0x00000000c7f00000, 0x00000000c7f00000|100%| O|  |TAMS 0x00000000c7e00000, 0x00000000c7e00000| Untracked 
| 127|0x00000000c7f00000, 0x00000000c8000000, 0x00000000c8000000|100%| O|  |TAMS 0x00000000c7f00000, 0x00000000c7f00000| Untracked 
| 128|0x00000000c8000000, 0x00000000c8100000, 0x00000000c8100000|100%| O|  |TAMS 0x00000000c8000000, 0x00000000c8000000| Untracked 
| 129|0x00000000c8100000, 0x00000000c8200000, 0x00000000c8200000|100%| O|  |TAMS 0x00000000c8100000, 0x00000000c8100000| Untracked 
| 130|0x00000000c8200000, 0x00000000c8300000, 0x00000000c8300000|100%| O|  |TAMS 0x00000000c8200000, 0x00000000c8200000| Untracked 
| 131|0x00000000c8300000, 0x00000000c8400000, 0x00000000c8400000|100%| O|  |TAMS 0x00000000c8380000, 0x00000000c8300000| Untracked 
| 132|0x00000000c8400000, 0x00000000c8500000, 0x00000000c8500000|100%| O|  |TAMS 0x00000000c8400000, 0x00000000c8400000| Untracked 
| 133|0x00000000c8500000, 0x00000000c8600000, 0x00000000c8600000|100%| O|  |TAMS 0x00000000c8500000, 0x00000000c8500000| Untracked 
| 134|0x00000000c8600000, 0x00000000c8700000, 0x00000000c8700000|100%| O|  |TAMS 0x00000000c8600000, 0x00000000c8600000| Untracked 
| 135|0x00000000c8700000, 0x00000000c8800000, 0x00000000c8800000|100%| O|  |TAMS 0x00000000c8700000, 0x00000000c8700000| Untracked 
| 136|0x00000000c8800000, 0x00000000c8900000, 0x00000000c8900000|100%| O|  |TAMS 0x00000000c8800000, 0x00000000c8800000| Untracked 
| 137|0x00000000c8900000, 0x00000000c8a00000, 0x00000000c8a00000|100%| O|  |TAMS 0x00000000c8900000, 0x00000000c8900000| Untracked 
| 138|0x00000000c8a00000, 0x00000000c8b00000, 0x00000000c8b00000|100%| O|  |TAMS 0x00000000c8a00000, 0x00000000c8a00000| Untracked 
| 139|0x00000000c8b00000, 0x00000000c8c00000, 0x00000000c8c00000|100%| O|  |TAMS 0x00000000c8b00000, 0x00000000c8b00000| Untracked 
| 140|0x00000000c8c00000, 0x00000000c8d00000, 0x00000000c8d00000|100%|HS|  |TAMS 0x00000000c8c00000, 0x00000000c8c00000| Complete 
| 141|0x00000000c8d00000, 0x00000000c8e00000, 0x00000000c8e00000|100%|HC|  |TAMS 0x00000000c8d00000, 0x00000000c8d00000| Complete 
| 142|0x00000000c8e00000, 0x00000000c8f00000, 0x00000000c8f00000|100%|HC|  |TAMS 0x00000000c8e00000, 0x00000000c8e00000| Complete 
| 143|0x00000000c8f00000, 0x00000000c9000000, 0x00000000c9000000|100%|HC|  |TAMS 0x00000000c8f00000, 0x00000000c8f00000| Complete 
| 144|0x00000000c9000000, 0x00000000c9100000, 0x00000000c9100000|100%|HC|  |TAMS 0x00000000c9000000, 0x00000000c9000000| Complete 
| 145|0x00000000c9100000, 0x00000000c9200000, 0x00000000c9200000|100%|HC|  |TAMS 0x00000000c9100000, 0x00000000c9100000| Complete 
| 146|0x00000000c9200000, 0x00000000c9300000, 0x00000000c9300000|100%|HC|  |TAMS 0x00000000c9200000, 0x00000000c9200000| Complete 
| 147|0x00000000c9300000, 0x00000000c9400000, 0x00000000c9400000|100%| O|  |TAMS 0x00000000c9300000, 0x00000000c9300000| Untracked 
| 148|0x00000000c9400000, 0x00000000c9500000, 0x00000000c9500000|100%| O|  |TAMS 0x00000000c9400000, 0x00000000c9400000| Untracked 
| 149|0x00000000c9500000, 0x00000000c9600000, 0x00000000c9600000|100%| O|  |TAMS 0x00000000c9500000, 0x00000000c9500000| Untracked 
| 150|0x00000000c9600000, 0x00000000c9700000, 0x00000000c9700000|100%| O|  |TAMS 0x00000000c9600000, 0x00000000c9600000| Untracked 
| 151|0x00000000c9700000, 0x00000000c9800000, 0x00000000c9800000|100%| O|  |TAMS 0x00000000c9700000, 0x00000000c9700000| Untracked 
| 152|0x00000000c9800000, 0x00000000c9900000, 0x00000000c9900000|100%| O|  |TAMS 0x00000000c9800000, 0x00000000c9800000| Untracked 
| 153|0x00000000c9900000, 0x00000000c9a00000, 0x00000000c9a00000|100%| O|  |TAMS 0x00000000c9900000, 0x00000000c9900000| Untracked 
| 154|0x00000000c9a00000, 0x00000000c9b00000, 0x00000000c9b00000|100%| O|  |TAMS 0x00000000c9a00000, 0x00000000c9a00000| Untracked 
| 155|0x00000000c9b00000, 0x00000000c9c00000, 0x00000000c9c00000|100%| O|  |TAMS 0x00000000c9b00000, 0x00000000c9b00000| Untracked 
| 156|0x00000000c9c00000, 0x00000000c9d00000, 0x00000000c9d00000|100%| O|  |TAMS 0x00000000c9c00000, 0x00000000c9c00000| Untracked 
| 157|0x00000000c9d00000, 0x00000000c9e00000, 0x00000000c9e00000|100%| O|  |TAMS 0x00000000c9d00000, 0x00000000c9d00000| Untracked 
| 158|0x00000000c9e00000, 0x00000000c9f00000, 0x00000000c9f00000|100%| O|  |TAMS 0x00000000c9e00000, 0x00000000c9e00000| Untracked 
| 159|0x00000000c9f00000, 0x00000000ca000000, 0x00000000ca000000|100%| O|  |TAMS 0x00000000c9f00000, 0x00000000c9f00000| Untracked 
| 160|0x00000000ca000000, 0x00000000ca100000, 0x00000000ca100000|100%| O|  |TAMS 0x00000000ca000000, 0x00000000ca000000| Untracked 
| 161|0x00000000ca100000, 0x00000000ca200000, 0x00000000ca200000|100%| O|  |TAMS 0x00000000ca100000, 0x00000000ca100000| Untracked 
| 162|0x00000000ca200000, 0x00000000ca300000, 0x00000000ca300000|100%| O|  |TAMS 0x00000000ca200000, 0x00000000ca200000| Untracked 
| 163|0x00000000ca300000, 0x00000000ca400000, 0x00000000ca400000|100%| O|  |TAMS 0x00000000ca300000, 0x00000000ca300000| Untracked 
| 164|0x00000000ca400000, 0x00000000ca500000, 0x00000000ca500000|100%| O|  |TAMS 0x00000000ca400000, 0x00000000ca400000| Untracked 
| 165|0x00000000ca500000, 0x00000000ca600000, 0x00000000ca600000|100%| O|  |TAMS 0x00000000ca500000, 0x00000000ca500000| Untracked 
| 166|0x00000000ca600000, 0x00000000ca700000, 0x00000000ca700000|100%| O|  |TAMS 0x00000000ca600000, 0x00000000ca600000| Untracked 
| 167|0x00000000ca700000, 0x00000000ca800000, 0x00000000ca800000|100%| O|  |TAMS 0x00000000ca700000, 0x00000000ca700000| Untracked 
| 168|0x00000000ca800000, 0x00000000ca900000, 0x00000000ca900000|100%| O|  |TAMS 0x00000000ca800000, 0x00000000ca800000| Untracked 
| 169|0x00000000ca900000, 0x00000000caa00000, 0x00000000caa00000|100%| O|  |TAMS 0x00000000ca900000, 0x00000000ca900000| Untracked 
| 170|0x00000000caa00000, 0x00000000cab00000, 0x00000000cab00000|100%| O|  |TAMS 0x00000000caa00000, 0x00000000caa00000| Untracked 
| 171|0x00000000cab00000, 0x00000000cac00000, 0x00000000cac00000|100%| O|  |TAMS 0x00000000cab00000, 0x00000000cab00000| Untracked 
| 172|0x00000000cac00000, 0x00000000cad00000, 0x00000000cad00000|100%| O|  |TAMS 0x00000000cac00000, 0x00000000cac00000| Untracked 
| 173|0x00000000cad00000, 0x00000000cae00000, 0x00000000cae00000|100%| O|  |TAMS 0x00000000cad00000, 0x00000000cad00000| Untracked 
| 174|0x00000000cae00000, 0x00000000caf00000, 0x00000000caf00000|100%| O|  |TAMS 0x00000000cae00000, 0x00000000cae00000| Untracked 
| 175|0x00000000caf00000, 0x00000000cb000000, 0x00000000cb000000|100%| O|  |TAMS 0x00000000caf00000, 0x00000000caf00000| Untracked 
| 176|0x00000000cb000000, 0x00000000cb100000, 0x00000000cb100000|100%| O|  |TAMS 0x00000000cb000000, 0x00000000cb000000| Untracked 
| 177|0x00000000cb100000, 0x00000000cb200000, 0x00000000cb200000|100%| O|  |TAMS 0x00000000cb100000, 0x00000000cb100000| Untracked 
| 178|0x00000000cb200000, 0x00000000cb300000, 0x00000000cb300000|100%| O|  |TAMS 0x00000000cb200000, 0x00000000cb200000| Untracked 
| 179|0x00000000cb300000, 0x00000000cb400000, 0x00000000cb400000|100%| O|  |TAMS 0x00000000cb300000, 0x00000000cb300000| Untracked 
| 180|0x00000000cb400000, 0x00000000cb500000, 0x00000000cb500000|100%| O|  |TAMS 0x00000000cb400000, 0x00000000cb400000| Untracked 
| 181|0x00000000cb500000, 0x00000000cb600000, 0x00000000cb600000|100%| O|  |TAMS 0x00000000cb500000, 0x00000000cb500000| Untracked 
| 182|0x00000000cb600000, 0x00000000cb700000, 0x00000000cb700000|100%| O|  |TAMS 0x00000000cb600000, 0x00000000cb600000| Untracked 
| 183|0x00000000cb700000, 0x00000000cb800000, 0x00000000cb800000|100%| O|  |TAMS 0x00000000cb700000, 0x00000000cb700000| Untracked 
| 184|0x00000000cb800000, 0x00000000cb900000, 0x00000000cb900000|100%| O|  |TAMS 0x00000000cb800000, 0x00000000cb800000| Untracked 
| 185|0x00000000cb900000, 0x00000000cba00000, 0x00000000cba00000|100%| O|  |TAMS 0x00000000cb900000, 0x00000000cb900000| Untracked 
| 186|0x00000000cba00000, 0x00000000cbb00000, 0x00000000cbb00000|100%| O|  |TAMS 0x00000000cba00000, 0x00000000cba00000| Untracked 
| 187|0x00000000cbb00000, 0x00000000cbc00000, 0x00000000cbc00000|100%| O|  |TAMS 0x00000000cbb00000, 0x00000000cbb00000| Untracked 
| 188|0x00000000cbc00000, 0x00000000cbd00000, 0x00000000cbd00000|100%| O|  |TAMS 0x00000000cbc00000, 0x00000000cbc00000| Untracked 
| 189|0x00000000cbd00000, 0x00000000cbe00000, 0x00000000cbe00000|100%| O|  |TAMS 0x00000000cbd00000, 0x00000000cbd00000| Untracked 
| 190|0x00000000cbe00000, 0x00000000cbf00000, 0x00000000cbf00000|100%| O|  |TAMS 0x00000000cbe00000, 0x00000000cbe00000| Untracked 
| 191|0x00000000cbf00000, 0x00000000cc000000, 0x00000000cc000000|100%| O|  |TAMS 0x00000000cbf00000, 0x00000000cbf00000| Untracked 
| 192|0x00000000cc000000, 0x00000000cc100000, 0x00000000cc100000|100%| O|  |TAMS 0x00000000cc000000, 0x00000000cc000000| Untracked 
| 193|0x00000000cc100000, 0x00000000cc200000, 0x00000000cc200000|100%| O|  |TAMS 0x00000000cc100000, 0x00000000cc100000| Untracked 
| 194|0x00000000cc200000, 0x00000000cc300000, 0x00000000cc300000|100%| O|  |TAMS 0x00000000cc200000, 0x00000000cc200000| Untracked 
| 195|0x00000000cc300000, 0x00000000cc400000, 0x00000000cc400000|100%| O|  |TAMS 0x00000000cc300000, 0x00000000cc300000| Untracked 
| 196|0x00000000cc400000, 0x00000000cc500000, 0x00000000cc500000|100%| O|  |TAMS 0x00000000cc400000, 0x00000000cc400000| Untracked 
| 197|0x00000000cc500000, 0x00000000cc600000, 0x00000000cc600000|100%| O|  |TAMS 0x00000000cc500000, 0x00000000cc500000| Untracked 
| 198|0x00000000cc600000, 0x00000000cc700000, 0x00000000cc700000|100%| O|  |TAMS 0x00000000cc600000, 0x00000000cc600000| Untracked 
| 199|0x00000000cc700000, 0x00000000cc800000, 0x00000000cc800000|100%| O|  |TAMS 0x00000000cc700000, 0x00000000cc700000| Untracked 
| 200|0x00000000cc800000, 0x00000000cc900000, 0x00000000cc900000|100%| O|  |TAMS 0x00000000cc800000, 0x00000000cc800000| Untracked 
| 201|0x00000000cc900000, 0x00000000cca00000, 0x00000000cca00000|100%| O|  |TAMS 0x00000000cc900000, 0x00000000cc900000| Untracked 
| 202|0x00000000cca00000, 0x00000000ccb00000, 0x00000000ccb00000|100%| O|  |TAMS 0x00000000cca00000, 0x00000000cca00000| Untracked 
| 203|0x00000000ccb00000, 0x00000000ccc00000, 0x00000000ccc00000|100%| O|  |TAMS 0x00000000ccb00000, 0x00000000ccb00000| Untracked 
| 204|0x00000000ccc00000, 0x00000000ccd00000, 0x00000000ccd00000|100%| O|  |TAMS 0x00000000ccc00000, 0x00000000ccc00000| Untracked 
| 205|0x00000000ccd00000, 0x00000000cce00000, 0x00000000cce00000|100%| O|  |TAMS 0x00000000ccd00000, 0x00000000ccd00000| Untracked 
| 206|0x00000000cce00000, 0x00000000ccf00000, 0x00000000ccf00000|100%| O|  |TAMS 0x00000000cce00000, 0x00000000cce00000| Untracked 
| 207|0x00000000ccf00000, 0x00000000cd000000, 0x00000000cd000000|100%| O|  |TAMS 0x00000000ccf00000, 0x00000000ccf00000| Untracked 
| 208|0x00000000cd000000, 0x00000000cd100000, 0x00000000cd100000|100%| O|  |TAMS 0x00000000cd000000, 0x00000000cd000000| Untracked 
| 209|0x00000000cd100000, 0x00000000cd200000, 0x00000000cd200000|100%| O|  |TAMS 0x00000000cd100000, 0x00000000cd100000| Untracked 
| 210|0x00000000cd200000, 0x00000000cd300000, 0x00000000cd300000|100%| O|  |TAMS 0x00000000cd200000, 0x00000000cd200000| Untracked 
| 211|0x00000000cd300000, 0x00000000cd400000, 0x00000000cd400000|100%| O|  |TAMS 0x00000000cd300000, 0x00000000cd300000| Untracked 
| 212|0x00000000cd400000, 0x00000000cd500000, 0x00000000cd500000|100%| O|  |TAMS 0x00000000cd400000, 0x00000000cd400000| Untracked 
| 213|0x00000000cd500000, 0x00000000cd600000, 0x00000000cd600000|100%| O|  |TAMS 0x00000000cd500000, 0x00000000cd500000| Untracked 
| 214|0x00000000cd600000, 0x00000000cd700000, 0x00000000cd700000|100%| O|  |TAMS 0x00000000cd600000, 0x00000000cd600000| Untracked 
| 215|0x00000000cd700000, 0x00000000cd800000, 0x00000000cd800000|100%| O|  |TAMS 0x00000000cd700000, 0x00000000cd700000| Untracked 
| 216|0x00000000cd800000, 0x00000000cd900000, 0x00000000cd900000|100%| O|  |TAMS 0x00000000cd800000, 0x00000000cd800000| Untracked 
| 217|0x00000000cd900000, 0x00000000cda00000, 0x00000000cda00000|100%| O|  |TAMS 0x00000000cd900000, 0x00000000cd900000| Untracked 
| 218|0x00000000cda00000, 0x00000000cdb00000, 0x00000000cdb00000|100%| O|  |TAMS 0x00000000cda00000, 0x00000000cda00000| Untracked 
| 219|0x00000000cdb00000, 0x00000000cdc00000, 0x00000000cdc00000|100%| O|  |TAMS 0x00000000cdb00000, 0x00000000cdb00000| Untracked 
| 220|0x00000000cdc00000, 0x00000000cdd00000, 0x00000000cdd00000|100%| O|  |TAMS 0x00000000cdc00000, 0x00000000cdc00000| Untracked 
| 221|0x00000000cdd00000, 0x00000000cde00000, 0x00000000cde00000|100%| O|  |TAMS 0x00000000cdd00000, 0x00000000cdd00000| Untracked 
| 222|0x00000000cde00000, 0x00000000cded7600, 0x00000000cdf00000| 84%| O|  |TAMS 0x00000000cde00000, 0x00000000cde00000| Untracked 
| 223|0x00000000cdf00000, 0x00000000ce000000, 0x00000000ce000000|100%| O|  |TAMS 0x00000000cdf00000, 0x00000000cdf00000| Untracked 
| 224|0x00000000ce000000, 0x00000000ce100000, 0x00000000ce100000|100%| O|  |TAMS 0x00000000ce000000, 0x00000000ce000000| Untracked 
| 225|0x00000000ce100000, 0x00000000ce200000, 0x00000000ce200000|100%|HS|  |TAMS 0x00000000ce100000, 0x00000000ce100000| Complete 
| 226|0x00000000ce200000, 0x00000000ce300000, 0x00000000ce300000|100%|HC|  |TAMS 0x00000000ce200000, 0x00000000ce200000| Complete 
| 227|0x00000000ce300000, 0x00000000ce300000, 0x00000000ce400000|  0%| F|  |TAMS 0x00000000ce300000, 0x00000000ce300000| Untracked 
| 228|0x00000000ce400000, 0x00000000ce400000, 0x00000000ce500000|  0%| F|  |TAMS 0x00000000ce400000, 0x00000000ce400000| Untracked 
| 229|0x00000000ce500000, 0x00000000ce500000, 0x00000000ce600000|  0%| F|  |TAMS 0x00000000ce500000, 0x00000000ce500000| Untracked 
| 230|0x00000000ce600000, 0x00000000ce600000, 0x00000000ce700000|  0%| F|  |TAMS 0x00000000ce600000, 0x00000000ce600000| Untracked 
| 231|0x00000000ce700000, 0x00000000ce700000, 0x00000000ce800000|  0%| F|  |TAMS 0x00000000ce700000, 0x00000000ce700000| Untracked 
| 232|0x00000000ce800000, 0x00000000ce800000, 0x00000000ce900000|  0%| F|  |TAMS 0x00000000ce800000, 0x00000000ce800000| Untracked 
| 233|0x00000000ce900000, 0x00000000ce900000, 0x00000000cea00000|  0%| F|  |TAMS 0x00000000ce900000, 0x00000000ce900000| Untracked 
| 234|0x00000000cea00000, 0x00000000cea00000, 0x00000000ceb00000|  0%| F|  |TAMS 0x00000000cea00000, 0x00000000cea00000| Untracked 
| 235|0x00000000ceb00000, 0x00000000ceb00000, 0x00000000cec00000|  0%| F|  |TAMS 0x00000000ceb00000, 0x00000000ceb00000| Untracked 
| 236|0x00000000cec00000, 0x00000000cec00000, 0x00000000ced00000|  0%| F|  |TAMS 0x00000000cec00000, 0x00000000cec00000| Untracked 
| 237|0x00000000ced00000, 0x00000000ced00000, 0x00000000cee00000|  0%| F|  |TAMS 0x00000000ced00000, 0x00000000ced00000| Untracked 
| 238|0x00000000cee00000, 0x00000000cee00000, 0x00000000cef00000|  0%| F|  |TAMS 0x00000000cee00000, 0x00000000cee00000| Untracked 
| 239|0x00000000cef00000, 0x00000000cef00000, 0x00000000cf000000|  0%| F|  |TAMS 0x00000000cef00000, 0x00000000cef00000| Untracked 
| 240|0x00000000cf000000, 0x00000000cf000000, 0x00000000cf100000|  0%| F|  |TAMS 0x00000000cf000000, 0x00000000cf000000| Untracked 
| 241|0x00000000cf100000, 0x00000000cf100000, 0x00000000cf200000|  0%| F|  |TAMS 0x00000000cf100000, 0x00000000cf100000| Untracked 
| 242|0x00000000cf200000, 0x00000000cf200000, 0x00000000cf300000|  0%| F|  |TAMS 0x00000000cf200000, 0x00000000cf200000| Untracked 
| 243|0x00000000cf300000, 0x00000000cf300000, 0x00000000cf400000|  0%| F|  |TAMS 0x00000000cf300000, 0x00000000cf300000| Untracked 
| 244|0x00000000cf400000, 0x00000000cf400000, 0x00000000cf500000|  0%| F|  |TAMS 0x00000000cf400000, 0x00000000cf400000| Untracked 
| 245|0x00000000cf500000, 0x00000000cf500000, 0x00000000cf600000|  0%| F|  |TAMS 0x00000000cf500000, 0x00000000cf500000| Untracked 
| 246|0x00000000cf600000, 0x00000000cf600000, 0x00000000cf700000|  0%| F|  |TAMS 0x00000000cf600000, 0x00000000cf600000| Untracked 
| 247|0x00000000cf700000, 0x00000000cf700000, 0x00000000cf800000|  0%| F|  |TAMS 0x00000000cf700000, 0x00000000cf700000| Untracked 
| 248|0x00000000cf800000, 0x00000000cf800000, 0x00000000cf900000|  0%| F|  |TAMS 0x00000000cf800000, 0x00000000cf800000| Untracked 
| 249|0x00000000cf900000, 0x00000000cf900000, 0x00000000cfa00000|  0%| F|  |TAMS 0x00000000cf900000, 0x00000000cf900000| Untracked 
| 250|0x00000000cfa00000, 0x00000000cfa00000, 0x00000000cfb00000|  0%| F|  |TAMS 0x00000000cfa00000, 0x00000000cfa00000| Untracked 
| 251|0x00000000cfb00000, 0x00000000cfb00000, 0x00000000cfc00000|  0%| F|  |TAMS 0x00000000cfb00000, 0x00000000cfb00000| Untracked 
| 252|0x00000000cfc00000, 0x00000000cfc00000, 0x00000000cfd00000|  0%| F|  |TAMS 0x00000000cfc00000, 0x00000000cfc00000| Untracked 
| 253|0x00000000cfd00000, 0x00000000cfd00000, 0x00000000cfe00000|  0%| F|  |TAMS 0x00000000cfd00000, 0x00000000cfd00000| Untracked 
| 254|0x00000000cfe00000, 0x00000000cfe00000, 0x00000000cff00000|  0%| F|  |TAMS 0x00000000cfe00000, 0x00000000cfe00000| Untracked 
| 255|0x00000000cff00000, 0x00000000cff00000, 0x00000000d0000000|  0%| F|  |TAMS 0x00000000cff00000, 0x00000000cff00000| Untracked 
| 256|0x00000000d0000000, 0x00000000d0000000, 0x00000000d0100000|  0%| F|  |TAMS 0x00000000d0000000, 0x00000000d0000000| Untracked 
| 257|0x00000000d0100000, 0x00000000d0100000, 0x00000000d0200000|  0%| F|  |TAMS 0x00000000d0100000, 0x00000000d0100000| Untracked 
| 258|0x00000000d0200000, 0x00000000d0200000, 0x00000000d0300000|  0%| F|  |TAMS 0x00000000d0200000, 0x00000000d0200000| Untracked 
| 259|0x00000000d0300000, 0x00000000d0300000, 0x00000000d0400000|  0%| F|  |TAMS 0x00000000d0300000, 0x00000000d0300000| Untracked 
| 260|0x00000000d0400000, 0x00000000d0400000, 0x00000000d0500000|  0%| F|  |TAMS 0x00000000d0400000, 0x00000000d0400000| Untracked 
| 261|0x00000000d0500000, 0x00000000d0500000, 0x00000000d0600000|  0%| F|  |TAMS 0x00000000d0500000, 0x00000000d0500000| Untracked 
| 262|0x00000000d0600000, 0x00000000d0600000, 0x00000000d0700000|  0%| F|  |TAMS 0x00000000d0600000, 0x00000000d0600000| Untracked 
| 263|0x00000000d0700000, 0x00000000d0700000, 0x00000000d0800000|  0%| F|  |TAMS 0x00000000d0700000, 0x00000000d0700000| Untracked 
| 264|0x00000000d0800000, 0x00000000d0900000, 0x00000000d0900000|100%| S|CS|TAMS 0x00000000d0800000, 0x00000000d0800000| Complete 
| 265|0x00000000d0900000, 0x00000000d0a00000, 0x00000000d0a00000|100%| S|CS|TAMS 0x00000000d0900000, 0x00000000d0900000| Complete 
| 266|0x00000000d0a00000, 0x00000000d0b00000, 0x00000000d0b00000|100%| S|CS|TAMS 0x00000000d0a00000, 0x00000000d0a00000| Complete 
| 267|0x00000000d0b00000, 0x00000000d0c00000, 0x00000000d0c00000|100%| S|CS|TAMS 0x00000000d0b00000, 0x00000000d0b00000| Complete 
| 268|0x00000000d0c00000, 0x00000000d0c00000, 0x00000000d0d00000|  0%| F|  |TAMS 0x00000000d0c00000, 0x00000000d0c00000| Untracked 
| 269|0x00000000d0d00000, 0x00000000d0d00000, 0x00000000d0e00000|  0%| F|  |TAMS 0x00000000d0d00000, 0x00000000d0d00000| Untracked 
| 270|0x00000000d0e00000, 0x00000000d0e00000, 0x00000000d0f00000|  0%| F|  |TAMS 0x00000000d0e00000, 0x00000000d0e00000| Untracked 
| 271|0x00000000d0f00000, 0x00000000d0f00000, 0x00000000d1000000|  0%| F|  |TAMS 0x00000000d0f00000, 0x00000000d0f00000| Untracked 
| 272|0x00000000d1000000, 0x00000000d1000000, 0x00000000d1100000|  0%| F|  |TAMS 0x00000000d1000000, 0x00000000d1000000| Untracked 
| 273|0x00000000d1100000, 0x00000000d1100000, 0x00000000d1200000|  0%| F|  |TAMS 0x00000000d1100000, 0x00000000d1100000| Untracked 
| 274|0x00000000d1200000, 0x00000000d1200000, 0x00000000d1300000|  0%| F|  |TAMS 0x00000000d1200000, 0x00000000d1200000| Untracked 
| 275|0x00000000d1300000, 0x00000000d1300000, 0x00000000d1400000|  0%| F|  |TAMS 0x00000000d1300000, 0x00000000d1300000| Untracked 
| 276|0x00000000d1400000, 0x00000000d1400000, 0x00000000d1500000|  0%| F|  |TAMS 0x00000000d1400000, 0x00000000d1400000| Untracked 
| 277|0x00000000d1500000, 0x00000000d1500000, 0x00000000d1600000|  0%| F|  |TAMS 0x00000000d1500000, 0x00000000d1500000| Untracked 
| 278|0x00000000d1600000, 0x00000000d1600000, 0x00000000d1700000|  0%| F|  |TAMS 0x00000000d1600000, 0x00000000d1600000| Untracked 
| 279|0x00000000d1700000, 0x00000000d1700000, 0x00000000d1800000|  0%| F|  |TAMS 0x00000000d1700000, 0x00000000d1700000| Untracked 
| 280|0x00000000d1800000, 0x00000000d1800000, 0x00000000d1900000|  0%| F|  |TAMS 0x00000000d1800000, 0x00000000d1800000| Untracked 
| 281|0x00000000d1900000, 0x00000000d1900000, 0x00000000d1a00000|  0%| F|  |TAMS 0x00000000d1900000, 0x00000000d1900000| Untracked 
| 282|0x00000000d1a00000, 0x00000000d1a00000, 0x00000000d1b00000|  0%| F|  |TAMS 0x00000000d1a00000, 0x00000000d1a00000| Untracked 
| 283|0x00000000d1b00000, 0x00000000d1b00000, 0x00000000d1c00000|  0%| F|  |TAMS 0x00000000d1b00000, 0x00000000d1b00000| Untracked 
| 284|0x00000000d1c00000, 0x00000000d1c00000, 0x00000000d1d00000|  0%| F|  |TAMS 0x00000000d1c00000, 0x00000000d1c00000| Untracked 
| 285|0x00000000d1d00000, 0x00000000d1d00000, 0x00000000d1e00000|  0%| F|  |TAMS 0x00000000d1d00000, 0x00000000d1d00000| Untracked 
| 286|0x00000000d1e00000, 0x00000000d1e00000, 0x00000000d1f00000|  0%| F|  |TAMS 0x00000000d1e00000, 0x00000000d1e00000| Untracked 
| 287|0x00000000d1f00000, 0x00000000d1f00000, 0x00000000d2000000|  0%| F|  |TAMS 0x00000000d1f00000, 0x00000000d1f00000| Untracked 
| 288|0x00000000d2000000, 0x00000000d2000000, 0x00000000d2100000|  0%| F|  |TAMS 0x00000000d2000000, 0x00000000d2000000| Untracked 
| 289|0x00000000d2100000, 0x00000000d2100000, 0x00000000d2200000|  0%| F|  |TAMS 0x00000000d2100000, 0x00000000d2100000| Untracked 
| 290|0x00000000d2200000, 0x00000000d2200000, 0x00000000d2300000|  0%| F|  |TAMS 0x00000000d2200000, 0x00000000d2200000| Untracked 
| 291|0x00000000d2300000, 0x00000000d2300000, 0x00000000d2400000|  0%| F|  |TAMS 0x00000000d2300000, 0x00000000d2300000| Untracked 
| 292|0x00000000d2400000, 0x00000000d2400000, 0x00000000d2500000|  0%| F|  |TAMS 0x00000000d2400000, 0x00000000d2400000| Untracked 
| 293|0x00000000d2500000, 0x00000000d2500000, 0x00000000d2600000|  0%| F|  |TAMS 0x00000000d2500000, 0x00000000d2500000| Untracked 
| 294|0x00000000d2600000, 0x00000000d2600000, 0x00000000d2700000|  0%| F|  |TAMS 0x00000000d2600000, 0x00000000d2600000| Untracked 
| 295|0x00000000d2700000, 0x00000000d2700000, 0x00000000d2800000|  0%| F|  |TAMS 0x00000000d2700000, 0x00000000d2700000| Untracked 
| 296|0x00000000d2800000, 0x00000000d2800000, 0x00000000d2900000|  0%| F|  |TAMS 0x00000000d2800000, 0x00000000d2800000| Untracked 
| 297|0x00000000d2900000, 0x00000000d2900000, 0x00000000d2a00000|  0%| F|  |TAMS 0x00000000d2900000, 0x00000000d2900000| Untracked 
| 298|0x00000000d2a00000, 0x00000000d2a00000, 0x00000000d2b00000|  0%| F|  |TAMS 0x00000000d2a00000, 0x00000000d2a00000| Untracked 
| 299|0x00000000d2b00000, 0x00000000d2be4818, 0x00000000d2c00000| 89%| E|  |TAMS 0x00000000d2b00000, 0x00000000d2b00000| Complete 
| 300|0x00000000d2c00000, 0x00000000d2d00000, 0x00000000d2d00000|100%| E|CS|TAMS 0x00000000d2c00000, 0x00000000d2c00000| Complete 
| 301|0x00000000d2d00000, 0x00000000d2e00000, 0x00000000d2e00000|100%| E|CS|TAMS 0x00000000d2d00000, 0x00000000d2d00000| Complete 
| 302|0x00000000d2e00000, 0x00000000d2f00000, 0x00000000d2f00000|100%| E|CS|TAMS 0x00000000d2e00000, 0x00000000d2e00000| Complete 
| 303|0x00000000d2f00000, 0x00000000d3000000, 0x00000000d3000000|100%| E|CS|TAMS 0x00000000d2f00000, 0x00000000d2f00000| Complete 
| 304|0x00000000d3000000, 0x00000000d3100000, 0x00000000d3100000|100%| E|CS|TAMS 0x00000000d3000000, 0x00000000d3000000| Complete 
| 305|0x00000000d3100000, 0x00000000d3200000, 0x00000000d3200000|100%| E|CS|TAMS 0x00000000d3100000, 0x00000000d3100000| Complete 
| 306|0x00000000d3200000, 0x00000000d3300000, 0x00000000d3300000|100%| E|CS|TAMS 0x00000000d3200000, 0x00000000d3200000| Complete 
| 307|0x00000000d3300000, 0x00000000d3400000, 0x00000000d3400000|100%| E|CS|TAMS 0x00000000d3300000, 0x00000000d3300000| Complete 
| 308|0x00000000d3400000, 0x00000000d3500000, 0x00000000d3500000|100%| E|  |TAMS 0x00000000d3400000, 0x00000000d3400000| Complete 
| 309|0x00000000d3500000, 0x00000000d3600000, 0x00000000d3600000|100%| E|CS|TAMS 0x00000000d3500000, 0x00000000d3500000| Complete 
| 310|0x00000000d3600000, 0x00000000d3700000, 0x00000000d3700000|100%| E|CS|TAMS 0x00000000d3600000, 0x00000000d3600000| Complete 
| 311|0x00000000d3700000, 0x00000000d3800000, 0x00000000d3800000|100%| E|CS|TAMS 0x00000000d3700000, 0x00000000d3700000| Complete 
| 312|0x00000000d3800000, 0x00000000d3900000, 0x00000000d3900000|100%| E|CS|TAMS 0x00000000d3800000, 0x00000000d3800000| Complete 
| 313|0x00000000d3900000, 0x00000000d3a00000, 0x00000000d3a00000|100%| E|CS|TAMS 0x00000000d3900000, 0x00000000d3900000| Complete 
| 314|0x00000000d3a00000, 0x00000000d3b00000, 0x00000000d3b00000|100%| E|CS|TAMS 0x00000000d3a00000, 0x00000000d3a00000| Complete 
| 315|0x00000000d3b00000, 0x00000000d3c00000, 0x00000000d3c00000|100%| E|CS|TAMS 0x00000000d3b00000, 0x00000000d3b00000| Complete 
| 316|0x00000000d3c00000, 0x00000000d3d00000, 0x00000000d3d00000|100%| E|CS|TAMS 0x00000000d3c00000, 0x00000000d3c00000| Complete 

Card table byte_map: [0x00000000031f0000,0x00000000033f0000] _byte_map_base: 0x0000000002bf0000

Marking Bits (Prev, Next): (CMBitMap*) 0x0000000003481eb8, (CMBitMap*) 0x0000000003481e78
 Prev Bits: [0x000000001ba20000, 0x000000001ca20000)
 Next Bits: [0x000000001aa20000, 0x000000001ba20000)

Polling page: 0x0000000000190000

Metaspace:

Usage:
  Non-class:     99.42 MB capacity,    91.40 MB ( 92%) used,     7.79 MB (  8%) free+waste,   231.25 KB ( <1%) overhead. 
      Class:     14.48 MB capacity,    11.43 MB ( 79%) used,     2.93 MB ( 20%) free+waste,   120.06 KB ( <1%) overhead. 
       Both:    113.89 MB capacity,   102.83 MB ( 90%) used,    10.72 MB (  9%) free+waste,   351.31 KB ( <1%) overhead. 

Virtual space:
  Non-class space:      100.00 MB reserved,      99.42 MB (>99%) committed 
      Class space:        1.00 GB reserved,      14.50 MB (  1%) committed 
             Both:        1.10 GB reserved,     113.92 MB ( 10%) committed 

Chunk freelists:
   Non-Class:  640 bytes
       Class:  3.13 KB
        Both:  3.75 KB

CodeHeap 'non-profiled nmethods': size=120064Kb used=15458Kb max_used=15519Kb free=104605Kb
 bounds [0x00000000132e0000, 0x0000000014220000, 0x000000001a820000]
CodeHeap 'profiled nmethods': size=120000Kb used=41385Kb max_used=41385Kb free=78614Kb
 bounds [0x000000000bdb0000, 0x000000000e680000, 0x00000000132e0000]
CodeHeap 'non-nmethods': size=5696Kb used=1498Kb max_used=1549Kb free=4197Kb
 bounds [0x000000000b820000, 0x000000000ba90000, 0x000000000bdb0000]
 total_blobs=30557 nmethods=16397 adapters=896
 compilation: enabled
              stopped_count=0, restarted_count=0
 full_count=0

Compilation events (10 events):
Event: 8576.534 Thread 0x0000000020f6e000 22072       3       org.netbeans.core.windows.TopComponentTracker::isViewTopComponent (69 bytes)
Event: 8576.535 Thread 0x0000000020f6e000 nmethod 22072 0x000000000dee0f10 code [0x000000000dee1220, 0x000000000dee25a0]
Event: 8576.547 Thread 0x000000001f7f9800 nmethod 22071 0x0000000013c6b910 code [0x0000000013c6bb20, 0x0000000013c6c410]
Event: 8576.874 Thread 0x0000000020f6e000 22073   !   3       java.awt.LightweightDispatcher::eventDispatched (358 bytes)
Event: 8576.878 Thread 0x0000000020f6e000 nmethod 22073 0x000000000e679690 code [0x000000000e679b00, 0x000000000e67cf30]
Event: 8576.898 Thread 0x000000001f7f9800 22074   !   4       java.awt.DefaultKeyboardFocusManager::dispatchEvent (1616 bytes)
Event: 8577.042 Thread 0x000000001f7f9800 nmethod 22074 0x000000001420db90 code [0x000000001420e640, 0x00000000142147d8]
Event: 8577.519 Thread 0x000000001f7f9800 22075       4       java.awt.Container::processEvent (22 bytes)
Event: 8577.526 Thread 0x000000001f7f9800 nmethod 22075 0x0000000013b86d90 code [0x0000000013b87000, 0x0000000013b87500]
Event: 8577.562 Thread 0x000000001f7f9800 22076   !   4       org.openide.awt.HtmlRenderer::_renderHTML (2954 bytes)

GC Heap History (10 events):
Event: 8537.077 GC heap before
{Heap before GC invocations=114 (full 0):
 garbage-first heap   total 324608K, used 285383K [0x00000000c0000000, 0x0000000100000000)
  region size 1024K, 55 young (56320K), 5 survivors (5120K)
 Metaspace       used 104773K, capacity 116032K, committed 116144K, reserved 1150976K
  class space    used 11677K, capacity 14755K, committed 14848K, reserved 1048576K
}
Event: 8537.157 GC heap after
{Heap after GC invocations=115 (full 0):
 garbage-first heap   total 324608K, used 232759K [0x00000000c0000000, 0x0000000100000000)
  region size 1024K, 5 young (5120K), 5 survivors (5120K)
 Metaspace       used 104773K, capacity 116032K, committed 116144K, reserved 1150976K
  class space    used 11677K, capacity 14755K, committed 14848K, reserved 1048576K
}
Event: 8543.159 GC heap before
{Heap before GC invocations=115 (full 0):
 garbage-first heap   total 324608K, used 283959K [0x00000000c0000000, 0x0000000100000000)
  region size 1024K, 55 young (56320K), 5 survivors (5120K)
 Metaspace       used 104808K, capacity 116038K, committed 116144K, reserved 1150976K
  class space    used 11678K, capacity 14756K, committed 14848K, reserved 1048576K
}
Event: 8543.187 GC heap after
{Heap after GC invocations=116 (full 0):
 garbage-first heap   total 324608K, used 233222K [0x00000000c0000000, 0x0000000100000000)
  region size 1024K, 5 young (5120K), 5 survivors (5120K)
 Metaspace       used 104808K, capacity 116038K, committed 116144K, reserved 1150976K
  class space    used 11678K, capacity 14756K, committed 14848K, reserved 1048576K
}
Event: 8564.367 GC heap before
{Heap before GC invocations=116 (full 0):
 garbage-first heap   total 324608K, used 284422K [0x00000000c0000000, 0x0000000100000000)
  region size 1024K, 55 young (56320K), 5 survivors (5120K)
 Metaspace       used 104814K, capacity 116038K, committed 116144K, reserved 1150976K
  class space    used 11678K, capacity 14756K, committed 14848K, reserved 1048576K
}
Event: 8564.402 GC heap after
{Heap after GC invocations=117 (full 0):
 garbage-first heap   total 324608K, used 233087K [0x00000000c0000000, 0x0000000100000000)
  region size 1024K, 3 young (3072K), 3 survivors (3072K)
 Metaspace       used 104814K, capacity 116038K, committed 116144K, reserved 1150976K
  class space    used 11678K, capacity 14756K, committed 14848K, reserved 1048576K
}
Event: 8567.131 GC heap before
{Heap before GC invocations=117 (full 0):
 garbage-first heap   total 324608K, used 284287K [0x00000000c0000000, 0x0000000100000000)
  region size 1024K, 53 young (54272K), 3 survivors (3072K)
 Metaspace       used 104994K, capacity 116230K, committed 116400K, reserved 1150976K
  class space    used 11678K, capacity 14756K, committed 14848K, reserved 1048576K
}
Event: 8567.145 GC heap after
{Heap after GC invocations=118 (full 0):
 garbage-first heap   total 324608K, used 233886K [0x00000000c0000000, 0x0000000100000000)
  region size 1024K, 4 young (4096K), 4 survivors (4096K)
 Metaspace       used 104994K, capacity 116230K, committed 116400K, reserved 1150976K
  class space    used 11678K, capacity 14756K, committed 14848K, reserved 1048576K
}
Event: 8573.477 GC heap before
{Heap before GC invocations=118 (full 0):
 garbage-first heap   total 324608K, used 286110K [0x00000000c0000000, 0x0000000100000000)
  region size 1024K, 53 young (54272K), 4 survivors (4096K)
 Metaspace       used 105093K, capacity 116434K, committed 116656K, reserved 1150976K
  class space    used 11681K, capacity 14759K, committed 14848K, reserved 1048576K
}
Event: 8573.501 GC heap after
{Heap after GC invocations=119 (full 0):
 garbage-first heap   total 324608K, used 236381K [0x00000000c0000000, 0x0000000100000000)
  region size 1024K, 4 young (4096K), 4 survivors (4096K)
 Metaspace       used 105093K, capacity 116434K, committed 116656K, reserved 1150976K
  class space    used 11681K, capacity 14759K, committed 14848K, reserved 1048576K
}

Deoptimization events (10 events):
Event: 8575.229 Thread 0x000000002238d800 Uncommon trap: reason=class_check action=maybe_recompile pc=0x0000000013d1911c method=java.awt.ModalEventFilter.acceptEvent(Ljava/awt/AWTEvent;)Ljava/awt/EventFilter$FilterAction; @ 77 c2
Event: 8575.229 Thread 0x000000002238d800 Uncommon trap: reason=bimorphic_or_optimized_type_check action=maybe_recompile pc=0x000000001409d168 method=sun.awt.windows.WComponentPeer.handleEvent(Ljava/awt/AWTEvent;)V @ 29 c2
Event: 8575.230 Thread 0x000000002238d800 Uncommon trap: reason=bimorphic_or_optimized_type_check action=maybe_recompile pc=0x000000001409d168 method=sun.awt.windows.WComponentPeer.handleEvent(Ljava/awt/AWTEvent;)V @ 29 c2
Event: 8575.233 Thread 0x000000002238d800 Uncommon trap: reason=bimorphic_or_optimized_type_check action=maybe_recompile pc=0x000000001409d168 method=sun.awt.windows.WComponentPeer.handleEvent(Ljava/awt/AWTEvent;)V @ 29 c2
Event: 8575.237 Thread 0x000000002238d800 Uncommon trap: reason=bimorphic_or_optimized_type_check action=maybe_recompile pc=0x000000001409d168 method=sun.awt.windows.WComponentPeer.handleEvent(Ljava/awt/AWTEvent;)V @ 29 c2
Event: 8575.998 Thread 0x000000002238d800 Uncommon trap: reason=unstable_if action=reinterpret pc=0x0000000013d92918 method=java.awt.Window.isModalBlocked()Z @ 4 c2
Event: 8576.014 Thread 0x000000002238d800 Uncommon trap: reason=unstable_if action=reinterpret pc=0x0000000013fe62c8 method=java.awt.Container.dispatchEventImpl(Ljava/awt/AWTEvent;)V @ 26 c2
Event: 8576.082 Thread 0x000000002238d800 Uncommon trap: reason=unstable_if action=reinterpret pc=0x0000000013550cd4 method=java.lang.reflect.AccessibleObject.logIfExportedForIllegalAccess(Ljava/lang/Class;Ljava/lang/Class;)V @ 37 c2
Event: 8576.139 Thread 0x00000000285ed800 Uncommon trap: reason=unstable_if action=reinterpret pc=0x0000000013f20800 method=java.util.ArrayList.remove(Ljava/lang/Object;)Z @ 14 c2
Event: 8576.142 Thread 0x000000002238d800 Uncommon trap: reason=class_check action=maybe_recompile pc=0x00000000141fecac method=java.awt.DefaultKeyboardFocusManager.dispatchEvent(Ljava/awt/AWTEvent;)Z @ 490 c2

Classes redefined (0 events):
No events

Internal exceptions (10 events):
Event: 8360.537 Thread 0x000000002238d800 Implicit null exception at 0x0000000013559a36 to 0x0000000013559f5e
Event: 8460.914 Thread 0x000000002238d800 Exception <a 'java/io/IOException'{0x00000000d17671c0}> (0x00000000d17671c0) thrown at [t:/workspace/open/src/hotspot/share/prims/jni.cpp, line 615]
Event: 8460.914 Thread 0x000000002238d800 Exception <a 'java/io/IOException'{0x00000000d1767a50}> (0x00000000d1767a50) thrown at [t:/workspace/open/src/hotspot/share/prims/jni.cpp, line 615]
Event: 8460.914 Thread 0x000000002238d800 Exception <a 'java/io/IOException'{0x00000000d17682b0}> (0x00000000d17682b0) thrown at [t:/workspace/open/src/hotspot/share/prims/jni.cpp, line 615]
Event: 8462.714 Thread 0x000000002238d800 Implicit null exception at 0x0000000013ae749b to 0x0000000013ae8d02
Event: 8462.802 Thread 0x000000002238d800 Exception <a 'java/lang/NoSuchMethodError'{0x00000000d15cce10}: java.lang.invoke.DirectMethodHandle$Holder.invokeStatic(Ljava/lang/Object;ILjava/lang/Object;Ljava/lang/Object;)Ljava/lang/Object;> (0x00000000d15cce10) thrown at [t:/workspace/open/src/hotsp
Event: 8462.803 Thread 0x000000002238d800 Exception <a 'java/lang/NoSuchMethodError'{0x00000000d15d0d00}: java.lang.invoke.DirectMethodHandle$Holder.invokeSpecial(Ljava/lang/Object;Ljava/lang/Object;ILjava/lang/Object;Ljava/lang/Object;)Ljava/lang/Object;> (0x00000000d15d0d00) thrown at [t:/works
Event: 8462.803 Thread 0x000000002238d800 Exception <a 'java/lang/NoSuchMethodError'{0x00000000d15d4300}: java.lang.invoke.Invokers$Holder.linkToTargetMethod(ILjava/lang/Object;Ljava/lang/Object;Ljava/lang/Object;)Ljava/lang/Object;> (0x00000000d15d4300) thrown at [t:/workspace/open/src/hotspot/s
Event: 8536.143 Thread 0x000000002238d800 Implicit null exception at 0x0000000013e6e7bf to 0x0000000013e6ebc2
Event: 8572.303 Thread 0x0000000028bcb000 Implicit null exception at 0x0000000013c94ad7 to 0x0000000013c98c06

Events (10 events):
Event: 8576.142 Thread 0x000000002238d800 DEOPT PACKING pc=0x00000000141fecac sp=0x000000002666ece0
Event: 8576.142 Thread 0x000000002238d800 DEOPT UNPACKING pc=0x000000000b848da9 sp=0x000000002666ec98 mode 2
Event: 8576.252 Executing VM operation: RevokeBias
Event: 8576.253 Executing VM operation: RevokeBias done
Event: 8576.454 Executing VM operation: RevokeBias
Event: 8576.454 Executing VM operation: RevokeBias done
Event: 8576.560 loading class org/netbeans/modules/spellchecker/ComponentPeer
Event: 8576.560 loading class org/netbeans/modules/spellchecker/ComponentPeer done
Event: 8577.654 Executing VM operation: FindDeadlocks
Event: 8577.654 Executing VM operation: FindDeadlocks done


Dynamic libraries:
0x0000000000400000 - 0x000000000045e000 	C:\Program Files\NetBeans-11.3\netbeans\bin\netbeans64.exe
0x00007ff9a8320000 - 0x00007ff9a8510000 	C:\WINDOWS\SYSTEM32\ntdll.dll
0x00007ff9a6440000 - 0x00007ff9a64f2000 	C:\WINDOWS\System32\KERNEL32.DLL
0x00007ff9a6020000 - 0x00007ff9a62c4000 	C:\WINDOWS\System32\KERNELBASE.dll
0x00007ff9a74f0000 - 0x00007ff9a7593000 	C:\WINDOWS\System32\ADVAPI32.dll
0x00007ff9a8240000 - 0x00007ff9a82de000 	C:\WINDOWS\System32\msvcrt.dll
0x00007ff9a7910000 - 0x00007ff9a79a7000 	C:\WINDOWS\System32\sechost.dll
0x00007ff9a6570000 - 0x00007ff9a6690000 	C:\WINDOWS\System32\RPCRT4.dll
0x00007ff9a7b50000 - 0x00007ff9a8234000 	C:\WINDOWS\System32\SHELL32.dll
0x00007ff9a5d30000 - 0x00007ff9a5e2a000 	C:\WINDOWS\System32\ucrtbase.dll
0x00007ff9a5e30000 - 0x00007ff9a5e7a000 	C:\WINDOWS\System32\cfgmgr32.dll
0x00007ff9a7860000 - 0x00007ff9a7909000 	C:\WINDOWS\System32\shcore.dll
0x00007ff9a7120000 - 0x00007ff9a7456000 	C:\WINDOWS\System32\combase.dll
0x00007ff9a52b0000 - 0x00007ff9a5330000 	C:\WINDOWS\System32\bcryptPrimitives.dll
0x00007ff9a5460000 - 0x00007ff9a5bde000 	C:\WINDOWS\System32\windows.storage.dll
0x00007ff9a6330000 - 0x00007ff9a63ce000 	C:\WINDOWS\System32\msvcp_win.dll
0x00007ff9a51f0000 - 0x00007ff9a5213000 	C:\WINDOWS\System32\profapi.dll
0x00007ff9a5240000 - 0x00007ff9a528a000 	C:\WINDOWS\System32\powrprof.dll
0x00007ff9a51e0000 - 0x00007ff9a51f0000 	C:\WINDOWS\System32\UMPDC.dll
0x00007ff9a63d0000 - 0x00007ff9a6422000 	C:\WINDOWS\System32\shlwapi.dll
0x00007ff9a6e70000 - 0x00007ff9a6e96000 	C:\WINDOWS\System32\GDI32.dll
0x00007ff9a6300000 - 0x00007ff9a6321000 	C:\WINDOWS\System32\win32u.dll
0x00007ff9a5e80000 - 0x00007ff9a6014000 	C:\WINDOWS\System32\gdi32full.dll
0x00007ff9a6c70000 - 0x00007ff9a6e04000 	C:\WINDOWS\System32\USER32.dll
0x00007ff9a5290000 - 0x00007ff9a52a1000 	C:\WINDOWS\System32\kernel.appcore.dll
0x00007ff9a5440000 - 0x00007ff9a5457000 	C:\WINDOWS\System32\cryptsp.dll
0x00007ff9a6c40000 - 0x00007ff9a6c6e000 	C:\WINDOWS\System32\IMM32.DLL
0x0000000054d50000 - 0x0000000054da2000 	C:\Program Files\NetBeans-11.3\netbeans\platform\lib\nbexec64.dll
0x00007ff954a40000 - 0x00007ff9555b4000 	C:\Program Files\Java\jdk-12\bin\server\jvm.dll
0x00007ff9a7460000 - 0x00007ff9a7468000 	C:\WINDOWS\System32\PSAPI.DLL
0x00007ff999a60000 - 0x00007ff999a69000 	C:\WINDOWS\SYSTEM32\WSOCK32.dll
0x00007ff9a6500000 - 0x00007ff9a656f000 	C:\WINDOWS\System32\WS2_32.dll
0x00007ff9a2750000 - 0x00007ff9a2774000 	C:\WINDOWS\SYSTEM32\WINMM.dll
0x00007ff98c2e0000 - 0x00007ff98c2f6000 	C:\Program Files\Java\jdk-12\bin\VCRUNTIME140.dll
0x00007ff9a08e0000 - 0x00007ff9a08ea000 	C:\WINDOWS\SYSTEM32\VERSION.dll
0x00007ff9a2720000 - 0x00007ff9a274d000 	C:\WINDOWS\SYSTEM32\winmmbase.dll
0x00007ff9817b0000 - 0x00007ff9817eb000 	C:\Program Files\Java\jdk-12\bin\splashscreen.dll
0x00007ff9a1090000 - 0x00007ff9a1650000 	C:\WINDOWS\SYSTEM32\d2d1.dll
0x00007ff982a30000 - 0x00007ff982a56000 	C:\Program Files\Java\jdk-12\bin\java.dll
0x00007ff9873c0000 - 0x00007ff9873d1000 	C:\Program Files\Java\jdk-12\bin\verify.dll
0x00007ff9a4ca0000 - 0x00007ff9a4e94000 	C:\WINDOWS\SYSTEM32\DBGHELP.DLL
0x00007ff9a4880000 - 0x00007ff9a48aa000 	C:\WINDOWS\SYSTEM32\dbgcore.DLL
0x00007ff986270000 - 0x00007ff986287000 	C:\Program Files\Java\jdk-12\bin\zip.dll
0x00007ff993940000 - 0x00007ff99394a000 	C:\Program Files\Java\jdk-12\bin\jimage.dll
0x00007ff982350000 - 0x00007ff982369000 	C:\Program Files\Java\jdk-12\bin\net.dll
0x00007ff9996e0000 - 0x00007ff9997d0000 	C:\WINDOWS\SYSTEM32\WINHTTP.dll
0x00007ff998ab0000 - 0x00007ff998c86000 	C:\WINDOWS\SYSTEM32\urlmon.dll
0x00007ff99a770000 - 0x00007ff99aa16000 	C:\WINDOWS\SYSTEM32\iertutil.dll
0x00007ff9a47f0000 - 0x00007ff9a47fc000 	C:\WINDOWS\SYSTEM32\CRYPTBASE.DLL
0x00007ff9a4390000 - 0x00007ff9a43f7000 	C:\WINDOWS\system32\mswsock.dll
0x00007ff9821b0000 - 0x00007ff9821c3000 	C:\Program Files\Java\jdk-12\bin\nio.dll
0x00007ff9a40a0000 - 0x00007ff9a40da000 	C:\WINDOWS\SYSTEM32\IPHLPAPI.DLL
0x00007ff9a7a30000 - 0x00007ff9a7a38000 	C:\WINDOWS\System32\NSI.dll
0x00007ff99ba70000 - 0x00007ff99ba86000 	C:\WINDOWS\SYSTEM32\dhcpcsvc6.DLL
0x00007ff99ba20000 - 0x00007ff99ba3c000 	C:\WINDOWS\SYSTEM32\dhcpcsvc.DLL
0x00007ff9a40f0000 - 0x00007ff9a41bb000 	C:\WINDOWS\SYSTEM32\DNSAPI.dll
0x00007ff95e4e0000 - 0x00007ff95e67f000 	C:\Program Files\Java\jdk-12\bin\awt.dll
0x00007ff9a7050000 - 0x00007ff9a7114000 	C:\WINDOWS\System32\OLEAUT32.dll
0x00007ff95dba0000 - 0x00007ff95dc4a000 	C:\Program Files\Java\jdk-12\bin\MSVCP140.dll
0x00007ff9a2850000 - 0x00007ff9a28df000 	C:\WINDOWS\SYSTEM32\apphelp.dll
0x00007ff9a3ee0000 - 0x00007ff9a3f13000 	C:\WINDOWS\system32\rsaenh.dll
0x00007ff9a62d0000 - 0x00007ff9a62f6000 	C:\WINDOWS\System32\bcrypt.dll
0x00007ff9a5100000 - 0x00007ff9a5125000 	C:\WINDOWS\SYSTEM32\USERENV.dll
0x00007ff996040000 - 0x00007ff996056000 	C:\WINDOWS\system32\napinsp.dll
0x00007ff994870000 - 0x00007ff99488a000 	C:\WINDOWS\system32\pnrpnsp.dll
0x00007ff998a90000 - 0x00007ff998a9e000 	C:\WINDOWS\System32\winrnr.dll
0x00007ff99fe60000 - 0x00007ff99fe7c000 	C:\WINDOWS\system32\NLAapi.dll
0x00007ff994850000 - 0x00007ff994865000 	C:\WINDOWS\system32\wshbth.dll
0x00007ff998aa0000 - 0x00007ff998aaa000 	C:\Windows\System32\rasadhlp.dll
0x00007ff99b7b0000 - 0x00007ff99b827000 	C:\WINDOWS\System32\fwpuclnt.dll
0x00007ff9a2eb0000 - 0x00007ff9a2edd000 	C:\WINDOWS\system32\DWMAPI.DLL
0x00007ff9a2950000 - 0x00007ff9a29e9000 	C:\WINDOWS\system32\uxtheme.dll
0x00007ff95cd70000 - 0x00007ff95cec6000 	C:\WINDOWS\system32\opengl32.dll
0x00007ff981470000 - 0x00007ff98149c000 	C:\WINDOWS\SYSTEM32\GLU32.dll
0x00007ff9a37e0000 - 0x00007ff9a3800000 	C:\WINDOWS\SYSTEM32\dxcore.dll
0x00007ff9a4400000 - 0x00007ff9a4684000 	C:\WINDOWS\WinSxS\amd64_microsoft.windows.common-controls_6595b64144ccf1df_6.0.18362.836_none_e6c4b943130f18ed\COMCTL32.dll
0x00007ff9a75a0000 - 0x00007ff9a76d6000 	C:\WINDOWS\System32\MSCTF.dll
0x00007ff9a7700000 - 0x00007ff9a7857000 	C:\WINDOWS\System32\ole32.dll
0x00007ff9686f0000 - 0x00007ff968770000 	C:\Program Files\Java\jdk-12\bin\freetype.dll
0x00007ff964170000 - 0x00007ff9641df000 	C:\Program Files\Java\jdk-12\bin\fontmanager.dll
0x00007ff998230000 - 0x00007ff9982ce000 	C:\WINDOWS\System32\TextInputFramework.dll
0x00007ff99f900000 - 0x00007ff99fc2a000 	C:\WINDOWS\System32\CoreUIComponents.dll
0x00007ff9a1ef0000 - 0x00007ff9a1fc4000 	C:\WINDOWS\System32\CoreMessaging.dll
0x00007ff9a4c60000 - 0x00007ff9a4c91000 	C:\WINDOWS\SYSTEM32\ntmarta.dll
0x00007ff99f730000 - 0x00007ff99f883000 	C:\WINDOWS\SYSTEM32\wintypes.dll
0x00007ff96e260000 - 0x00007ff96e2a1000 	C:\Users\rossa\AppData\Local\Temp\jna-108702372\jna3038996144158545285.dll
0x00007ff9a0310000 - 0x00007ff9a03b9000 	C:\WINDOWS\WinSxS\amd64_microsoft.windows.common-controls_6595b64144ccf1df_5.82.18362.836_none_2a2600ea466b531c\comctl32.dll
0x00007ff992d30000 - 0x00007ff992d39000 	C:\Program Files\Java\jdk-12\bin\management.dll
0x00007ff98e000000 - 0x00007ff98e00c000 	C:\Program Files\Java\jdk-12\bin\management_ext.dll
0x00007ff9a7a40000 - 0x00007ff9a7ae2000 	C:\WINDOWS\System32\clbcatq.dll
0x00007ff99f580000 - 0x00007ff99f72f000 	C:\WINDOWS\SYSTEM32\WindowsCodecs.dll
0x00007ff98ac40000 - 0x00007ff98ac7a000 	C:\WINDOWS\system32\dataexchange.dll
0x00007ff9a1ab0000 - 0x00007ff9a1d0b000 	C:\WINDOWS\system32\d3d11.dll
0x00007ff9a1d10000 - 0x00007ff9a1eec000 	C:\WINDOWS\system32\dcomp.dll
0x00007ff9a3870000 - 0x00007ff9a395b000 	C:\WINDOWS\system32\dxgi.dll
0x00007ff9a2a30000 - 0x00007ff9a2c91000 	C:\WINDOWS\system32\twinapi.appcore.dll
0x00007ff9a2d70000 - 0x00007ff9a2d99000 	C:\WINDOWS\system32\RMCLIENT.dll
0x000000006d4c0000 - 0x000000006d4ff000 	C:\Program Files\NetBeans-11.3\netbeans\ide\modules\lib\extbrowser64.dll
0x00007ff9a2470000 - 0x00007ff9a2560000 	C:\WINDOWS\system32\propsys.dll
0x00007ff98ffa0000 - 0x00007ff98ffb6000 	C:\WINDOWS\system32\NetworkExplorer.dll
0x00007ff987e20000 - 0x00007ff987e7e000 	C:\Windows\System32\thumbcache.dll
0x00007ff99de90000 - 0x00007ff99df16000 	C:\WINDOWS\SYSTEM32\policymanager.dll
0x00007ff9a25c0000 - 0x00007ff9a264a000 	C:\WINDOWS\SYSTEM32\msvcp110_win.dll
0x00007ff987050000 - 0x00007ff98705d000 	C:\WINDOWS\SYSTEM32\LINKINFO.dll
0x00007ff98ce40000 - 0x00007ff98ce5b000 	C:\WINDOWS\SYSTEM32\MPR.dll
0x00007ff9a4900000 - 0x00007ff9a490b000 	C:\WINDOWS\System32\drprov.dll
0x00007ff9a4fd0000 - 0x00007ff9a5026000 	C:\WINDOWS\System32\WINSTA.dll
0x00007ff9a48e0000 - 0x00007ff9a48f5000 	C:\WINDOWS\System32\ntlanman.dll
0x00007ff9a48c0000 - 0x00007ff9a48dd000 	C:\WINDOWS\System32\davclnt.dll
0x00007ff9a48b0000 - 0x00007ff9a48bc000 	C:\WINDOWS\System32\DAVHLPR.dll
0x00007ff9a4050000 - 0x00007ff9a4067000 	C:\WINDOWS\System32\wkscli.dll
0x00007ff988f80000 - 0x00007ff988f92000 	C:\WINDOWS\SYSTEM32\cscapi.dll
0x00007ff9a40e0000 - 0x00007ff9a40ec000 	C:\WINDOWS\System32\netutils.dll
0x00007ff9821d0000 - 0x00007ff982223000 	C:\Windows\System32\dlnashext.dll
0x00007ff953ca0000 - 0x00007ff953d04000 	C:\Windows\System32\PlayToDevice.dll
0x00007ff993500000 - 0x00007ff993520000 	C:\Windows\System32\DevDispItemProvider.dll
0x00007ff99d1f0000 - 0x00007ff99d262000 	C:\WINDOWS\System32\MMDevApi.dll
0x00007ff9a4f80000 - 0x00007ff9a4faa000 	C:\WINDOWS\System32\DEVOBJ.dll
0x00007ff953ad0000 - 0x00007ff953b6b000 	C:\WINDOWS\system32\wpdshext.dll
0x00007ff9a03c0000 - 0x00007ff9a0563000 	C:\WINDOWS\WinSxS\amd64_microsoft.windows.gdiplus_6595b64144ccf1df_1.1.18362.836_none_17afac286da192bb\gdiplus.dll
0x00007ff9a0d70000 - 0x00007ff9a0e0e000 	C:\Windows\System32\PortableDeviceApi.dll
0x00007ff9a6760000 - 0x00007ff9a6bd0000 	C:\WINDOWS\System32\SETUPAPI.dll
0x00007ff9a53e0000 - 0x00007ff9a543c000 	C:\WINDOWS\System32\WINTRUST.dll
0x00007ff9a5220000 - 0x00007ff9a5232000 	C:\WINDOWS\System32\MSASN1.dll
0x00007ff9a5be0000 - 0x00007ff9a5d29000 	C:\WINDOWS\System32\CRYPT32.dll
0x00007ff99eb30000 - 0x00007ff99eb60000 	C:\Windows\System32\PortableDeviceTypes.dll
0x00007ff986c10000 - 0x00007ff986c47000 	C:\Windows\System32\EhStorShell.dll
0x00007ff953aa0000 - 0x00007ff953ac5000 	C:\Windows\System32\EhStorAPI.dll

dbghelp: loaded successfully - version: 4.0.5 - missing functions: none
symbol engine: initialized successfully - sym options: 0x614 - pdb path: .;C:\Program Files\NetBeans-11.3\netbeans\bin;C:\WINDOWS\SYSTEM32;C:\Program Files\NetBeans-11.3\netbeans\platform\lib;C:\Program Files\Java\jdk-12\bin\server;C:\Program Files\Java\jdk-12\bin;C:\WINDOWS\WinSxS\amd64_microsoft.windows.common-controls_6595b64144ccf1df_6.0.18362.836_none_e6c4b943130f18ed;C:\Users\rossa\AppData\Local\Temp\jna-108702372;C:\WINDOWS\WinSxS\amd64_microsoft.windows.common-controls_6595b64144ccf1df_5.82.18362.836_none_2a2600ea466b531c;C:\Program Files\NetBeans-11.3\netbeans\ide\modules\lib;C:\WINDOWS\WinSxS\amd64_microsoft.windows.gdiplus_6595b64144ccf1df_1.1.18362.836_none_17afac286da192bb

VM Arguments:
jvm_args: -Dnetbeans.importclass=org.netbeans.upgrade.AutoUpgrade -XX:+UseStringDeduplication -Djdk.lang.Process.allowAmbiguousCommands=true -Xss2m -Djdk.gtk.version=2.2 -Dapple.laf.useScreenMenuBar=true -Dapple.awt.graphics.UseQuartz=true -Dsun.java2d.noddraw=true -Dsun.java2d.dpiaware=true -Dsun.zip.disableMemoryMapping=true -Dplugin.manager.check.updates=false -Dnetbeans.extbrowser.manual_chrome_plugin_install=yes --add-opens=java.base/java.net=ALL-UNNAMED --add-opens=java.base/java.lang.ref=ALL-UNNAMED --add-opens=java.base/java.lang=ALL-UNNAMED --add-opens=java.base/java.security=ALL-UNNAMED --add-opens=java.base/java.util=ALL-UNNAMED --add-opens=java.desktop/javax.swing.plaf.basic=ALL-UNNAMED --add-opens=java.desktop/javax.swing.text=ALL-UNNAMED --add-opens=java.desktop/javax.swing=ALL-UNNAMED --add-opens=java.desktop/java.awt=ALL-UNNAMED --add-opens=java.desktop/java.awt.event=ALL-UNNAMED --add-opens=java.prefs/java.util.prefs=ALL-UNNAMED --add-opens=jdk.jshell/jdk.jshell=ALL-UNNAMED --add-modules=jdk.jshell --add-exports=java.desktop/sun.awt=ALL-UNNAMED --add-exports=java.desktop/java.awt.peer=ALL-UNNAMED --add-exports=java.desktop/com.sun.beans.editors=ALL-UNNAMED --add-exports=java.desktop/sun.swing=ALL-UNNAMED --add-exports=java.desktop/sun.awt.im=ALL-UNNAMED --add-exports=jdk.internal.jvmstat/sun.jvmstat.monitor=ALL-UNNAMED --add-exports=java.management/sun.management=ALL-UNNAMED --add-exports=java.base/sun.reflect.annotation=ALL-UNNAMED -XX:+IgnoreUnrecognizedVMOptions -Djdk.home=C:\Program Files\Java\jdk-12 -Dnetbeans.home=C:\Program Files\NetBeans-11.3\netbeans\platform -Dnetbeans.user=C:\Users\rossa\AppData\Roaming\NetBeans\11.3 -Dnetbeans.default_userdir_root=C:\Users\rossa\AppData\Roaming\NetBeans -XX:+HeapDumpOnOutOfMemoryError -XX:HeapDumpPath=C:\Users\rossa\AppData\Roaming\NetBeans\11.3\var\log\heapdump.hprof -Dsun.awt.keepWorkingSetOnMinimize=true -Dnetbeans.dirs=C:\Program Files\NetBeans-11.3\netbeans\nb;C:\Program Files\NetBeans-11.3\netbeans\ergonomics;C:\Program Files\NetBeans-11.3\netbeans\ide;C:\Program Files\NetBeans-11.3\netbeans\extide;C:\Program Files\NetBeans-11.3\netbeans\java;C:\Program Files\NetBeans-11.3\netbeans\apisupport;C:\Program Files\NetBeans-11.3\netbeans\webcommon;C:\Program Files\NetBeans-11.3\netbeans\websvccommon;C:\Program Files\NetBeans-11.3\netbeans\enterprise;C:\Program Files\NetBeans-11.3\netbeans\mobility;C:\Program Files\NetBeans-11.3\netbeans\profiler;C:\Program Files\NetBeans-11.3\netbeans\python;C:\Program Files\NetBeans-11.3\netbeans\php;C:\Program Files\NetBeans-11.3\netbeans\identity;C:\Program Files\NetBeans-11.3\netbeans\harness;C:\Program Files\NetBeans-11.3\netbeans\cnd;C:\Program Files\NetBeans-11.3\netbeans\cndext;C:\Program Files\NetBeans-11.3\netbeans\dlight;C:\Program Files\NetBeans-11.3\netbeans\groovy;C:\Program Files\NetBeans-11.3\netbeans\extra;C:\Program Files\NetBeans-11.3\netbeans\javacard;C:\Program Files\NetBeans-11.3\netbeans\javafx exit 
java_command: <unknown>
java_class_path (initial): C:\Program Files\NetBeans-11.3\netbeans\platform\lib\boot.jar;C:\Program Files\NetBeans-11.3\netbeans\platform\lib\org-openide-modules.jar;C:\Program Files\NetBeans-11.3\netbeans\platform\lib\org-openide-util-lookup.jar;C:\Program Files\NetBeans-11.3\netbeans\platform\lib\org-openide-util-ui.jar;C:\Program Files\NetBeans-11.3\netbeans\platform\lib\org-openide-util.jar
Launcher Type: generic

[Global flags]
     intx CICompilerCount                          = 2                                         {product} {ergonomic}
     uint ConcGCThreads                            = 1                                         {product} {ergonomic}
     uint G1ConcRefinementThreads                  = 2                                         {product} {ergonomic}
   size_t G1HeapRegionSize                         = 1048576                                   {product} {ergonomic}
    uintx GCDrainStackTargetSize                   = 64                                        {product} {ergonomic}
     bool HeapDumpOnOutOfMemoryError               = true                                   {manageable} {command line}
    ccstr HeapDumpPath                             = C:\Users\rossa\AppData\Roaming\NetBeans\11.3\var\log\heapdump.hprof         {manageable} {command line}
     bool IgnoreUnrecognizedVMOptions              = true                                      {product} {command line}
   size_t InitialHeapSize                          = 67108864                                  {product} {ergonomic}
   size_t MarkStackSize                            = 4194304                                   {product} {ergonomic}
   size_t MaxHeapSize                              = 1073741824                                {product} {ergonomic}
   size_t MaxNewSize                               = 643825664                                 {product} {ergonomic}
   size_t MinHeapDeltaBytes                        = 1048576                                   {product} {ergonomic}
    uintx NonNMethodCodeHeapSize                   = 5825164                                {pd product} {ergonomic}
    uintx NonProfiledCodeHeapSize                  = 122916538                              {pd product} {ergonomic}
    uintx ProfiledCodeHeapSize                     = 122916538                              {pd product} {ergonomic}
    uintx ReservedCodeCacheSize                    = 251658240                              {pd product} {ergonomic}
     bool SegmentedCodeCache                       = true                                      {product} {ergonomic}
     intx ThreadStackSize                          = 2048                                   {pd product} {command line}
     bool UseCompressedClassPointers               = true                                 {lp64_product} {ergonomic}
     bool UseCompressedOops                        = true                                 {lp64_product} {ergonomic}
     bool UseG1GC                                  = true                                      {product} {ergonomic}
     bool UseLargePagesIndividualAllocation        = false                                  {pd product} {ergonomic}
     bool UseStringDeduplication                   = true                                      {product} {command line}

Logging:
Log output configuration:
 #0: stdout all=warning uptime,level,tags
 #1: stderr all=off uptime,level,tags

Environment Variables:
PATH=C:\WINDOWS\system32;C:\WINDOWS;C:\WINDOWS\System32\Wbem;C:\WINDOWS\System32\WindowsPowerShell\v1.0\;C:\WINDOWS\System32\OpenSSH\;C:\Program Files\Git\cmd;C:\Program Files\nodejs\;C:\Users\rossa\AppData\Roaming\npm;C:\Users\rossa\AppData\Local\Microsoft\WindowsApps;C:\Users\rossa\AppData\Local\ComposerSetup\bin;C:\Users\rossa\AppData\Roaming\Composer\vendor\bin;C:\wamp64\bin\php\php7.4.4;C:\wamp64\bin\mysql\mysql5.7.29\bin;C:\Users\rossa\AppData\Local\GitHubDesktop\bin;C:\Users\rossa\AppData\Roaming\npm
USERNAME=rossa
OS=Windows_NT
PROCESSOR_IDENTIFIER=Intel64 Family 6 Model 23 Stepping 10, GenuineIntel



---------------  S Y S T E M  ---------------

OS: Windows 10 , 64 bit Build 18362 (10.0.18362.778)

CPU:total 2 (initial active 2) (2 cores per cpu, 1 threads per core) family 6 model 23 stepping 10, cmov, cx8, fxsr, mmx, sse, sse2, sse3, ssse3, sse4.1, tsc

Memory: 4k page, system-wide physical 4095M (1073M free)
TotalPageFile size 8703M (AvailPageFile size 3037M)
current process WorkingSet (physical memory assigned to process): 411M, peak: 606M
current process commit charge ("private bytes"): 696M, peak: 712M

vm_info: Java HotSpot(TM) 64-Bit Server VM (12+33) for windows-amd64 JRE (12+33), built on Feb 21 2019 02:31:50 by "mach5one" with MS VC++ 15.5 (VS2017)

END.
